<html xmlns:math="http://exslt.org/math" xmlns:testng="http://testng.org">
   <head>
      <title>TestNG Results</title>
      <meta http-equiv="content-type" content="text/html; charset=utf-8"></meta>
      <meta http-equiv="pragma" content="no-cache"></meta>
      <meta http-equiv="cache-control" content="max-age=0"></meta>
      <meta http-equiv="cache-control" content="no-cache"></meta>
      <meta http-equiv="cache-control" content="no-store"></meta>
      <LINK rel="stylesheet" href="style.css"></LINK>
      <script type="text/javascript" src="main.js"></script>
   </head>
   <body>
      <table width="100%" style="font-size: 16px; margin-bottom: 10px;" cellspacing="1">
         <tr>
            <td width="100%">
               All methods in suite
               
               <b>SuiteName</b>
            </td>
            <td style="background-color: #FFBBBB; padding: 3px 3px 3px 0;" align="center">
               <div style="width: 50px;">0</div>
            </td>
            <td style="background-color: lightgreen; padding: 3px 3px 3px 0;" align="center">
               <div style="width: 50px;">6</div>
            </td>
            <td style="background-color: #FFFFBB; padding: 3px 3px 3px 0;" align="center">
               <div style="width: 50px;">7</div>
            </td>
            <td align="center" style="background-color: #eaf0f7; padding: 3px 3px 3px 0;">
               <div style="width: 50px;">13</div>
            </td>
            <td align="center"
                style="font-weight: bold; background-color: #eaf0f7; padding: 3px 3px 3px 0;">
               <div style="width: 50px;">46%</div>
            </td>
            <td style="background-color: #eaf0f7; padding: 3px 3px 3px 0;" align="center"
                nowrap="true">3m
               16s
               
            </td>
         </tr>
      </table>
      <div style="width: 200px;">
         <label for="groupMethodsCheckBox" style="font-weight: bold; margin: 0;">
            <input id="groupMethodsCheckBox" type="checkbox" onclick="switchTestMethodsView(this)"></input>
            Group by class
            
         </label>
         <br></br>
         <label for="methodsFilter_ALL" style="font-weight: bold; margin: 0;">
            <input id="methodsFilter_ALL" type="checkbox"
                   onclick="testMethodsFilterChanged(this, 'ALL')"></input>
            All
            
         </label>
      </div>
      <label for="methodsFilter_FAIL" style="margin-left: 20px;">
         <input id="methodsFilter_FAIL" type="checkbox"
                onclick="testMethodsFilterChanged(this, 'FAIL')"
                checked=""></input>
         Failed
         
      </label>
      <label for="methodsFilter_PASS">
         <input id="methodsFilter_PASS" type="checkbox"
                onclick="testMethodsFilterChanged(this, 'PASS')"
                checked=""></input>
         Passed
         
      </label>
      <label for="methodsFilter_SKIP">
         <input id="methodsFilter_SKIP" type="checkbox"
                onclick="testMethodsFilterChanged(this, 'SKIP')"
                checked=""></input>
         Skipped
         
      </label>
      <label for="methodsFilter_CONF">
         <input id="methodsFilter_CONF" type="checkbox"
                onclick="testMethodsFilterChanged(this, 'CONF')"></input>
         Config
         
      </label>
      <br></br>
      <div id="testMethodsByStatus">
         <table class="testMethodsTable" cellpadding="0" cellspacing="0">
            <tr class="methodsTableHeader">
               <td width="100%">Name</td>
               <td nowrap="true">Started</td>
               <td nowrap="true">Duration</td>
               <td>Exception</td>
            </tr>
            <tr id="com.datadriven.zoho.project.testcases.LoginTest_init_byStatus_passed_PASS1_row"
                class="testMethodStatusPASS testMethodStatusCONF">
               <td width="100%" class="firstMethodCell">
                  <a onclick="toggleDetailsVisibility('com.datadriven.zoho.project.testcases.LoginTest_init_byStatus_passed_PASS1_details')">init()</a>
               </td>
               <td nowrap="true">18:17:32</td>
               <td nowrap="true" align="right">7 ms
                  
               </td>
               <td nowrap="true">
                   
                  
               </td>
            </tr>
            <tr>
               <td colspan="4" class="detailsBox">
                  <div id="com.datadriven.zoho.project.testcases.LoginTest_init_byStatus_passed_PASS1_details"
                       class="testMethodDetails">
                     <div>
                        <b>Name: </b>init
                     </div>
                     <div>
                        <b>Signature: </b>init()[pri:0, instance:com.datadriven.zoho.project.testcases.LoginTest@528931cf]
                     </div>
                     <div>
                        <b>Start time: </b>18:17:32
                     </div>
                     <div>
                        <b>End time: </b>18:17:32
                     </div>
                     <div>
                        <b>Duration: </b>7 ms
                        
                     </div>
                  </div>
               </td>
            </tr>
            <tr></tr>
            <tr id="com.datadriven.zoho.project.testcases.LoginTest_doLoginTest_byStatus_passed_PASS2_row"
                class="testMethodStatusPASS">
               <td width="100%" class="firstMethodCell">
                  <a onclick="toggleDetailsVisibility('com.datadriven.zoho.project.testcases.LoginTest_doLoginTest_byStatus_passed_PASS2_details')">doLoginTest({Username=its.thakur@gmail.com, ExpectedResult=Y, Password=pass@1234, Runmode=Y, Browser=Mozilla})</a>
               </td>
               <td nowrap="true">18:17:32</td>
               <td nowrap="true" align="right">21s
                  
               </td>
               <td nowrap="true">
                   
                  
               </td>
            </tr>
            <tr>
               <td colspan="4" class="detailsBox">
                  <div id="com.datadriven.zoho.project.testcases.LoginTest_doLoginTest_byStatus_passed_PASS2_details"
                       class="testMethodDetails">
                     <div>
                        <b>Name: </b>doLoginTest
                     </div>
                     <div>
                        <b>Signature: </b>doLoginTest(java.util.Hashtable)[pri:0, instance:com.datadriven.zoho.project.testcases.LoginTest@528931cf]
                     </div>
                     <div>
                        <b>Parameters: </b>
                        
                        {Username=its.thakur@gmail.com, ExpectedResult=Y, Password=pass@1234, Runmode=Y, Browser=Mozilla}
                        
                        
                     </div>
                     <div>
                        <b>Start time: </b>18:17:32
                     </div>
                     <div>
                        <b>End time: </b>18:17:54
                     </div>
                     <div>
                        <b>Duration: </b>21s
                        
                     </div>
                  </div>
               </td>
            </tr>
            <tr></tr>
            <tr id="com.datadriven.zoho.project.testcases.LoginTest_aftertest_byStatus_passed_PASS3_row"
                class="testMethodStatusPASS testMethodStatusCONF">
               <td width="100%" class="firstMethodCell">
                  <a onclick="toggleDetailsVisibility('com.datadriven.zoho.project.testcases.LoginTest_aftertest_byStatus_passed_PASS3_details')">aftertest()</a>
               </td>
               <td nowrap="true">18:17:54</td>
               <td nowrap="true" align="right">1s
                  
               </td>
               <td nowrap="true">
                   
                  
               </td>
            </tr>
            <tr>
               <td colspan="4" class="detailsBox">
                  <div id="com.datadriven.zoho.project.testcases.LoginTest_aftertest_byStatus_passed_PASS3_details"
                       class="testMethodDetails">
                     <div>
                        <b>Name: </b>aftertest
                     </div>
                     <div>
                        <b>Signature: </b>aftertest()[pri:0, instance:com.datadriven.zoho.project.testcases.LoginTest@528931cf]
                     </div>
                     <div>
                        <b>Start time: </b>18:17:54
                     </div>
                     <div>
                        <b>End time: </b>18:17:55
                     </div>
                     <div>
                        <b>Duration: </b>1s
                        
                     </div>
                  </div>
               </td>
            </tr>
            <tr></tr>
            <tr id="com.datadriven.zoho.project.testcases.LoginTest_init_byStatus_passed_PASS4_row"
                class="testMethodStatusPASS testMethodStatusCONF">
               <td width="100%" class="firstMethodCell">
                  <a onclick="toggleDetailsVisibility('com.datadriven.zoho.project.testcases.LoginTest_init_byStatus_passed_PASS4_details')">init()</a>
               </td>
               <td nowrap="true">18:17:55</td>
               <td nowrap="true" align="right">1 ms
                  
               </td>
               <td nowrap="true">
                   
                  
               </td>
            </tr>
            <tr>
               <td colspan="4" class="detailsBox">
                  <div id="com.datadriven.zoho.project.testcases.LoginTest_init_byStatus_passed_PASS4_details"
                       class="testMethodDetails">
                     <div>
                        <b>Name: </b>init
                     </div>
                     <div>
                        <b>Signature: </b>init()[pri:0, instance:com.datadriven.zoho.project.testcases.LoginTest@528931cf]
                     </div>
                     <div>
                        <b>Start time: </b>18:17:55
                     </div>
                     <div>
                        <b>End time: </b>18:17:55
                     </div>
                     <div>
                        <b>Duration: </b>1 ms
                        
                     </div>
                  </div>
               </td>
            </tr>
            <tr></tr>
            <tr id="com.datadriven.zoho.project.testcases.LoginTest_aftertest_byStatus_passed_PASS5_row"
                class="testMethodStatusPASS testMethodStatusCONF">
               <td width="100%" class="firstMethodCell">
                  <a onclick="toggleDetailsVisibility('com.datadriven.zoho.project.testcases.LoginTest_aftertest_byStatus_passed_PASS5_details')">aftertest()</a>
               </td>
               <td nowrap="true">18:17:55</td>
               <td nowrap="true" align="right">116 ms
                  
               </td>
               <td nowrap="true">
                   
                  
               </td>
            </tr>
            <tr>
               <td colspan="4" class="detailsBox">
                  <div id="com.datadriven.zoho.project.testcases.LoginTest_aftertest_byStatus_passed_PASS5_details"
                       class="testMethodDetails">
                     <div>
                        <b>Name: </b>aftertest
                     </div>
                     <div>
                        <b>Signature: </b>aftertest()[pri:0, instance:com.datadriven.zoho.project.testcases.LoginTest@528931cf]
                     </div>
                     <div>
                        <b>Start time: </b>18:17:55
                     </div>
                     <div>
                        <b>End time: </b>18:17:55
                     </div>
                     <div>
                        <b>Duration: </b>116 ms
                        
                     </div>
                  </div>
               </td>
            </tr>
            <tr></tr>
            <tr id="com.datadriven.zoho.project.testcases.LeadTest_init_byStatus_passed_PASS6_row"
                class="testMethodStatusPASS testMethodStatusCONF">
               <td width="100%" class="firstMethodCell">
                  <a onclick="toggleDetailsVisibility('com.datadriven.zoho.project.testcases.LeadTest_init_byStatus_passed_PASS6_details')">init()</a>
               </td>
               <td nowrap="true">18:17:55</td>
               <td nowrap="true" align="right">7 ms
                  
               </td>
               <td nowrap="true">
                   
                  
               </td>
            </tr>
            <tr>
               <td colspan="4" class="detailsBox">
                  <div id="com.datadriven.zoho.project.testcases.LeadTest_init_byStatus_passed_PASS6_details"
                       class="testMethodDetails">
                     <div>
                        <b>Name: </b>init
                     </div>
                     <div>
                        <b>Signature: </b>init()[pri:0, instance:com.datadriven.zoho.project.testcases.LeadTest@467aecef]
                     </div>
                     <div>
                        <b>Start time: </b>18:17:55
                     </div>
                     <div>
                        <b>End time: </b>18:17:55
                     </div>
                     <div>
                        <b>Duration: </b>7 ms
                        
                     </div>
                  </div>
               </td>
            </tr>
            <tr></tr>
            <tr id="com.datadriven.zoho.project.testcases.LeadTest_createLeadtest_byStatus_passed_PASS7_row"
                class="testMethodStatusPASS">
               <td width="100%" class="firstMethodCell">
                  <a onclick="toggleDetailsVisibility('com.datadriven.zoho.project.testcases.LeadTest_createLeadtest_byStatus_passed_PASS7_details')">createLeadtest({LeadLastName=Wilson, Runmode=Y, LeadCompany=Samsung, Browser=Mozilla})</a>
               </td>
               <td nowrap="true">18:17:55</td>
               <td nowrap="true" align="right">45s
                  
               </td>
               <td nowrap="true">
                   
                  
               </td>
            </tr>
            <tr>
               <td colspan="4" class="detailsBox">
                  <div id="com.datadriven.zoho.project.testcases.LeadTest_createLeadtest_byStatus_passed_PASS7_details"
                       class="testMethodDetails">
                     <div>
                        <b>Name: </b>createLeadtest
                     </div>
                     <div>
                        <b>Signature: </b>createLeadtest(java.util.Hashtable)[pri:1, instance:com.datadriven.zoho.project.testcases.LeadTest@467aecef]
                     </div>
                     <div>
                        <b>Parameters: </b>
                        
                        {LeadLastName=Wilson, Runmode=Y, LeadCompany=Samsung, Browser=Mozilla}
                        
                        
                     </div>
                     <div>
                        <b>Start time: </b>18:17:55
                     </div>
                     <div>
                        <b>End time: </b>18:18:40
                     </div>
                     <div>
                        <b>Duration: </b>45s
                        
                     </div>
                  </div>
               </td>
            </tr>
            <tr></tr>
            <tr id="com.datadriven.zoho.project.testcases.LeadTest_aftertest_byStatus_passed_PASS8_row"
                class="testMethodStatusPASS testMethodStatusCONF">
               <td width="100%" class="firstMethodCell">
                  <a onclick="toggleDetailsVisibility('com.datadriven.zoho.project.testcases.LeadTest_aftertest_byStatus_passed_PASS8_details')">aftertest()</a>
               </td>
               <td nowrap="true">18:18:40</td>
               <td nowrap="true" align="right">705 ms
                  
               </td>
               <td nowrap="true">
                   
                  
               </td>
            </tr>
            <tr>
               <td colspan="4" class="detailsBox">
                  <div id="com.datadriven.zoho.project.testcases.LeadTest_aftertest_byStatus_passed_PASS8_details"
                       class="testMethodDetails">
                     <div>
                        <b>Name: </b>aftertest
                     </div>
                     <div>
                        <b>Signature: </b>aftertest()[pri:0, instance:com.datadriven.zoho.project.testcases.LeadTest@467aecef]
                     </div>
                     <div>
                        <b>Start time: </b>18:18:40
                     </div>
                     <div>
                        <b>End time: </b>18:18:41
                     </div>
                     <div>
                        <b>Duration: </b>705 ms
                        
                     </div>
                  </div>
               </td>
            </tr>
            <tr></tr>
            <tr id="com.datadriven.zoho.project.testcases.LeadTest_init_byStatus_passed_PASS9_row"
                class="testMethodStatusPASS testMethodStatusCONF">
               <td width="100%" class="firstMethodCell">
                  <a onclick="toggleDetailsVisibility('com.datadriven.zoho.project.testcases.LeadTest_init_byStatus_passed_PASS9_details')">init()</a>
               </td>
               <td nowrap="true">18:18:41</td>
               <td nowrap="true" align="right">0 ms
                  
               </td>
               <td nowrap="true">
                   
                  
               </td>
            </tr>
            <tr>
               <td colspan="4" class="detailsBox">
                  <div id="com.datadriven.zoho.project.testcases.LeadTest_init_byStatus_passed_PASS9_details"
                       class="testMethodDetails">
                     <div>
                        <b>Name: </b>init
                     </div>
                     <div>
                        <b>Signature: </b>init()[pri:0, instance:com.datadriven.zoho.project.testcases.LeadTest@467aecef]
                     </div>
                     <div>
                        <b>Start time: </b>18:18:41
                     </div>
                     <div>
                        <b>End time: </b>18:18:41
                     </div>
                     <div>
                        <b>Duration: </b>0 ms
                        
                     </div>
                  </div>
               </td>
            </tr>
            <tr></tr>
            <tr id="com.datadriven.zoho.project.testcases.LeadTest_aftertest_byStatus_passed_PASS10_row"
                class="testMethodStatusPASS testMethodStatusCONF">
               <td width="100%" class="firstMethodCell">
                  <a onclick="toggleDetailsVisibility('com.datadriven.zoho.project.testcases.LeadTest_aftertest_byStatus_passed_PASS10_details')">aftertest()</a>
               </td>
               <td nowrap="true">18:18:41</td>
               <td nowrap="true" align="right">57 ms
                  
               </td>
               <td nowrap="true">
                   
                  
               </td>
            </tr>
            <tr>
               <td colspan="4" class="detailsBox">
                  <div id="com.datadriven.zoho.project.testcases.LeadTest_aftertest_byStatus_passed_PASS10_details"
                       class="testMethodDetails">
                     <div>
                        <b>Name: </b>aftertest
                     </div>
                     <div>
                        <b>Signature: </b>aftertest()[pri:0, instance:com.datadriven.zoho.project.testcases.LeadTest@467aecef]
                     </div>
                     <div>
                        <b>Start time: </b>18:18:41
                     </div>
                     <div>
                        <b>End time: </b>18:18:41
                     </div>
                     <div>
                        <b>Duration: </b>57 ms
                        
                     </div>
                  </div>
               </td>
            </tr>
            <tr></tr>
            <tr id="com.datadriven.zoho.project.testcases.LeadTest_init_byStatus_passed_PASS11_row"
                class="testMethodStatusPASS testMethodStatusCONF">
               <td width="100%" class="firstMethodCell">
                  <a onclick="toggleDetailsVisibility('com.datadriven.zoho.project.testcases.LeadTest_init_byStatus_passed_PASS11_details')">init()</a>
               </td>
               <td nowrap="true">18:18:41</td>
               <td nowrap="true" align="right">1 ms
                  
               </td>
               <td nowrap="true">
                   
                  
               </td>
            </tr>
            <tr>
               <td colspan="4" class="detailsBox">
                  <div id="com.datadriven.zoho.project.testcases.LeadTest_init_byStatus_passed_PASS11_details"
                       class="testMethodDetails">
                     <div>
                        <b>Name: </b>init
                     </div>
                     <div>
                        <b>Signature: </b>init()[pri:0, instance:com.datadriven.zoho.project.testcases.LeadTest@467aecef]
                     </div>
                     <div>
                        <b>Start time: </b>18:18:41
                     </div>
                     <div>
                        <b>End time: </b>18:18:41
                     </div>
                     <div>
                        <b>Duration: </b>1 ms
                        
                     </div>
                  </div>
               </td>
            </tr>
            <tr></tr>
            <tr id="com.datadriven.zoho.project.testcases.LeadTest_aftertest_byStatus_passed_PASS12_row"
                class="testMethodStatusPASS testMethodStatusCONF">
               <td width="100%" class="firstMethodCell">
                  <a onclick="toggleDetailsVisibility('com.datadriven.zoho.project.testcases.LeadTest_aftertest_byStatus_passed_PASS12_details')">aftertest()</a>
               </td>
               <td nowrap="true">18:18:41</td>
               <td nowrap="true" align="right">71 ms
                  
               </td>
               <td nowrap="true">
                   
                  
               </td>
            </tr>
            <tr>
               <td colspan="4" class="detailsBox">
                  <div id="com.datadriven.zoho.project.testcases.LeadTest_aftertest_byStatus_passed_PASS12_details"
                       class="testMethodDetails">
                     <div>
                        <b>Name: </b>aftertest
                     </div>
                     <div>
                        <b>Signature: </b>aftertest()[pri:0, instance:com.datadriven.zoho.project.testcases.LeadTest@467aecef]
                     </div>
                     <div>
                        <b>Start time: </b>18:18:41
                     </div>
                     <div>
                        <b>End time: </b>18:18:41
                     </div>
                     <div>
                        <b>Duration: </b>71 ms
                        
                     </div>
                  </div>
               </td>
            </tr>
            <tr></tr>
            <tr id="com.datadriven.zoho.project.testcases.LeadTest_init_byStatus_passed_PASS13_row"
                class="testMethodStatusPASS testMethodStatusCONF">
               <td width="100%" class="firstMethodCell">
                  <a onclick="toggleDetailsVisibility('com.datadriven.zoho.project.testcases.LeadTest_init_byStatus_passed_PASS13_details')">init()</a>
               </td>
               <td nowrap="true">18:18:41</td>
               <td nowrap="true" align="right">0 ms
                  
               </td>
               <td nowrap="true">
                   
                  
               </td>
            </tr>
            <tr>
               <td colspan="4" class="detailsBox">
                  <div id="com.datadriven.zoho.project.testcases.LeadTest_init_byStatus_passed_PASS13_details"
                       class="testMethodDetails">
                     <div>
                        <b>Name: </b>init
                     </div>
                     <div>
                        <b>Signature: </b>init()[pri:0, instance:com.datadriven.zoho.project.testcases.LeadTest@467aecef]
                     </div>
                     <div>
                        <b>Start time: </b>18:18:41
                     </div>
                     <div>
                        <b>End time: </b>18:18:41
                     </div>
                     <div>
                        <b>Duration: </b>0 ms
                        
                     </div>
                  </div>
               </td>
            </tr>
            <tr></tr>
            <tr id="com.datadriven.zoho.project.testcases.LeadTest_aftertest_byStatus_passed_PASS14_row"
                class="testMethodStatusPASS testMethodStatusCONF">
               <td width="100%" class="firstMethodCell">
                  <a onclick="toggleDetailsVisibility('com.datadriven.zoho.project.testcases.LeadTest_aftertest_byStatus_passed_PASS14_details')">aftertest()</a>
               </td>
               <td nowrap="true">18:18:41</td>
               <td nowrap="true" align="right">44 ms
                  
               </td>
               <td nowrap="true">
                   
                  
               </td>
            </tr>
            <tr>
               <td colspan="4" class="detailsBox">
                  <div id="com.datadriven.zoho.project.testcases.LeadTest_aftertest_byStatus_passed_PASS14_details"
                       class="testMethodDetails">
                     <div>
                        <b>Name: </b>aftertest
                     </div>
                     <div>
                        <b>Signature: </b>aftertest()[pri:0, instance:com.datadriven.zoho.project.testcases.LeadTest@467aecef]
                     </div>
                     <div>
                        <b>Start time: </b>18:18:41
                     </div>
                     <div>
                        <b>End time: </b>18:18:41
                     </div>
                     <div>
                        <b>Duration: </b>44 ms
                        
                     </div>
                  </div>
               </td>
            </tr>
            <tr></tr>
            <tr id="com.datadriven.zoho.project.testcases.LeadTest_convertLeadTest_byStatus_passed_PASS15_row"
                class="testMethodStatusPASS">
               <td width="100%" class="firstMethodCell">
                  <a onclick="toggleDetailsVisibility('com.datadriven.zoho.project.testcases.LeadTest_convertLeadTest_byStatus_passed_PASS15_details')">convertLeadTest({LeadLastName=Wilson, Runmode=Y, LeadCompany=Samsung, Browser=Mozilla})</a>
               </td>
               <td nowrap="true">18:18:41</td>
               <td nowrap="true" align="right">38s
                  
               </td>
               <td nowrap="true">
                   
                  
               </td>
            </tr>
            <tr>
               <td colspan="4" class="detailsBox">
                  <div id="com.datadriven.zoho.project.testcases.LeadTest_convertLeadTest_byStatus_passed_PASS15_details"
                       class="testMethodDetails">
                     <div>
                        <b>Name: </b>convertLeadTest
                     </div>
                     <div>
                        <b>Signature: </b>convertLeadTest(java.util.Hashtable)[pri:2, instance:com.datadriven.zoho.project.testcases.LeadTest@467aecef]
                     </div>
                     <div>
                        <b>Parameters: </b>
                        
                        {LeadLastName=Wilson, Runmode=Y, LeadCompany=Samsung, Browser=Mozilla}
                        
                        
                     </div>
                     <div>
                        <b>Start time: </b>18:18:41
                     </div>
                     <div>
                        <b>End time: </b>18:19:20
                     </div>
                     <div>
                        <b>Duration: </b>38s
                        
                     </div>
                  </div>
               </td>
            </tr>
            <tr></tr>
            <tr id="com.datadriven.zoho.project.testcases.LeadTest_init_byStatus_passed_PASS16_row"
                class="testMethodStatusPASS testMethodStatusCONF">
               <td width="100%" class="firstMethodCell">
                  <a onclick="toggleDetailsVisibility('com.datadriven.zoho.project.testcases.LeadTest_init_byStatus_passed_PASS16_details')">init()</a>
               </td>
               <td nowrap="true">18:18:41</td>
               <td nowrap="true" align="right">0 ms
                  
               </td>
               <td nowrap="true">
                   
                  
               </td>
            </tr>
            <tr>
               <td colspan="4" class="detailsBox">
                  <div id="com.datadriven.zoho.project.testcases.LeadTest_init_byStatus_passed_PASS16_details"
                       class="testMethodDetails">
                     <div>
                        <b>Name: </b>init
                     </div>
                     <div>
                        <b>Signature: </b>init()[pri:0, instance:com.datadriven.zoho.project.testcases.LeadTest@467aecef]
                     </div>
                     <div>
                        <b>Start time: </b>18:18:41
                     </div>
                     <div>
                        <b>End time: </b>18:18:41
                     </div>
                     <div>
                        <b>Duration: </b>0 ms
                        
                     </div>
                  </div>
               </td>
            </tr>
            <tr></tr>
            <tr id="com.datadriven.zoho.project.testcases.LeadTest_aftertest_byStatus_passed_PASS17_row"
                class="testMethodStatusPASS testMethodStatusCONF">
               <td width="100%" class="firstMethodCell">
                  <a onclick="toggleDetailsVisibility('com.datadriven.zoho.project.testcases.LeadTest_aftertest_byStatus_passed_PASS17_details')">aftertest()</a>
               </td>
               <td nowrap="true">18:19:20</td>
               <td nowrap="true" align="right">603 ms
                  
               </td>
               <td nowrap="true">
                   
                  
               </td>
            </tr>
            <tr>
               <td colspan="4" class="detailsBox">
                  <div id="com.datadriven.zoho.project.testcases.LeadTest_aftertest_byStatus_passed_PASS17_details"
                       class="testMethodDetails">
                     <div>
                        <b>Name: </b>aftertest
                     </div>
                     <div>
                        <b>Signature: </b>aftertest()[pri:0, instance:com.datadriven.zoho.project.testcases.LeadTest@467aecef]
                     </div>
                     <div>
                        <b>Start time: </b>18:19:20
                     </div>
                     <div>
                        <b>End time: </b>18:19:21
                     </div>
                     <div>
                        <b>Duration: </b>603 ms
                        
                     </div>
                  </div>
               </td>
            </tr>
            <tr></tr>
            <tr id="com.datadriven.zoho.project.testcases.LeadTest_init_byStatus_passed_PASS18_row"
                class="testMethodStatusPASS testMethodStatusCONF">
               <td width="100%" class="firstMethodCell">
                  <a onclick="toggleDetailsVisibility('com.datadriven.zoho.project.testcases.LeadTest_init_byStatus_passed_PASS18_details')">init()</a>
               </td>
               <td nowrap="true">18:19:21</td>
               <td nowrap="true" align="right">0 ms
                  
               </td>
               <td nowrap="true">
                   
                  
               </td>
            </tr>
            <tr>
               <td colspan="4" class="detailsBox">
                  <div id="com.datadriven.zoho.project.testcases.LeadTest_init_byStatus_passed_PASS18_details"
                       class="testMethodDetails">
                     <div>
                        <b>Name: </b>init
                     </div>
                     <div>
                        <b>Signature: </b>init()[pri:0, instance:com.datadriven.zoho.project.testcases.LeadTest@467aecef]
                     </div>
                     <div>
                        <b>Start time: </b>18:19:21
                     </div>
                     <div>
                        <b>End time: </b>18:19:21
                     </div>
                     <div>
                        <b>Duration: </b>0 ms
                        
                     </div>
                  </div>
               </td>
            </tr>
            <tr></tr>
            <tr id="com.datadriven.zoho.project.testcases.LeadTest_aftertest_byStatus_passed_PASS19_row"
                class="testMethodStatusPASS testMethodStatusCONF">
               <td width="100%" class="firstMethodCell">
                  <a onclick="toggleDetailsVisibility('com.datadriven.zoho.project.testcases.LeadTest_aftertest_byStatus_passed_PASS19_details')">aftertest()</a>
               </td>
               <td nowrap="true">18:19:21</td>
               <td nowrap="true" align="right">58 ms
                  
               </td>
               <td nowrap="true">
                   
                  
               </td>
            </tr>
            <tr>
               <td colspan="4" class="detailsBox">
                  <div id="com.datadriven.zoho.project.testcases.LeadTest_aftertest_byStatus_passed_PASS19_details"
                       class="testMethodDetails">
                     <div>
                        <b>Name: </b>aftertest
                     </div>
                     <div>
                        <b>Signature: </b>aftertest()[pri:0, instance:com.datadriven.zoho.project.testcases.LeadTest@467aecef]
                     </div>
                     <div>
                        <b>Start time: </b>18:19:21
                     </div>
                     <div>
                        <b>End time: </b>18:19:21
                     </div>
                     <div>
                        <b>Duration: </b>58 ms
                        
                     </div>
                  </div>
               </td>
            </tr>
            <tr></tr>
            <tr id="com.datadriven.zoho.project.testcases.LeadTest_init_byStatus_passed_PASS20_row"
                class="testMethodStatusPASS testMethodStatusCONF">
               <td width="100%" class="firstMethodCell">
                  <a onclick="toggleDetailsVisibility('com.datadriven.zoho.project.testcases.LeadTest_init_byStatus_passed_PASS20_details')">init()</a>
               </td>
               <td nowrap="true">18:19:21</td>
               <td nowrap="true" align="right">0 ms
                  
               </td>
               <td nowrap="true">
                   
                  
               </td>
            </tr>
            <tr>
               <td colspan="4" class="detailsBox">
                  <div id="com.datadriven.zoho.project.testcases.LeadTest_init_byStatus_passed_PASS20_details"
                       class="testMethodDetails">
                     <div>
                        <b>Name: </b>init
                     </div>
                     <div>
                        <b>Signature: </b>init()[pri:0, instance:com.datadriven.zoho.project.testcases.LeadTest@467aecef]
                     </div>
                     <div>
                        <b>Start time: </b>18:19:21
                     </div>
                     <div>
                        <b>End time: </b>18:19:21
                     </div>
                     <div>
                        <b>Duration: </b>0 ms
                        
                     </div>
                  </div>
               </td>
            </tr>
            <tr></tr>
            <tr id="com.datadriven.zoho.project.testcases.LeadTest_aftertest_byStatus_passed_PASS21_row"
                class="testMethodStatusPASS testMethodStatusCONF">
               <td width="100%" class="firstMethodCell">
                  <a onclick="toggleDetailsVisibility('com.datadriven.zoho.project.testcases.LeadTest_aftertest_byStatus_passed_PASS21_details')">aftertest()</a>
               </td>
               <td nowrap="true">18:19:21</td>
               <td nowrap="true" align="right">43 ms
                  
               </td>
               <td nowrap="true">
                   
                  
               </td>
            </tr>
            <tr>
               <td colspan="4" class="detailsBox">
                  <div id="com.datadriven.zoho.project.testcases.LeadTest_aftertest_byStatus_passed_PASS21_details"
                       class="testMethodDetails">
                     <div>
                        <b>Name: </b>aftertest
                     </div>
                     <div>
                        <b>Signature: </b>aftertest()[pri:0, instance:com.datadriven.zoho.project.testcases.LeadTest@467aecef]
                     </div>
                     <div>
                        <b>Start time: </b>18:19:21
                     </div>
                     <div>
                        <b>End time: </b>18:19:21
                     </div>
                     <div>
                        <b>Duration: </b>43 ms
                        
                     </div>
                  </div>
               </td>
            </tr>
            <tr></tr>
            <tr id="com.datadriven.zoho.project.testcases.LeadTest_init_byStatus_passed_PASS22_row"
                class="testMethodStatusPASS testMethodStatusCONF">
               <td width="100%" class="firstMethodCell">
                  <a onclick="toggleDetailsVisibility('com.datadriven.zoho.project.testcases.LeadTest_init_byStatus_passed_PASS22_details')">init()</a>
               </td>
               <td nowrap="true">18:19:21</td>
               <td nowrap="true" align="right">0 ms
                  
               </td>
               <td nowrap="true">
                   
                  
               </td>
            </tr>
            <tr>
               <td colspan="4" class="detailsBox">
                  <div id="com.datadriven.zoho.project.testcases.LeadTest_init_byStatus_passed_PASS22_details"
                       class="testMethodDetails">
                     <div>
                        <b>Name: </b>init
                     </div>
                     <div>
                        <b>Signature: </b>init()[pri:0, instance:com.datadriven.zoho.project.testcases.LeadTest@467aecef]
                     </div>
                     <div>
                        <b>Start time: </b>18:19:21
                     </div>
                     <div>
                        <b>End time: </b>18:19:21
                     </div>
                     <div>
                        <b>Duration: </b>0 ms
                        
                     </div>
                  </div>
               </td>
            </tr>
            <tr></tr>
            <tr id="com.datadriven.zoho.project.testcases.LeadTest_aftertest_byStatus_passed_PASS23_row"
                class="testMethodStatusPASS testMethodStatusCONF">
               <td width="100%" class="firstMethodCell">
                  <a onclick="toggleDetailsVisibility('com.datadriven.zoho.project.testcases.LeadTest_aftertest_byStatus_passed_PASS23_details')">aftertest()</a>
               </td>
               <td nowrap="true">18:19:21</td>
               <td nowrap="true" align="right">47 ms
                  
               </td>
               <td nowrap="true">
                   
                  
               </td>
            </tr>
            <tr>
               <td colspan="4" class="detailsBox">
                  <div id="com.datadriven.zoho.project.testcases.LeadTest_aftertest_byStatus_passed_PASS23_details"
                       class="testMethodDetails">
                     <div>
                        <b>Name: </b>aftertest
                     </div>
                     <div>
                        <b>Signature: </b>aftertest()[pri:0, instance:com.datadriven.zoho.project.testcases.LeadTest@467aecef]
                     </div>
                     <div>
                        <b>Start time: </b>18:19:21
                     </div>
                     <div>
                        <b>End time: </b>18:19:21
                     </div>
                     <div>
                        <b>Duration: </b>47 ms
                        
                     </div>
                  </div>
               </td>
            </tr>
            <tr></tr>
            <tr id="com.datadriven.zoho.project.testcases.LeadTest_init_byStatus_passed_PASS24_row"
                class="testMethodStatusPASS testMethodStatusCONF">
               <td width="100%" class="firstMethodCell">
                  <a onclick="toggleDetailsVisibility('com.datadriven.zoho.project.testcases.LeadTest_init_byStatus_passed_PASS24_details')">init()</a>
               </td>
               <td nowrap="true">18:19:21</td>
               <td nowrap="true" align="right">0 ms
                  
               </td>
               <td nowrap="true">
                   
                  
               </td>
            </tr>
            <tr>
               <td colspan="4" class="detailsBox">
                  <div id="com.datadriven.zoho.project.testcases.LeadTest_init_byStatus_passed_PASS24_details"
                       class="testMethodDetails">
                     <div>
                        <b>Name: </b>init
                     </div>
                     <div>
                        <b>Signature: </b>init()[pri:0, instance:com.datadriven.zoho.project.testcases.LeadTest@467aecef]
                     </div>
                     <div>
                        <b>Start time: </b>18:19:21
                     </div>
                     <div>
                        <b>End time: </b>18:19:21
                     </div>
                     <div>
                        <b>Duration: </b>0 ms
                        
                     </div>
                  </div>
               </td>
            </tr>
            <tr></tr>
            <tr id="com.datadriven.zoho.project.testcases.LeadTest_DeleteLeadAccountTest_byStatus_passed_PASS25_row"
                class="testMethodStatusPASS">
               <td width="100%" class="firstMethodCell">
                  <a onclick="toggleDetailsVisibility('com.datadriven.zoho.project.testcases.LeadTest_DeleteLeadAccountTest_byStatus_passed_PASS25_details')">DeleteLeadAccountTest({LeadLastName=Chambers, Runmode=Y, LeadCompany=CISCO, Browser=Mozilla})</a>
               </td>
               <td nowrap="true">18:19:21</td>
               <td nowrap="true" align="right">43s
                  
               </td>
               <td nowrap="true">
                   
                  
               </td>
            </tr>
            <tr>
               <td colspan="4" class="detailsBox">
                  <div id="com.datadriven.zoho.project.testcases.LeadTest_DeleteLeadAccountTest_byStatus_passed_PASS25_details"
                       class="testMethodDetails">
                     <div>
                        <b>Name: </b>DeleteLeadAccountTest
                     </div>
                     <div>
                        <b>Signature: </b>DeleteLeadAccountTest(java.util.Hashtable)[pri:3, instance:com.datadriven.zoho.project.testcases.LeadTest@467aecef]
                     </div>
                     <div>
                        <b>Parameters: </b>
                        
                        {LeadLastName=Chambers, Runmode=Y, LeadCompany=CISCO, Browser=Mozilla}
                        
                        
                     </div>
                     <div>
                        <b>Start time: </b>18:19:21
                     </div>
                     <div>
                        <b>End time: </b>18:20:05
                     </div>
                     <div>
                        <b>Duration: </b>43s
                        
                     </div>
                  </div>
               </td>
            </tr>
            <tr></tr>
            <tr id="com.datadriven.zoho.project.testcases.LeadTest_aftertest_byStatus_passed_PASS26_row"
                class="testMethodStatusPASS testMethodStatusCONF">
               <td width="100%" class="firstMethodCell">
                  <a onclick="toggleDetailsVisibility('com.datadriven.zoho.project.testcases.LeadTest_aftertest_byStatus_passed_PASS26_details')">aftertest()</a>
               </td>
               <td nowrap="true">18:20:05</td>
               <td nowrap="true" align="right">549 ms
                  
               </td>
               <td nowrap="true">
                   
                  
               </td>
            </tr>
            <tr>
               <td colspan="4" class="detailsBox">
                  <div id="com.datadriven.zoho.project.testcases.LeadTest_aftertest_byStatus_passed_PASS26_details"
                       class="testMethodDetails">
                     <div>
                        <b>Name: </b>aftertest
                     </div>
                     <div>
                        <b>Signature: </b>aftertest()[pri:0, instance:com.datadriven.zoho.project.testcases.LeadTest@467aecef]
                     </div>
                     <div>
                        <b>Start time: </b>18:20:05
                     </div>
                     <div>
                        <b>End time: </b>18:20:05
                     </div>
                     <div>
                        <b>Duration: </b>549 ms
                        
                     </div>
                  </div>
               </td>
            </tr>
            <tr></tr>
            <tr id="com.datadriven.zoho.project.testcases.PotentialTest_init_byStatus_passed_PASS27_row"
                class="testMethodStatusPASS testMethodStatusCONF">
               <td width="100%" class="firstMethodCell">
                  <a onclick="toggleDetailsVisibility('com.datadriven.zoho.project.testcases.PotentialTest_init_byStatus_passed_PASS27_details')">init()</a>
               </td>
               <td nowrap="true">18:20:05</td>
               <td nowrap="true" align="right">1 ms
                  
               </td>
               <td nowrap="true">
                   
                  
               </td>
            </tr>
            <tr>
               <td colspan="4" class="detailsBox">
                  <div id="com.datadriven.zoho.project.testcases.PotentialTest_init_byStatus_passed_PASS27_details"
                       class="testMethodDetails">
                     <div>
                        <b>Name: </b>init
                     </div>
                     <div>
                        <b>Signature: </b>init()[pri:0, instance:com.datadriven.zoho.project.testcases.PotentialTest@51e2adc7]
                     </div>
                     <div>
                        <b>Start time: </b>18:20:05
                     </div>
                     <div>
                        <b>End time: </b>18:20:05
                     </div>
                     <div>
                        <b>Duration: </b>1 ms
                        
                     </div>
                  </div>
               </td>
            </tr>
            <tr></tr>
            <tr id="com.datadriven.zoho.project.testcases.PotentialTest_createPotentialTest_byStatus_passed_PASS28_row"
                class="testMethodStatusPASS">
               <td width="100%" class="firstMethodCell">
                  <a onclick="toggleDetailsVisibility('com.datadriven.zoho.project.testcases.PotentialTest_createPotentialTest_byStatus_passed_PASS28_details')">createPotentialTest({PotentialName=Henry, Runmode=Y, AccountName=Ford Motors, ClosingDate=5/8/2016, Stage=Qualification, Browser=Mozilla})</a>
               </td>
               <td nowrap="true">18:20:05</td>
               <td nowrap="true" align="right">42s
                  
               </td>
               <td nowrap="true">
                   
                  
               </td>
            </tr>
            <tr>
               <td colspan="4" class="detailsBox">
                  <div id="com.datadriven.zoho.project.testcases.PotentialTest_createPotentialTest_byStatus_passed_PASS28_details"
                       class="testMethodDetails">
                     <div>
                        <b>Name: </b>createPotentialTest
                     </div>
                     <div>
                        <b>Signature: </b>createPotentialTest(java.util.Hashtable)[pri:1, instance:com.datadriven.zoho.project.testcases.PotentialTest@51e2adc7]
                     </div>
                     <div>
                        <b>Parameters: </b>
                        
                        {PotentialName=Henry, Runmode=Y, AccountName=Ford Motors, ClosingDate=5/8/2016, Stage=Qualification, Browser=Mozilla}
                        
                        
                     </div>
                     <div>
                        <b>Start time: </b>18:20:05
                     </div>
                     <div>
                        <b>End time: </b>18:20:48
                     </div>
                     <div>
                        <b>Duration: </b>42s
                        
                     </div>
                  </div>
               </td>
            </tr>
            <tr></tr>
            <tr id="com.datadriven.zoho.project.testcases.PotentialTest_aftertest_byStatus_passed_PASS29_row"
                class="testMethodStatusPASS testMethodStatusCONF">
               <td width="100%" class="firstMethodCell">
                  <a onclick="toggleDetailsVisibility('com.datadriven.zoho.project.testcases.PotentialTest_aftertest_byStatus_passed_PASS29_details')">aftertest()</a>
               </td>
               <td nowrap="true">18:20:48</td>
               <td nowrap="true" align="right">41 ms
                  
               </td>
               <td nowrap="true">
                   
                  
               </td>
            </tr>
            <tr>
               <td colspan="4" class="detailsBox">
                  <div id="com.datadriven.zoho.project.testcases.PotentialTest_aftertest_byStatus_passed_PASS29_details"
                       class="testMethodDetails">
                     <div>
                        <b>Name: </b>aftertest
                     </div>
                     <div>
                        <b>Signature: </b>aftertest()[pri:0, instance:com.datadriven.zoho.project.testcases.PotentialTest@51e2adc7]
                     </div>
                     <div>
                        <b>Start time: </b>18:20:48
                     </div>
                     <div>
                        <b>End time: </b>18:20:48
                     </div>
                     <div>
                        <b>Duration: </b>41 ms
                        
                     </div>
                  </div>
               </td>
            </tr>
            <tr></tr>
            <tr id="com.datadriven.zoho.project.testcases.PotentialTest_deletePotentialAccountTest_byStatus_passed_PASS30_row"
                class="testMethodStatusPASS">
               <td width="100%" class="firstMethodCell">
                  <a onclick="toggleDetailsVisibility('com.datadriven.zoho.project.testcases.PotentialTest_deletePotentialAccountTest_byStatus_passed_PASS30_details')">deletePotentialAccountTest()</a>
               </td>
               <td nowrap="true">18:20:48</td>
               <td nowrap="true" align="right">1 ms
                  
               </td>
               <td nowrap="true">
                   
                  
               </td>
            </tr>
            <tr>
               <td colspan="4" class="detailsBox">
                  <div id="com.datadriven.zoho.project.testcases.PotentialTest_deletePotentialAccountTest_byStatus_passed_PASS30_details"
                       class="testMethodDetails">
                     <div>
                        <b>Name: </b>deletePotentialAccountTest
                     </div>
                     <div>
                        <b>Signature: </b>deletePotentialAccountTest()[pri:2, instance:com.datadriven.zoho.project.testcases.PotentialTest@51e2adc7]
                     </div>
                     <div>
                        <b>Start time: </b>18:20:48
                     </div>
                     <div>
                        <b>End time: </b>18:20:48
                     </div>
                     <div>
                        <b>Duration: </b>1 ms
                        
                     </div>
                     <div>
                        <b>Depends on methods:
                           
                        </b>
                        <div>
                               -
                           com.datadriven.zoho.project.testcases.PotentialTest.createPotentialTest
                        </div>
                     </div>
                  </div>
               </td>
            </tr>
            <tr></tr>
            <tr id="com.datadriven.zoho.project.testcases.PotentialTest_init_byStatus_passed_PASS31_row"
                class="testMethodStatusPASS testMethodStatusCONF">
               <td width="100%" class="firstMethodCell">
                  <a onclick="toggleDetailsVisibility('com.datadriven.zoho.project.testcases.PotentialTest_init_byStatus_passed_PASS31_details')">init()</a>
               </td>
               <td nowrap="true">18:20:48</td>
               <td nowrap="true" align="right">0 ms
                  
               </td>
               <td nowrap="true">
                   
                  
               </td>
            </tr>
            <tr>
               <td colspan="4" class="detailsBox">
                  <div id="com.datadriven.zoho.project.testcases.PotentialTest_init_byStatus_passed_PASS31_details"
                       class="testMethodDetails">
                     <div>
                        <b>Name: </b>init
                     </div>
                     <div>
                        <b>Signature: </b>init()[pri:0, instance:com.datadriven.zoho.project.testcases.PotentialTest@51e2adc7]
                     </div>
                     <div>
                        <b>Start time: </b>18:20:48
                     </div>
                     <div>
                        <b>End time: </b>18:20:48
                     </div>
                     <div>
                        <b>Duration: </b>0 ms
                        
                     </div>
                  </div>
               </td>
            </tr>
            <tr></tr>
            <tr id="com.datadriven.zoho.project.testcases.PotentialTest_aftertest_byStatus_passed_PASS32_row"
                class="testMethodStatusPASS testMethodStatusCONF">
               <td width="100%" class="firstMethodCell">
                  <a onclick="toggleDetailsVisibility('com.datadriven.zoho.project.testcases.PotentialTest_aftertest_byStatus_passed_PASS32_details')">aftertest()</a>
               </td>
               <td nowrap="true">18:20:48</td>
               <td nowrap="true" align="right">42 ms
                  
               </td>
               <td nowrap="true">
                   
                  
               </td>
            </tr>
            <tr>
               <td colspan="4" class="detailsBox">
                  <div id="com.datadriven.zoho.project.testcases.PotentialTest_aftertest_byStatus_passed_PASS32_details"
                       class="testMethodDetails">
                     <div>
                        <b>Name: </b>aftertest
                     </div>
                     <div>
                        <b>Signature: </b>aftertest()[pri:0, instance:com.datadriven.zoho.project.testcases.PotentialTest@51e2adc7]
                     </div>
                     <div>
                        <b>Start time: </b>18:20:48
                     </div>
                     <div>
                        <b>End time: </b>18:20:48
                     </div>
                     <div>
                        <b>Duration: </b>42 ms
                        
                     </div>
                  </div>
               </td>
            </tr>
            <tr></tr>
            <tr id="com.datadriven.zoho.project.testcases.LoginTest_doLoginTest_byStatus_skiped_SKIP1_row"
                class="testMethodStatusSKIP">
               <td width="100%" class="firstMethodCell">
                  <a onclick="toggleDetailsVisibility('com.datadriven.zoho.project.testcases.LoginTest_doLoginTest_byStatus_skiped_SKIP1_details')">doLoginTest({Username=its.thakur@gmail.com, ExpectedResult=Y, Password=xxxxx, Runmode=N, Browser=Chrome})</a>
               </td>
               <td nowrap="true">18:17:55</td>
               <td nowrap="true" align="right">100 ms
                  
               </td>
               <td nowrap="true">
                  <a onclick="toggleDetailsVisibility('com.datadriven.zoho.project.testcases.LoginTest_doLoginTest_byStatus_skiped_SKIP1_exception')">org.testng.SkipException: 
                     Skipping the test case as run mode is N
                     
                  </a>
                   
                  
               </td>
            </tr>
            <tr>
               <td colspan="4" class="detailsBox">
                  <div id="com.datadriven.zoho.project.testcases.LoginTest_doLoginTest_byStatus_skiped_SKIP1_details"
                       class="testMethodDetails">
                     <div>
                        <b>Name: </b>doLoginTest
                     </div>
                     <div>
                        <b>Signature: </b>doLoginTest(java.util.Hashtable)[pri:0, instance:com.datadriven.zoho.project.testcases.LoginTest@528931cf]
                     </div>
                     <div>
                        <b>Parameters: </b>
                        
                        {Username=its.thakur@gmail.com, ExpectedResult=Y, Password=xxxxx, Runmode=N, Browser=Chrome}
                        
                        
                     </div>
                     <div>
                        <b>Start time: </b>18:17:55
                     </div>
                     <div>
                        <b>End time: </b>18:17:55
                     </div>
                     <div>
                        <b>Duration: </b>100 ms
                        
                     </div>
                  </div>
               </td>
            </tr>
            <tr>
               <td colspan="4" class="detailsBox">
                  <div id="com.datadriven.zoho.project.testcases.LoginTest_doLoginTest_byStatus_skiped_SKIP1_exception"
                       class="testMethodDetails">
                     <pre style="padding: 5px; margin: 0;">org.testng.SkipException: Skipping the test case as run mode is N
                        	at com.datadriven.zoho.project.testcases.LoginTest.doLoginTest(LoginTest.java:33)
                        	at sun.reflect.NativeMethodAccessorImpl.invoke0(Native Method)
                        	at sun.reflect.NativeMethodAccessorImpl.invoke(NativeMethodAccessorImpl.java:62)
                        	at sun.reflect.DelegatingMethodAccessorImpl.invoke(DelegatingMethodAccessorImpl.java:43)
                        	at java.lang.reflect.Method.invoke(Method.java:498)
                        	at org.testng.internal.MethodInvocationHelper.invokeMethod(MethodInvocationHelper.java:85)
                        	at org.testng.internal.Invoker.invokeMethod(Invoker.java:639)
                        	at org.testng.internal.Invoker.invokeTestMethod(Invoker.java:816)
                        	at org.testng.internal.Invoker.invokeTestMethods(Invoker.java:1124)
                        	at org.testng.internal.TestMethodWorker.invokeTestMethods(TestMethodWorker.java:125)
                        	at org.testng.internal.TestMethodWorker.run(TestMethodWorker.java:108)
                        	at org.testng.TestRunner.privateRun(TestRunner.java:774)
                        	at org.testng.TestRunner.run(TestRunner.java:624)
                        	at org.testng.SuiteRunner.runTest(SuiteRunner.java:359)
                        	at org.testng.SuiteRunner.runSequentially(SuiteRunner.java:354)
                        	at org.testng.SuiteRunner.privateRun(SuiteRunner.java:312)
                        	at org.testng.SuiteRunner.run(SuiteRunner.java:261)
                        	at org.testng.SuiteRunnerWorker.runSuite(SuiteRunnerWorker.java:52)
                        	at org.testng.SuiteRunnerWorker.run(SuiteRunnerWorker.java:86)
                        	at org.testng.TestNG.runSuitesSequentially(TestNG.java:1215)
                        	at org.testng.TestNG.runSuitesLocally(TestNG.java:1140)
                        	at org.testng.TestNG.run(TestNG.java:1048)
                        	at org.testng.TestNG.privateMain(TestNG.java:1355)
                        	at org.testng.TestNG.main(TestNG.java:1324)
                     </pre>
                  </div>
               </td>
            </tr>
            <tr id="com.datadriven.zoho.project.testcases.LeadTest_createLeadtest_byStatus_skiped_SKIP2_row"
                class="testMethodStatusSKIP">
               <td width="100%" class="firstMethodCell">
                  <a onclick="toggleDetailsVisibility('com.datadriven.zoho.project.testcases.LeadTest_createLeadtest_byStatus_skiped_SKIP2_details')">createLeadtest({LeadLastName=Sam, Runmode=N, LeadCompany=Sony, Browser=Mozilla})</a>
               </td>
               <td nowrap="true">18:18:41</td>
               <td nowrap="true" align="right">71 ms
                  
               </td>
               <td nowrap="true">
                  <a onclick="toggleDetailsVisibility('com.datadriven.zoho.project.testcases.LeadTest_createLeadtest_byStatus_skiped_SKIP2_exception')">org.testng.SkipException: 
                     Skipping the test case as run mode is N
                     
                  </a>
                   
                  
               </td>
            </tr>
            <tr>
               <td colspan="4" class="detailsBox">
                  <div id="com.datadriven.zoho.project.testcases.LeadTest_createLeadtest_byStatus_skiped_SKIP2_details"
                       class="testMethodDetails">
                     <div>
                        <b>Name: </b>createLeadtest
                     </div>
                     <div>
                        <b>Signature: </b>createLeadtest(java.util.Hashtable)[pri:1, instance:com.datadriven.zoho.project.testcases.LeadTest@467aecef]
                     </div>
                     <div>
                        <b>Parameters: </b>
                        
                        {LeadLastName=Sam, Runmode=N, LeadCompany=Sony, Browser=Mozilla}
                        
                        
                     </div>
                     <div>
                        <b>Start time: </b>18:18:41
                     </div>
                     <div>
                        <b>End time: </b>18:18:41
                     </div>
                     <div>
                        <b>Duration: </b>71 ms
                        
                     </div>
                  </div>
               </td>
            </tr>
            <tr>
               <td colspan="4" class="detailsBox">
                  <div id="com.datadriven.zoho.project.testcases.LeadTest_createLeadtest_byStatus_skiped_SKIP2_exception"
                       class="testMethodDetails">
                     <pre style="padding: 5px; margin: 0;">org.testng.SkipException: Skipping the test case as run mode is N
                        	at com.datadriven.zoho.project.testcases.LeadTest.createLeadtest(LeadTest.java:38)
                        	at sun.reflect.NativeMethodAccessorImpl.invoke0(Native Method)
                        	at sun.reflect.NativeMethodAccessorImpl.invoke(NativeMethodAccessorImpl.java:62)
                        	at sun.reflect.DelegatingMethodAccessorImpl.invoke(DelegatingMethodAccessorImpl.java:43)
                        	at java.lang.reflect.Method.invoke(Method.java:498)
                        	at org.testng.internal.MethodInvocationHelper.invokeMethod(MethodInvocationHelper.java:85)
                        	at org.testng.internal.Invoker.invokeMethod(Invoker.java:639)
                        	at org.testng.internal.Invoker.invokeTestMethod(Invoker.java:816)
                        	at org.testng.internal.Invoker.invokeTestMethods(Invoker.java:1124)
                        	at org.testng.internal.TestMethodWorker.invokeTestMethods(TestMethodWorker.java:125)
                        	at org.testng.internal.TestMethodWorker.run(TestMethodWorker.java:108)
                        	at org.testng.TestRunner.privateRun(TestRunner.java:774)
                        	at org.testng.TestRunner.run(TestRunner.java:624)
                        	at org.testng.SuiteRunner.runTest(SuiteRunner.java:359)
                        	at org.testng.SuiteRunner.runSequentially(SuiteRunner.java:354)
                        	at org.testng.SuiteRunner.privateRun(SuiteRunner.java:312)
                        	at org.testng.SuiteRunner.run(SuiteRunner.java:261)
                        	at org.testng.SuiteRunnerWorker.runSuite(SuiteRunnerWorker.java:52)
                        	at org.testng.SuiteRunnerWorker.run(SuiteRunnerWorker.java:86)
                        	at org.testng.TestNG.runSuitesSequentially(TestNG.java:1215)
                        	at org.testng.TestNG.runSuitesLocally(TestNG.java:1140)
                        	at org.testng.TestNG.run(TestNG.java:1048)
                        	at org.testng.TestNG.privateMain(TestNG.java:1355)
                        	at org.testng.TestNG.main(TestNG.java:1324)
                     </pre>
                  </div>
               </td>
            </tr>
            <tr id="com.datadriven.zoho.project.testcases.LeadTest_createLeadtest_byStatus_skiped_SKIP3_row"
                class="testMethodStatusSKIP">
               <td width="100%" class="firstMethodCell">
                  <a onclick="toggleDetailsVisibility('com.datadriven.zoho.project.testcases.LeadTest_createLeadtest_byStatus_skiped_SKIP3_details')">createLeadtest({LeadLastName=Watson, Runmode=N, LeadCompany=HP, Browser=Chrome})</a>
               </td>
               <td nowrap="true">18:18:41</td>
               <td nowrap="true" align="right">46 ms
                  
               </td>
               <td nowrap="true">
                  <a onclick="toggleDetailsVisibility('com.datadriven.zoho.project.testcases.LeadTest_createLeadtest_byStatus_skiped_SKIP3_exception')">org.testng.SkipException: 
                     Skipping the test case as run mode is N
                     
                  </a>
                   
                  
               </td>
            </tr>
            <tr>
               <td colspan="4" class="detailsBox">
                  <div id="com.datadriven.zoho.project.testcases.LeadTest_createLeadtest_byStatus_skiped_SKIP3_details"
                       class="testMethodDetails">
                     <div>
                        <b>Name: </b>createLeadtest
                     </div>
                     <div>
                        <b>Signature: </b>createLeadtest(java.util.Hashtable)[pri:1, instance:com.datadriven.zoho.project.testcases.LeadTest@467aecef]
                     </div>
                     <div>
                        <b>Parameters: </b>
                        
                        {LeadLastName=Watson, Runmode=N, LeadCompany=HP, Browser=Chrome}
                        
                        
                     </div>
                     <div>
                        <b>Start time: </b>18:18:41
                     </div>
                     <div>
                        <b>End time: </b>18:18:41
                     </div>
                     <div>
                        <b>Duration: </b>46 ms
                        
                     </div>
                  </div>
               </td>
            </tr>
            <tr>
               <td colspan="4" class="detailsBox">
                  <div id="com.datadriven.zoho.project.testcases.LeadTest_createLeadtest_byStatus_skiped_SKIP3_exception"
                       class="testMethodDetails">
                     <pre style="padding: 5px; margin: 0;">org.testng.SkipException: Skipping the test case as run mode is N
                        	at com.datadriven.zoho.project.testcases.LeadTest.createLeadtest(LeadTest.java:38)
                        	at sun.reflect.NativeMethodAccessorImpl.invoke0(Native Method)
                        	at sun.reflect.NativeMethodAccessorImpl.invoke(NativeMethodAccessorImpl.java:62)
                        	at sun.reflect.DelegatingMethodAccessorImpl.invoke(DelegatingMethodAccessorImpl.java:43)
                        	at java.lang.reflect.Method.invoke(Method.java:498)
                        	at org.testng.internal.MethodInvocationHelper.invokeMethod(MethodInvocationHelper.java:85)
                        	at org.testng.internal.Invoker.invokeMethod(Invoker.java:639)
                        	at org.testng.internal.Invoker.invokeTestMethod(Invoker.java:816)
                        	at org.testng.internal.Invoker.invokeTestMethods(Invoker.java:1124)
                        	at org.testng.internal.TestMethodWorker.invokeTestMethods(TestMethodWorker.java:125)
                        	at org.testng.internal.TestMethodWorker.run(TestMethodWorker.java:108)
                        	at org.testng.TestRunner.privateRun(TestRunner.java:774)
                        	at org.testng.TestRunner.run(TestRunner.java:624)
                        	at org.testng.SuiteRunner.runTest(SuiteRunner.java:359)
                        	at org.testng.SuiteRunner.runSequentially(SuiteRunner.java:354)
                        	at org.testng.SuiteRunner.privateRun(SuiteRunner.java:312)
                        	at org.testng.SuiteRunner.run(SuiteRunner.java:261)
                        	at org.testng.SuiteRunnerWorker.runSuite(SuiteRunnerWorker.java:52)
                        	at org.testng.SuiteRunnerWorker.run(SuiteRunnerWorker.java:86)
                        	at org.testng.TestNG.runSuitesSequentially(TestNG.java:1215)
                        	at org.testng.TestNG.runSuitesLocally(TestNG.java:1140)
                        	at org.testng.TestNG.run(TestNG.java:1048)
                        	at org.testng.TestNG.privateMain(TestNG.java:1355)
                        	at org.testng.TestNG.main(TestNG.java:1324)
                     </pre>
                  </div>
               </td>
            </tr>
            <tr id="com.datadriven.zoho.project.testcases.LeadTest_createLeadtest_byStatus_skiped_SKIP4_row"
                class="testMethodStatusSKIP">
               <td width="100%" class="firstMethodCell">
                  <a onclick="toggleDetailsVisibility('com.datadriven.zoho.project.testcases.LeadTest_createLeadtest_byStatus_skiped_SKIP4_details')">createLeadtest({LeadLastName=Sharma, Runmode=N, LeadCompany=Lenovo, Browser=Chrome})</a>
               </td>
               <td nowrap="true">18:18:41</td>
               <td nowrap="true" align="right">42 ms
                  
               </td>
               <td nowrap="true">
                  <a onclick="toggleDetailsVisibility('com.datadriven.zoho.project.testcases.LeadTest_createLeadtest_byStatus_skiped_SKIP4_exception')">org.testng.SkipException: 
                     Skipping the test case as run mode is N
                     
                  </a>
                   
                  
               </td>
            </tr>
            <tr>
               <td colspan="4" class="detailsBox">
                  <div id="com.datadriven.zoho.project.testcases.LeadTest_createLeadtest_byStatus_skiped_SKIP4_details"
                       class="testMethodDetails">
                     <div>
                        <b>Name: </b>createLeadtest
                     </div>
                     <div>
                        <b>Signature: </b>createLeadtest(java.util.Hashtable)[pri:1, instance:com.datadriven.zoho.project.testcases.LeadTest@467aecef]
                     </div>
                     <div>
                        <b>Parameters: </b>
                        
                        {LeadLastName=Sharma, Runmode=N, LeadCompany=Lenovo, Browser=Chrome}
                        
                        
                     </div>
                     <div>
                        <b>Start time: </b>18:18:41
                     </div>
                     <div>
                        <b>End time: </b>18:18:41
                     </div>
                     <div>
                        <b>Duration: </b>42 ms
                        
                     </div>
                  </div>
               </td>
            </tr>
            <tr>
               <td colspan="4" class="detailsBox">
                  <div id="com.datadriven.zoho.project.testcases.LeadTest_createLeadtest_byStatus_skiped_SKIP4_exception"
                       class="testMethodDetails">
                     <pre style="padding: 5px; margin: 0;">org.testng.SkipException: Skipping the test case as run mode is N
                        	at com.datadriven.zoho.project.testcases.LeadTest.createLeadtest(LeadTest.java:38)
                        	at sun.reflect.NativeMethodAccessorImpl.invoke0(Native Method)
                        	at sun.reflect.NativeMethodAccessorImpl.invoke(NativeMethodAccessorImpl.java:62)
                        	at sun.reflect.DelegatingMethodAccessorImpl.invoke(DelegatingMethodAccessorImpl.java:43)
                        	at java.lang.reflect.Method.invoke(Method.java:498)
                        	at org.testng.internal.MethodInvocationHelper.invokeMethod(MethodInvocationHelper.java:85)
                        	at org.testng.internal.Invoker.invokeMethod(Invoker.java:639)
                        	at org.testng.internal.Invoker.invokeTestMethod(Invoker.java:816)
                        	at org.testng.internal.Invoker.invokeTestMethods(Invoker.java:1124)
                        	at org.testng.internal.TestMethodWorker.invokeTestMethods(TestMethodWorker.java:125)
                        	at org.testng.internal.TestMethodWorker.run(TestMethodWorker.java:108)
                        	at org.testng.TestRunner.privateRun(TestRunner.java:774)
                        	at org.testng.TestRunner.run(TestRunner.java:624)
                        	at org.testng.SuiteRunner.runTest(SuiteRunner.java:359)
                        	at org.testng.SuiteRunner.runSequentially(SuiteRunner.java:354)
                        	at org.testng.SuiteRunner.privateRun(SuiteRunner.java:312)
                        	at org.testng.SuiteRunner.run(SuiteRunner.java:261)
                        	at org.testng.SuiteRunnerWorker.runSuite(SuiteRunnerWorker.java:52)
                        	at org.testng.SuiteRunnerWorker.run(SuiteRunnerWorker.java:86)
                        	at org.testng.TestNG.runSuitesSequentially(TestNG.java:1215)
                        	at org.testng.TestNG.runSuitesLocally(TestNG.java:1140)
                        	at org.testng.TestNG.run(TestNG.java:1048)
                        	at org.testng.TestNG.privateMain(TestNG.java:1355)
                        	at org.testng.TestNG.main(TestNG.java:1324)
                     </pre>
                  </div>
               </td>
            </tr>
            <tr id="com.datadriven.zoho.project.testcases.LeadTest_convertLeadTest_byStatus_skiped_SKIP5_row"
                class="testMethodStatusSKIP">
               <td width="100%" class="firstMethodCell">
                  <a onclick="toggleDetailsVisibility('com.datadriven.zoho.project.testcases.LeadTest_convertLeadTest_byStatus_skiped_SKIP5_details')">convertLeadTest({LeadLastName=Sam, Runmode=N, LeadCompany=Sony, Browser=Mozilla})</a>
               </td>
               <td nowrap="true">18:19:21</td>
               <td nowrap="true" align="right">73 ms
                  
               </td>
               <td nowrap="true">
                  <a onclick="toggleDetailsVisibility('com.datadriven.zoho.project.testcases.LeadTest_convertLeadTest_byStatus_skiped_SKIP5_exception')">org.testng.SkipException: 
                     Skipping the test case as run mode is N
                     
                  </a>
                   
                  
               </td>
            </tr>
            <tr>
               <td colspan="4" class="detailsBox">
                  <div id="com.datadriven.zoho.project.testcases.LeadTest_convertLeadTest_byStatus_skiped_SKIP5_details"
                       class="testMethodDetails">
                     <div>
                        <b>Name: </b>convertLeadTest
                     </div>
                     <div>
                        <b>Signature: </b>convertLeadTest(java.util.Hashtable)[pri:2, instance:com.datadriven.zoho.project.testcases.LeadTest@467aecef]
                     </div>
                     <div>
                        <b>Parameters: </b>
                        
                        {LeadLastName=Sam, Runmode=N, LeadCompany=Sony, Browser=Mozilla}
                        
                        
                     </div>
                     <div>
                        <b>Start time: </b>18:19:21
                     </div>
                     <div>
                        <b>End time: </b>18:19:21
                     </div>
                     <div>
                        <b>Duration: </b>73 ms
                        
                     </div>
                  </div>
               </td>
            </tr>
            <tr>
               <td colspan="4" class="detailsBox">
                  <div id="com.datadriven.zoho.project.testcases.LeadTest_convertLeadTest_byStatus_skiped_SKIP5_exception"
                       class="testMethodDetails">
                     <pre style="padding: 5px; margin: 0;">org.testng.SkipException: Skipping the test case as run mode is N
                        	at com.datadriven.zoho.project.testcases.LeadTest.convertLeadTest(LeadTest.java:79)
                        	at sun.reflect.NativeMethodAccessorImpl.invoke0(Native Method)
                        	at sun.reflect.NativeMethodAccessorImpl.invoke(NativeMethodAccessorImpl.java:62)
                        	at sun.reflect.DelegatingMethodAccessorImpl.invoke(DelegatingMethodAccessorImpl.java:43)
                        	at java.lang.reflect.Method.invoke(Method.java:498)
                        	at org.testng.internal.MethodInvocationHelper.invokeMethod(MethodInvocationHelper.java:85)
                        	at org.testng.internal.Invoker.invokeMethod(Invoker.java:639)
                        	at org.testng.internal.Invoker.invokeTestMethod(Invoker.java:816)
                        	at org.testng.internal.Invoker.invokeTestMethods(Invoker.java:1124)
                        	at org.testng.internal.TestMethodWorker.invokeTestMethods(TestMethodWorker.java:125)
                        	at org.testng.internal.TestMethodWorker.run(TestMethodWorker.java:108)
                        	at org.testng.TestRunner.privateRun(TestRunner.java:774)
                        	at org.testng.TestRunner.run(TestRunner.java:624)
                        	at org.testng.SuiteRunner.runTest(SuiteRunner.java:359)
                        	at org.testng.SuiteRunner.runSequentially(SuiteRunner.java:354)
                        	at org.testng.SuiteRunner.privateRun(SuiteRunner.java:312)
                        	at org.testng.SuiteRunner.run(SuiteRunner.java:261)
                        	at org.testng.SuiteRunnerWorker.runSuite(SuiteRunnerWorker.java:52)
                        	at org.testng.SuiteRunnerWorker.run(SuiteRunnerWorker.java:86)
                        	at org.testng.TestNG.runSuitesSequentially(TestNG.java:1215)
                        	at org.testng.TestNG.runSuitesLocally(TestNG.java:1140)
                        	at org.testng.TestNG.run(TestNG.java:1048)
                        	at org.testng.TestNG.privateMain(TestNG.java:1355)
                        	at org.testng.TestNG.main(TestNG.java:1324)
                     </pre>
                  </div>
               </td>
            </tr>
            <tr id="com.datadriven.zoho.project.testcases.LeadTest_convertLeadTest_byStatus_skiped_SKIP6_row"
                class="testMethodStatusSKIP">
               <td width="100%" class="firstMethodCell">
                  <a onclick="toggleDetailsVisibility('com.datadriven.zoho.project.testcases.LeadTest_convertLeadTest_byStatus_skiped_SKIP6_details')">convertLeadTest({LeadLastName=Watson, Runmode=N, LeadCompany=HP, Browser=Chrome})</a>
               </td>
               <td nowrap="true">18:19:21</td>
               <td nowrap="true" align="right">38 ms
                  
               </td>
               <td nowrap="true">
                  <a onclick="toggleDetailsVisibility('com.datadriven.zoho.project.testcases.LeadTest_convertLeadTest_byStatus_skiped_SKIP6_exception')">org.testng.SkipException: 
                     Skipping the test case as run mode is N
                     
                  </a>
                   
                  
               </td>
            </tr>
            <tr>
               <td colspan="4" class="detailsBox">
                  <div id="com.datadriven.zoho.project.testcases.LeadTest_convertLeadTest_byStatus_skiped_SKIP6_details"
                       class="testMethodDetails">
                     <div>
                        <b>Name: </b>convertLeadTest
                     </div>
                     <div>
                        <b>Signature: </b>convertLeadTest(java.util.Hashtable)[pri:2, instance:com.datadriven.zoho.project.testcases.LeadTest@467aecef]
                     </div>
                     <div>
                        <b>Parameters: </b>
                        
                        {LeadLastName=Watson, Runmode=N, LeadCompany=HP, Browser=Chrome}
                        
                        
                     </div>
                     <div>
                        <b>Start time: </b>18:19:21
                     </div>
                     <div>
                        <b>End time: </b>18:19:21
                     </div>
                     <div>
                        <b>Duration: </b>38 ms
                        
                     </div>
                  </div>
               </td>
            </tr>
            <tr>
               <td colspan="4" class="detailsBox">
                  <div id="com.datadriven.zoho.project.testcases.LeadTest_convertLeadTest_byStatus_skiped_SKIP6_exception"
                       class="testMethodDetails">
                     <pre style="padding: 5px; margin: 0;">org.testng.SkipException: Skipping the test case as run mode is N
                        	at com.datadriven.zoho.project.testcases.LeadTest.convertLeadTest(LeadTest.java:79)
                        	at sun.reflect.NativeMethodAccessorImpl.invoke0(Native Method)
                        	at sun.reflect.NativeMethodAccessorImpl.invoke(NativeMethodAccessorImpl.java:62)
                        	at sun.reflect.DelegatingMethodAccessorImpl.invoke(DelegatingMethodAccessorImpl.java:43)
                        	at java.lang.reflect.Method.invoke(Method.java:498)
                        	at org.testng.internal.MethodInvocationHelper.invokeMethod(MethodInvocationHelper.java:85)
                        	at org.testng.internal.Invoker.invokeMethod(Invoker.java:639)
                        	at org.testng.internal.Invoker.invokeTestMethod(Invoker.java:816)
                        	at org.testng.internal.Invoker.invokeTestMethods(Invoker.java:1124)
                        	at org.testng.internal.TestMethodWorker.invokeTestMethods(TestMethodWorker.java:125)
                        	at org.testng.internal.TestMethodWorker.run(TestMethodWorker.java:108)
                        	at org.testng.TestRunner.privateRun(TestRunner.java:774)
                        	at org.testng.TestRunner.run(TestRunner.java:624)
                        	at org.testng.SuiteRunner.runTest(SuiteRunner.java:359)
                        	at org.testng.SuiteRunner.runSequentially(SuiteRunner.java:354)
                        	at org.testng.SuiteRunner.privateRun(SuiteRunner.java:312)
                        	at org.testng.SuiteRunner.run(SuiteRunner.java:261)
                        	at org.testng.SuiteRunnerWorker.runSuite(SuiteRunnerWorker.java:52)
                        	at org.testng.SuiteRunnerWorker.run(SuiteRunnerWorker.java:86)
                        	at org.testng.TestNG.runSuitesSequentially(TestNG.java:1215)
                        	at org.testng.TestNG.runSuitesLocally(TestNG.java:1140)
                        	at org.testng.TestNG.run(TestNG.java:1048)
                        	at org.testng.TestNG.privateMain(TestNG.java:1355)
                        	at org.testng.TestNG.main(TestNG.java:1324)
                     </pre>
                  </div>
               </td>
            </tr>
            <tr id="com.datadriven.zoho.project.testcases.LeadTest_convertLeadTest_byStatus_skiped_SKIP7_row"
                class="testMethodStatusSKIP">
               <td width="100%" class="firstMethodCell">
                  <a onclick="toggleDetailsVisibility('com.datadriven.zoho.project.testcases.LeadTest_convertLeadTest_byStatus_skiped_SKIP7_details')">convertLeadTest({LeadLastName=Sharma, Runmode=N, LeadCompany=Lenovo, Browser=Chrome})</a>
               </td>
               <td nowrap="true">18:19:21</td>
               <td nowrap="true" align="right">38 ms
                  
               </td>
               <td nowrap="true">
                  <a onclick="toggleDetailsVisibility('com.datadriven.zoho.project.testcases.LeadTest_convertLeadTest_byStatus_skiped_SKIP7_exception')">org.testng.SkipException: 
                     Skipping the test case as run mode is N
                     
                  </a>
                   
                  
               </td>
            </tr>
            <tr>
               <td colspan="4" class="detailsBox">
                  <div id="com.datadriven.zoho.project.testcases.LeadTest_convertLeadTest_byStatus_skiped_SKIP7_details"
                       class="testMethodDetails">
                     <div>
                        <b>Name: </b>convertLeadTest
                     </div>
                     <div>
                        <b>Signature: </b>convertLeadTest(java.util.Hashtable)[pri:2, instance:com.datadriven.zoho.project.testcases.LeadTest@467aecef]
                     </div>
                     <div>
                        <b>Parameters: </b>
                        
                        {LeadLastName=Sharma, Runmode=N, LeadCompany=Lenovo, Browser=Chrome}
                        
                        
                     </div>
                     <div>
                        <b>Start time: </b>18:19:21
                     </div>
                     <div>
                        <b>End time: </b>18:19:21
                     </div>
                     <div>
                        <b>Duration: </b>38 ms
                        
                     </div>
                  </div>
               </td>
            </tr>
            <tr>
               <td colspan="4" class="detailsBox">
                  <div id="com.datadriven.zoho.project.testcases.LeadTest_convertLeadTest_byStatus_skiped_SKIP7_exception"
                       class="testMethodDetails">
                     <pre style="padding: 5px; margin: 0;">org.testng.SkipException: Skipping the test case as run mode is N
                        	at com.datadriven.zoho.project.testcases.LeadTest.convertLeadTest(LeadTest.java:79)
                        	at sun.reflect.NativeMethodAccessorImpl.invoke0(Native Method)
                        	at sun.reflect.NativeMethodAccessorImpl.invoke(NativeMethodAccessorImpl.java:62)
                        	at sun.reflect.DelegatingMethodAccessorImpl.invoke(DelegatingMethodAccessorImpl.java:43)
                        	at java.lang.reflect.Method.invoke(Method.java:498)
                        	at org.testng.internal.MethodInvocationHelper.invokeMethod(MethodInvocationHelper.java:85)
                        	at org.testng.internal.Invoker.invokeMethod(Invoker.java:639)
                        	at org.testng.internal.Invoker.invokeTestMethod(Invoker.java:816)
                        	at org.testng.internal.Invoker.invokeTestMethods(Invoker.java:1124)
                        	at org.testng.internal.TestMethodWorker.invokeTestMethods(TestMethodWorker.java:125)
                        	at org.testng.internal.TestMethodWorker.run(TestMethodWorker.java:108)
                        	at org.testng.TestRunner.privateRun(TestRunner.java:774)
                        	at org.testng.TestRunner.run(TestRunner.java:624)
                        	at org.testng.SuiteRunner.runTest(SuiteRunner.java:359)
                        	at org.testng.SuiteRunner.runSequentially(SuiteRunner.java:354)
                        	at org.testng.SuiteRunner.privateRun(SuiteRunner.java:312)
                        	at org.testng.SuiteRunner.run(SuiteRunner.java:261)
                        	at org.testng.SuiteRunnerWorker.runSuite(SuiteRunnerWorker.java:52)
                        	at org.testng.SuiteRunnerWorker.run(SuiteRunnerWorker.java:86)
                        	at org.testng.TestNG.runSuitesSequentially(TestNG.java:1215)
                        	at org.testng.TestNG.runSuitesLocally(TestNG.java:1140)
                        	at org.testng.TestNG.run(TestNG.java:1048)
                        	at org.testng.TestNG.privateMain(TestNG.java:1355)
                        	at org.testng.TestNG.main(TestNG.java:1324)
                     </pre>
                  </div>
               </td>
            </tr>
         </table>
      </div>
      <div id="testMethodsByClass" style="display: none;">
         <table class="testMethodsTable" cellpadding="0" cellspacing="0">
            <tr>
               <td colspan="4">
                  <h3 style="display: inline;">com.datadriven.zoho.project.testcases.LeadTest</h3>
               </td>
            </tr>
            <tr class="methodsTableHeader">
               <td width="100%">Name</td>
               <td nowrap="true">Started</td>
               <td nowrap="true">Duration</td>
               <td>Exception</td>
            </tr>
            <tr id="com.datadriven.zoho.project.testcases.LeadTest_init_byClass_PASS1_row"
                class="testMethodStatusPASS testMethodStatusCONF">
               <td width="100%" class="firstMethodCell">
                  <a onclick="toggleDetailsVisibility('com.datadriven.zoho.project.testcases.LeadTest_init_byClass_PASS1_details')">init()</a>
               </td>
               <td nowrap="true">18:17:55</td>
               <td nowrap="true" align="right">7 ms
                  
               </td>
               <td nowrap="true">
                   
                  
               </td>
            </tr>
            <tr>
               <td colspan="4" class="detailsBox">
                  <div id="com.datadriven.zoho.project.testcases.LeadTest_init_byClass_PASS1_details"
                       class="testMethodDetails">
                     <div>
                        <b>Name: </b>init
                     </div>
                     <div>
                        <b>Signature: </b>init()[pri:0, instance:com.datadriven.zoho.project.testcases.LeadTest@467aecef]
                     </div>
                     <div>
                        <b>Start time: </b>18:17:55
                     </div>
                     <div>
                        <b>End time: </b>18:17:55
                     </div>
                     <div>
                        <b>Duration: </b>7 ms
                        
                     </div>
                  </div>
               </td>
            </tr>
            <tr></tr>
            <tr id="com.datadriven.zoho.project.testcases.LeadTest_createLeadtest_byClass_PASS2_row"
                class="testMethodStatusPASS">
               <td width="100%" class="firstMethodCell">
                  <a onclick="toggleDetailsVisibility('com.datadriven.zoho.project.testcases.LeadTest_createLeadtest_byClass_PASS2_details')">createLeadtest({LeadLastName=Wilson, Runmode=Y, LeadCompany=Samsung, Browser=Mozilla})</a>
               </td>
               <td nowrap="true">18:17:55</td>
               <td nowrap="true" align="right">45s
                  
               </td>
               <td nowrap="true">
                   
                  
               </td>
            </tr>
            <tr>
               <td colspan="4" class="detailsBox">
                  <div id="com.datadriven.zoho.project.testcases.LeadTest_createLeadtest_byClass_PASS2_details"
                       class="testMethodDetails">
                     <div>
                        <b>Name: </b>createLeadtest
                     </div>
                     <div>
                        <b>Signature: </b>createLeadtest(java.util.Hashtable)[pri:1, instance:com.datadriven.zoho.project.testcases.LeadTest@467aecef]
                     </div>
                     <div>
                        <b>Parameters: </b>
                        
                        {LeadLastName=Wilson, Runmode=Y, LeadCompany=Samsung, Browser=Mozilla}
                        
                        
                     </div>
                     <div>
                        <b>Start time: </b>18:17:55
                     </div>
                     <div>
                        <b>End time: </b>18:18:40
                     </div>
                     <div>
                        <b>Duration: </b>45s
                        
                     </div>
                  </div>
               </td>
            </tr>
            <tr></tr>
            <tr id="com.datadriven.zoho.project.testcases.LeadTest_aftertest_byClass_PASS3_row"
                class="testMethodStatusPASS testMethodStatusCONF">
               <td width="100%" class="firstMethodCell">
                  <a onclick="toggleDetailsVisibility('com.datadriven.zoho.project.testcases.LeadTest_aftertest_byClass_PASS3_details')">aftertest()</a>
               </td>
               <td nowrap="true">18:18:40</td>
               <td nowrap="true" align="right">705 ms
                  
               </td>
               <td nowrap="true">
                   
                  
               </td>
            </tr>
            <tr>
               <td colspan="4" class="detailsBox">
                  <div id="com.datadriven.zoho.project.testcases.LeadTest_aftertest_byClass_PASS3_details"
                       class="testMethodDetails">
                     <div>
                        <b>Name: </b>aftertest
                     </div>
                     <div>
                        <b>Signature: </b>aftertest()[pri:0, instance:com.datadriven.zoho.project.testcases.LeadTest@467aecef]
                     </div>
                     <div>
                        <b>Start time: </b>18:18:40
                     </div>
                     <div>
                        <b>End time: </b>18:18:41
                     </div>
                     <div>
                        <b>Duration: </b>705 ms
                        
                     </div>
                  </div>
               </td>
            </tr>
            <tr></tr>
            <tr id="com.datadriven.zoho.project.testcases.LeadTest_createLeadtest_byClass_SKIP4_row"
                class="testMethodStatusSKIP">
               <td width="100%" class="firstMethodCell">
                  <a onclick="toggleDetailsVisibility('com.datadriven.zoho.project.testcases.LeadTest_createLeadtest_byClass_SKIP4_details')">createLeadtest({LeadLastName=Sam, Runmode=N, LeadCompany=Sony, Browser=Mozilla})</a>
               </td>
               <td nowrap="true">18:18:41</td>
               <td nowrap="true" align="right">71 ms
                  
               </td>
               <td nowrap="true">
                  <a onclick="toggleDetailsVisibility('com.datadriven.zoho.project.testcases.LeadTest_createLeadtest_byClass_SKIP4_exception')">org.testng.SkipException: 
                     Skipping the test case as run mode is N
                     
                  </a>
                   
                  
               </td>
            </tr>
            <tr>
               <td colspan="4" class="detailsBox">
                  <div id="com.datadriven.zoho.project.testcases.LeadTest_createLeadtest_byClass_SKIP4_details"
                       class="testMethodDetails">
                     <div>
                        <b>Name: </b>createLeadtest
                     </div>
                     <div>
                        <b>Signature: </b>createLeadtest(java.util.Hashtable)[pri:1, instance:com.datadriven.zoho.project.testcases.LeadTest@467aecef]
                     </div>
                     <div>
                        <b>Parameters: </b>
                        
                        {LeadLastName=Sam, Runmode=N, LeadCompany=Sony, Browser=Mozilla}
                        
                        
                     </div>
                     <div>
                        <b>Start time: </b>18:18:41
                     </div>
                     <div>
                        <b>End time: </b>18:18:41
                     </div>
                     <div>
                        <b>Duration: </b>71 ms
                        
                     </div>
                  </div>
               </td>
            </tr>
            <tr>
               <td colspan="4" class="detailsBox">
                  <div id="com.datadriven.zoho.project.testcases.LeadTest_createLeadtest_byClass_SKIP4_exception"
                       class="testMethodDetails">
                     <pre style="padding: 5px; margin: 0;">org.testng.SkipException: Skipping the test case as run mode is N
                        	at com.datadriven.zoho.project.testcases.LeadTest.createLeadtest(LeadTest.java:38)
                        	at sun.reflect.NativeMethodAccessorImpl.invoke0(Native Method)
                        	at sun.reflect.NativeMethodAccessorImpl.invoke(NativeMethodAccessorImpl.java:62)
                        	at sun.reflect.DelegatingMethodAccessorImpl.invoke(DelegatingMethodAccessorImpl.java:43)
                        	at java.lang.reflect.Method.invoke(Method.java:498)
                        	at org.testng.internal.MethodInvocationHelper.invokeMethod(MethodInvocationHelper.java:85)
                        	at org.testng.internal.Invoker.invokeMethod(Invoker.java:639)
                        	at org.testng.internal.Invoker.invokeTestMethod(Invoker.java:816)
                        	at org.testng.internal.Invoker.invokeTestMethods(Invoker.java:1124)
                        	at org.testng.internal.TestMethodWorker.invokeTestMethods(TestMethodWorker.java:125)
                        	at org.testng.internal.TestMethodWorker.run(TestMethodWorker.java:108)
                        	at org.testng.TestRunner.privateRun(TestRunner.java:774)
                        	at org.testng.TestRunner.run(TestRunner.java:624)
                        	at org.testng.SuiteRunner.runTest(SuiteRunner.java:359)
                        	at org.testng.SuiteRunner.runSequentially(SuiteRunner.java:354)
                        	at org.testng.SuiteRunner.privateRun(SuiteRunner.java:312)
                        	at org.testng.SuiteRunner.run(SuiteRunner.java:261)
                        	at org.testng.SuiteRunnerWorker.runSuite(SuiteRunnerWorker.java:52)
                        	at org.testng.SuiteRunnerWorker.run(SuiteRunnerWorker.java:86)
                        	at org.testng.TestNG.runSuitesSequentially(TestNG.java:1215)
                        	at org.testng.TestNG.runSuitesLocally(TestNG.java:1140)
                        	at org.testng.TestNG.run(TestNG.java:1048)
                        	at org.testng.TestNG.privateMain(TestNG.java:1355)
                        	at org.testng.TestNG.main(TestNG.java:1324)
                     </pre>
                  </div>
               </td>
            </tr>
            <tr id="com.datadriven.zoho.project.testcases.LeadTest_init_byClass_PASS5_row"
                class="testMethodStatusPASS testMethodStatusCONF">
               <td width="100%" class="firstMethodCell">
                  <a onclick="toggleDetailsVisibility('com.datadriven.zoho.project.testcases.LeadTest_init_byClass_PASS5_details')">init()</a>
               </td>
               <td nowrap="true">18:18:41</td>
               <td nowrap="true" align="right">0 ms
                  
               </td>
               <td nowrap="true">
                   
                  
               </td>
            </tr>
            <tr>
               <td colspan="4" class="detailsBox">
                  <div id="com.datadriven.zoho.project.testcases.LeadTest_init_byClass_PASS5_details"
                       class="testMethodDetails">
                     <div>
                        <b>Name: </b>init
                     </div>
                     <div>
                        <b>Signature: </b>init()[pri:0, instance:com.datadriven.zoho.project.testcases.LeadTest@467aecef]
                     </div>
                     <div>
                        <b>Start time: </b>18:18:41
                     </div>
                     <div>
                        <b>End time: </b>18:18:41
                     </div>
                     <div>
                        <b>Duration: </b>0 ms
                        
                     </div>
                  </div>
               </td>
            </tr>
            <tr></tr>
            <tr id="com.datadriven.zoho.project.testcases.LeadTest_aftertest_byClass_PASS6_row"
                class="testMethodStatusPASS testMethodStatusCONF">
               <td width="100%" class="firstMethodCell">
                  <a onclick="toggleDetailsVisibility('com.datadriven.zoho.project.testcases.LeadTest_aftertest_byClass_PASS6_details')">aftertest()</a>
               </td>
               <td nowrap="true">18:18:41</td>
               <td nowrap="true" align="right">57 ms
                  
               </td>
               <td nowrap="true">
                   
                  
               </td>
            </tr>
            <tr>
               <td colspan="4" class="detailsBox">
                  <div id="com.datadriven.zoho.project.testcases.LeadTest_aftertest_byClass_PASS6_details"
                       class="testMethodDetails">
                     <div>
                        <b>Name: </b>aftertest
                     </div>
                     <div>
                        <b>Signature: </b>aftertest()[pri:0, instance:com.datadriven.zoho.project.testcases.LeadTest@467aecef]
                     </div>
                     <div>
                        <b>Start time: </b>18:18:41
                     </div>
                     <div>
                        <b>End time: </b>18:18:41
                     </div>
                     <div>
                        <b>Duration: </b>57 ms
                        
                     </div>
                  </div>
               </td>
            </tr>
            <tr></tr>
            <tr id="com.datadriven.zoho.project.testcases.LeadTest_init_byClass_PASS7_row"
                class="testMethodStatusPASS testMethodStatusCONF">
               <td width="100%" class="firstMethodCell">
                  <a onclick="toggleDetailsVisibility('com.datadriven.zoho.project.testcases.LeadTest_init_byClass_PASS7_details')">init()</a>
               </td>
               <td nowrap="true">18:18:41</td>
               <td nowrap="true" align="right">1 ms
                  
               </td>
               <td nowrap="true">
                   
                  
               </td>
            </tr>
            <tr>
               <td colspan="4" class="detailsBox">
                  <div id="com.datadriven.zoho.project.testcases.LeadTest_init_byClass_PASS7_details"
                       class="testMethodDetails">
                     <div>
                        <b>Name: </b>init
                     </div>
                     <div>
                        <b>Signature: </b>init()[pri:0, instance:com.datadriven.zoho.project.testcases.LeadTest@467aecef]
                     </div>
                     <div>
                        <b>Start time: </b>18:18:41
                     </div>
                     <div>
                        <b>End time: </b>18:18:41
                     </div>
                     <div>
                        <b>Duration: </b>1 ms
                        
                     </div>
                  </div>
               </td>
            </tr>
            <tr></tr>
            <tr id="com.datadriven.zoho.project.testcases.LeadTest_createLeadtest_byClass_SKIP8_row"
                class="testMethodStatusSKIP">
               <td width="100%" class="firstMethodCell">
                  <a onclick="toggleDetailsVisibility('com.datadriven.zoho.project.testcases.LeadTest_createLeadtest_byClass_SKIP8_details')">createLeadtest({LeadLastName=Watson, Runmode=N, LeadCompany=HP, Browser=Chrome})</a>
               </td>
               <td nowrap="true">18:18:41</td>
               <td nowrap="true" align="right">46 ms
                  
               </td>
               <td nowrap="true">
                  <a onclick="toggleDetailsVisibility('com.datadriven.zoho.project.testcases.LeadTest_createLeadtest_byClass_SKIP8_exception')">org.testng.SkipException: 
                     Skipping the test case as run mode is N
                     
                  </a>
                   
                  
               </td>
            </tr>
            <tr>
               <td colspan="4" class="detailsBox">
                  <div id="com.datadriven.zoho.project.testcases.LeadTest_createLeadtest_byClass_SKIP8_details"
                       class="testMethodDetails">
                     <div>
                        <b>Name: </b>createLeadtest
                     </div>
                     <div>
                        <b>Signature: </b>createLeadtest(java.util.Hashtable)[pri:1, instance:com.datadriven.zoho.project.testcases.LeadTest@467aecef]
                     </div>
                     <div>
                        <b>Parameters: </b>
                        
                        {LeadLastName=Watson, Runmode=N, LeadCompany=HP, Browser=Chrome}
                        
                        
                     </div>
                     <div>
                        <b>Start time: </b>18:18:41
                     </div>
                     <div>
                        <b>End time: </b>18:18:41
                     </div>
                     <div>
                        <b>Duration: </b>46 ms
                        
                     </div>
                  </div>
               </td>
            </tr>
            <tr>
               <td colspan="4" class="detailsBox">
                  <div id="com.datadriven.zoho.project.testcases.LeadTest_createLeadtest_byClass_SKIP8_exception"
                       class="testMethodDetails">
                     <pre style="padding: 5px; margin: 0;">org.testng.SkipException: Skipping the test case as run mode is N
                        	at com.datadriven.zoho.project.testcases.LeadTest.createLeadtest(LeadTest.java:38)
                        	at sun.reflect.NativeMethodAccessorImpl.invoke0(Native Method)
                        	at sun.reflect.NativeMethodAccessorImpl.invoke(NativeMethodAccessorImpl.java:62)
                        	at sun.reflect.DelegatingMethodAccessorImpl.invoke(DelegatingMethodAccessorImpl.java:43)
                        	at java.lang.reflect.Method.invoke(Method.java:498)
                        	at org.testng.internal.MethodInvocationHelper.invokeMethod(MethodInvocationHelper.java:85)
                        	at org.testng.internal.Invoker.invokeMethod(Invoker.java:639)
                        	at org.testng.internal.Invoker.invokeTestMethod(Invoker.java:816)
                        	at org.testng.internal.Invoker.invokeTestMethods(Invoker.java:1124)
                        	at org.testng.internal.TestMethodWorker.invokeTestMethods(TestMethodWorker.java:125)
                        	at org.testng.internal.TestMethodWorker.run(TestMethodWorker.java:108)
                        	at org.testng.TestRunner.privateRun(TestRunner.java:774)
                        	at org.testng.TestRunner.run(TestRunner.java:624)
                        	at org.testng.SuiteRunner.runTest(SuiteRunner.java:359)
                        	at org.testng.SuiteRunner.runSequentially(SuiteRunner.java:354)
                        	at org.testng.SuiteRunner.privateRun(SuiteRunner.java:312)
                        	at org.testng.SuiteRunner.run(SuiteRunner.java:261)
                        	at org.testng.SuiteRunnerWorker.runSuite(SuiteRunnerWorker.java:52)
                        	at org.testng.SuiteRunnerWorker.run(SuiteRunnerWorker.java:86)
                        	at org.testng.TestNG.runSuitesSequentially(TestNG.java:1215)
                        	at org.testng.TestNG.runSuitesLocally(TestNG.java:1140)
                        	at org.testng.TestNG.run(TestNG.java:1048)
                        	at org.testng.TestNG.privateMain(TestNG.java:1355)
                        	at org.testng.TestNG.main(TestNG.java:1324)
                     </pre>
                  </div>
               </td>
            </tr>
            <tr id="com.datadriven.zoho.project.testcases.LeadTest_aftertest_byClass_PASS9_row"
                class="testMethodStatusPASS testMethodStatusCONF">
               <td width="100%" class="firstMethodCell">
                  <a onclick="toggleDetailsVisibility('com.datadriven.zoho.project.testcases.LeadTest_aftertest_byClass_PASS9_details')">aftertest()</a>
               </td>
               <td nowrap="true">18:18:41</td>
               <td nowrap="true" align="right">71 ms
                  
               </td>
               <td nowrap="true">
                   
                  
               </td>
            </tr>
            <tr>
               <td colspan="4" class="detailsBox">
                  <div id="com.datadriven.zoho.project.testcases.LeadTest_aftertest_byClass_PASS9_details"
                       class="testMethodDetails">
                     <div>
                        <b>Name: </b>aftertest
                     </div>
                     <div>
                        <b>Signature: </b>aftertest()[pri:0, instance:com.datadriven.zoho.project.testcases.LeadTest@467aecef]
                     </div>
                     <div>
                        <b>Start time: </b>18:18:41
                     </div>
                     <div>
                        <b>End time: </b>18:18:41
                     </div>
                     <div>
                        <b>Duration: </b>71 ms
                        
                     </div>
                  </div>
               </td>
            </tr>
            <tr></tr>
            <tr id="com.datadriven.zoho.project.testcases.LeadTest_createLeadtest_byClass_SKIP10_row"
                class="testMethodStatusSKIP">
               <td width="100%" class="firstMethodCell">
                  <a onclick="toggleDetailsVisibility('com.datadriven.zoho.project.testcases.LeadTest_createLeadtest_byClass_SKIP10_details')">createLeadtest({LeadLastName=Sharma, Runmode=N, LeadCompany=Lenovo, Browser=Chrome})</a>
               </td>
               <td nowrap="true">18:18:41</td>
               <td nowrap="true" align="right">42 ms
                  
               </td>
               <td nowrap="true">
                  <a onclick="toggleDetailsVisibility('com.datadriven.zoho.project.testcases.LeadTest_createLeadtest_byClass_SKIP10_exception')">org.testng.SkipException: 
                     Skipping the test case as run mode is N
                     
                  </a>
                   
                  
               </td>
            </tr>
            <tr>
               <td colspan="4" class="detailsBox">
                  <div id="com.datadriven.zoho.project.testcases.LeadTest_createLeadtest_byClass_SKIP10_details"
                       class="testMethodDetails">
                     <div>
                        <b>Name: </b>createLeadtest
                     </div>
                     <div>
                        <b>Signature: </b>createLeadtest(java.util.Hashtable)[pri:1, instance:com.datadriven.zoho.project.testcases.LeadTest@467aecef]
                     </div>
                     <div>
                        <b>Parameters: </b>
                        
                        {LeadLastName=Sharma, Runmode=N, LeadCompany=Lenovo, Browser=Chrome}
                        
                        
                     </div>
                     <div>
                        <b>Start time: </b>18:18:41
                     </div>
                     <div>
                        <b>End time: </b>18:18:41
                     </div>
                     <div>
                        <b>Duration: </b>42 ms
                        
                     </div>
                  </div>
               </td>
            </tr>
            <tr>
               <td colspan="4" class="detailsBox">
                  <div id="com.datadriven.zoho.project.testcases.LeadTest_createLeadtest_byClass_SKIP10_exception"
                       class="testMethodDetails">
                     <pre style="padding: 5px; margin: 0;">org.testng.SkipException: Skipping the test case as run mode is N
                        	at com.datadriven.zoho.project.testcases.LeadTest.createLeadtest(LeadTest.java:38)
                        	at sun.reflect.NativeMethodAccessorImpl.invoke0(Native Method)
                        	at sun.reflect.NativeMethodAccessorImpl.invoke(NativeMethodAccessorImpl.java:62)
                        	at sun.reflect.DelegatingMethodAccessorImpl.invoke(DelegatingMethodAccessorImpl.java:43)
                        	at java.lang.reflect.Method.invoke(Method.java:498)
                        	at org.testng.internal.MethodInvocationHelper.invokeMethod(MethodInvocationHelper.java:85)
                        	at org.testng.internal.Invoker.invokeMethod(Invoker.java:639)
                        	at org.testng.internal.Invoker.invokeTestMethod(Invoker.java:816)
                        	at org.testng.internal.Invoker.invokeTestMethods(Invoker.java:1124)
                        	at org.testng.internal.TestMethodWorker.invokeTestMethods(TestMethodWorker.java:125)
                        	at org.testng.internal.TestMethodWorker.run(TestMethodWorker.java:108)
                        	at org.testng.TestRunner.privateRun(TestRunner.java:774)
                        	at org.testng.TestRunner.run(TestRunner.java:624)
                        	at org.testng.SuiteRunner.runTest(SuiteRunner.java:359)
                        	at org.testng.SuiteRunner.runSequentially(SuiteRunner.java:354)
                        	at org.testng.SuiteRunner.privateRun(SuiteRunner.java:312)
                        	at org.testng.SuiteRunner.run(SuiteRunner.java:261)
                        	at org.testng.SuiteRunnerWorker.runSuite(SuiteRunnerWorker.java:52)
                        	at org.testng.SuiteRunnerWorker.run(SuiteRunnerWorker.java:86)
                        	at org.testng.TestNG.runSuitesSequentially(TestNG.java:1215)
                        	at org.testng.TestNG.runSuitesLocally(TestNG.java:1140)
                        	at org.testng.TestNG.run(TestNG.java:1048)
                        	at org.testng.TestNG.privateMain(TestNG.java:1355)
                        	at org.testng.TestNG.main(TestNG.java:1324)
                     </pre>
                  </div>
               </td>
            </tr>
            <tr id="com.datadriven.zoho.project.testcases.LeadTest_init_byClass_PASS11_row"
                class="testMethodStatusPASS testMethodStatusCONF">
               <td width="100%" class="firstMethodCell">
                  <a onclick="toggleDetailsVisibility('com.datadriven.zoho.project.testcases.LeadTest_init_byClass_PASS11_details')">init()</a>
               </td>
               <td nowrap="true">18:18:41</td>
               <td nowrap="true" align="right">0 ms
                  
               </td>
               <td nowrap="true">
                   
                  
               </td>
            </tr>
            <tr>
               <td colspan="4" class="detailsBox">
                  <div id="com.datadriven.zoho.project.testcases.LeadTest_init_byClass_PASS11_details"
                       class="testMethodDetails">
                     <div>
                        <b>Name: </b>init
                     </div>
                     <div>
                        <b>Signature: </b>init()[pri:0, instance:com.datadriven.zoho.project.testcases.LeadTest@467aecef]
                     </div>
                     <div>
                        <b>Start time: </b>18:18:41
                     </div>
                     <div>
                        <b>End time: </b>18:18:41
                     </div>
                     <div>
                        <b>Duration: </b>0 ms
                        
                     </div>
                  </div>
               </td>
            </tr>
            <tr></tr>
            <tr id="com.datadriven.zoho.project.testcases.LeadTest_aftertest_byClass_PASS12_row"
                class="testMethodStatusPASS testMethodStatusCONF">
               <td width="100%" class="firstMethodCell">
                  <a onclick="toggleDetailsVisibility('com.datadriven.zoho.project.testcases.LeadTest_aftertest_byClass_PASS12_details')">aftertest()</a>
               </td>
               <td nowrap="true">18:18:41</td>
               <td nowrap="true" align="right">44 ms
                  
               </td>
               <td nowrap="true">
                   
                  
               </td>
            </tr>
            <tr>
               <td colspan="4" class="detailsBox">
                  <div id="com.datadriven.zoho.project.testcases.LeadTest_aftertest_byClass_PASS12_details"
                       class="testMethodDetails">
                     <div>
                        <b>Name: </b>aftertest
                     </div>
                     <div>
                        <b>Signature: </b>aftertest()[pri:0, instance:com.datadriven.zoho.project.testcases.LeadTest@467aecef]
                     </div>
                     <div>
                        <b>Start time: </b>18:18:41
                     </div>
                     <div>
                        <b>End time: </b>18:18:41
                     </div>
                     <div>
                        <b>Duration: </b>44 ms
                        
                     </div>
                  </div>
               </td>
            </tr>
            <tr></tr>
            <tr id="com.datadriven.zoho.project.testcases.LeadTest_convertLeadTest_byClass_PASS13_row"
                class="testMethodStatusPASS">
               <td width="100%" class="firstMethodCell">
                  <a onclick="toggleDetailsVisibility('com.datadriven.zoho.project.testcases.LeadTest_convertLeadTest_byClass_PASS13_details')">convertLeadTest({LeadLastName=Wilson, Runmode=Y, LeadCompany=Samsung, Browser=Mozilla})</a>
               </td>
               <td nowrap="true">18:18:41</td>
               <td nowrap="true" align="right">38s
                  
               </td>
               <td nowrap="true">
                   
                  
               </td>
            </tr>
            <tr>
               <td colspan="4" class="detailsBox">
                  <div id="com.datadriven.zoho.project.testcases.LeadTest_convertLeadTest_byClass_PASS13_details"
                       class="testMethodDetails">
                     <div>
                        <b>Name: </b>convertLeadTest
                     </div>
                     <div>
                        <b>Signature: </b>convertLeadTest(java.util.Hashtable)[pri:2, instance:com.datadriven.zoho.project.testcases.LeadTest@467aecef]
                     </div>
                     <div>
                        <b>Parameters: </b>
                        
                        {LeadLastName=Wilson, Runmode=Y, LeadCompany=Samsung, Browser=Mozilla}
                        
                        
                     </div>
                     <div>
                        <b>Start time: </b>18:18:41
                     </div>
                     <div>
                        <b>End time: </b>18:19:20
                     </div>
                     <div>
                        <b>Duration: </b>38s
                        
                     </div>
                  </div>
               </td>
            </tr>
            <tr></tr>
            <tr id="com.datadriven.zoho.project.testcases.LeadTest_init_byClass_PASS14_row"
                class="testMethodStatusPASS testMethodStatusCONF">
               <td width="100%" class="firstMethodCell">
                  <a onclick="toggleDetailsVisibility('com.datadriven.zoho.project.testcases.LeadTest_init_byClass_PASS14_details')">init()</a>
               </td>
               <td nowrap="true">18:18:41</td>
               <td nowrap="true" align="right">0 ms
                  
               </td>
               <td nowrap="true">
                   
                  
               </td>
            </tr>
            <tr>
               <td colspan="4" class="detailsBox">
                  <div id="com.datadriven.zoho.project.testcases.LeadTest_init_byClass_PASS14_details"
                       class="testMethodDetails">
                     <div>
                        <b>Name: </b>init
                     </div>
                     <div>
                        <b>Signature: </b>init()[pri:0, instance:com.datadriven.zoho.project.testcases.LeadTest@467aecef]
                     </div>
                     <div>
                        <b>Start time: </b>18:18:41
                     </div>
                     <div>
                        <b>End time: </b>18:18:41
                     </div>
                     <div>
                        <b>Duration: </b>0 ms
                        
                     </div>
                  </div>
               </td>
            </tr>
            <tr></tr>
            <tr id="com.datadriven.zoho.project.testcases.LeadTest_aftertest_byClass_PASS15_row"
                class="testMethodStatusPASS testMethodStatusCONF">
               <td width="100%" class="firstMethodCell">
                  <a onclick="toggleDetailsVisibility('com.datadriven.zoho.project.testcases.LeadTest_aftertest_byClass_PASS15_details')">aftertest()</a>
               </td>
               <td nowrap="true">18:19:20</td>
               <td nowrap="true" align="right">603 ms
                  
               </td>
               <td nowrap="true">
                   
                  
               </td>
            </tr>
            <tr>
               <td colspan="4" class="detailsBox">
                  <div id="com.datadriven.zoho.project.testcases.LeadTest_aftertest_byClass_PASS15_details"
                       class="testMethodDetails">
                     <div>
                        <b>Name: </b>aftertest
                     </div>
                     <div>
                        <b>Signature: </b>aftertest()[pri:0, instance:com.datadriven.zoho.project.testcases.LeadTest@467aecef]
                     </div>
                     <div>
                        <b>Start time: </b>18:19:20
                     </div>
                     <div>
                        <b>End time: </b>18:19:21
                     </div>
                     <div>
                        <b>Duration: </b>603 ms
                        
                     </div>
                  </div>
               </td>
            </tr>
            <tr></tr>
            <tr id="com.datadriven.zoho.project.testcases.LeadTest_convertLeadTest_byClass_SKIP16_row"
                class="testMethodStatusSKIP">
               <td width="100%" class="firstMethodCell">
                  <a onclick="toggleDetailsVisibility('com.datadriven.zoho.project.testcases.LeadTest_convertLeadTest_byClass_SKIP16_details')">convertLeadTest({LeadLastName=Sam, Runmode=N, LeadCompany=Sony, Browser=Mozilla})</a>
               </td>
               <td nowrap="true">18:19:21</td>
               <td nowrap="true" align="right">73 ms
                  
               </td>
               <td nowrap="true">
                  <a onclick="toggleDetailsVisibility('com.datadriven.zoho.project.testcases.LeadTest_convertLeadTest_byClass_SKIP16_exception')">org.testng.SkipException: 
                     Skipping the test case as run mode is N
                     
                  </a>
                   
                  
               </td>
            </tr>
            <tr>
               <td colspan="4" class="detailsBox">
                  <div id="com.datadriven.zoho.project.testcases.LeadTest_convertLeadTest_byClass_SKIP16_details"
                       class="testMethodDetails">
                     <div>
                        <b>Name: </b>convertLeadTest
                     </div>
                     <div>
                        <b>Signature: </b>convertLeadTest(java.util.Hashtable)[pri:2, instance:com.datadriven.zoho.project.testcases.LeadTest@467aecef]
                     </div>
                     <div>
                        <b>Parameters: </b>
                        
                        {LeadLastName=Sam, Runmode=N, LeadCompany=Sony, Browser=Mozilla}
                        
                        
                     </div>
                     <div>
                        <b>Start time: </b>18:19:21
                     </div>
                     <div>
                        <b>End time: </b>18:19:21
                     </div>
                     <div>
                        <b>Duration: </b>73 ms
                        
                     </div>
                  </div>
               </td>
            </tr>
            <tr>
               <td colspan="4" class="detailsBox">
                  <div id="com.datadriven.zoho.project.testcases.LeadTest_convertLeadTest_byClass_SKIP16_exception"
                       class="testMethodDetails">
                     <pre style="padding: 5px; margin: 0;">org.testng.SkipException: Skipping the test case as run mode is N
                        	at com.datadriven.zoho.project.testcases.LeadTest.convertLeadTest(LeadTest.java:79)
                        	at sun.reflect.NativeMethodAccessorImpl.invoke0(Native Method)
                        	at sun.reflect.NativeMethodAccessorImpl.invoke(NativeMethodAccessorImpl.java:62)
                        	at sun.reflect.DelegatingMethodAccessorImpl.invoke(DelegatingMethodAccessorImpl.java:43)
                        	at java.lang.reflect.Method.invoke(Method.java:498)
                        	at org.testng.internal.MethodInvocationHelper.invokeMethod(MethodInvocationHelper.java:85)
                        	at org.testng.internal.Invoker.invokeMethod(Invoker.java:639)
                        	at org.testng.internal.Invoker.invokeTestMethod(Invoker.java:816)
                        	at org.testng.internal.Invoker.invokeTestMethods(Invoker.java:1124)
                        	at org.testng.internal.TestMethodWorker.invokeTestMethods(TestMethodWorker.java:125)
                        	at org.testng.internal.TestMethodWorker.run(TestMethodWorker.java:108)
                        	at org.testng.TestRunner.privateRun(TestRunner.java:774)
                        	at org.testng.TestRunner.run(TestRunner.java:624)
                        	at org.testng.SuiteRunner.runTest(SuiteRunner.java:359)
                        	at org.testng.SuiteRunner.runSequentially(SuiteRunner.java:354)
                        	at org.testng.SuiteRunner.privateRun(SuiteRunner.java:312)
                        	at org.testng.SuiteRunner.run(SuiteRunner.java:261)
                        	at org.testng.SuiteRunnerWorker.runSuite(SuiteRunnerWorker.java:52)
                        	at org.testng.SuiteRunnerWorker.run(SuiteRunnerWorker.java:86)
                        	at org.testng.TestNG.runSuitesSequentially(TestNG.java:1215)
                        	at org.testng.TestNG.runSuitesLocally(TestNG.java:1140)
                        	at org.testng.TestNG.run(TestNG.java:1048)
                        	at org.testng.TestNG.privateMain(TestNG.java:1355)
                        	at org.testng.TestNG.main(TestNG.java:1324)
                     </pre>
                  </div>
               </td>
            </tr>
            <tr id="com.datadriven.zoho.project.testcases.LeadTest_init_byClass_PASS17_row"
                class="testMethodStatusPASS testMethodStatusCONF">
               <td width="100%" class="firstMethodCell">
                  <a onclick="toggleDetailsVisibility('com.datadriven.zoho.project.testcases.LeadTest_init_byClass_PASS17_details')">init()</a>
               </td>
               <td nowrap="true">18:19:21</td>
               <td nowrap="true" align="right">0 ms
                  
               </td>
               <td nowrap="true">
                   
                  
               </td>
            </tr>
            <tr>
               <td colspan="4" class="detailsBox">
                  <div id="com.datadriven.zoho.project.testcases.LeadTest_init_byClass_PASS17_details"
                       class="testMethodDetails">
                     <div>
                        <b>Name: </b>init
                     </div>
                     <div>
                        <b>Signature: </b>init()[pri:0, instance:com.datadriven.zoho.project.testcases.LeadTest@467aecef]
                     </div>
                     <div>
                        <b>Start time: </b>18:19:21
                     </div>
                     <div>
                        <b>End time: </b>18:19:21
                     </div>
                     <div>
                        <b>Duration: </b>0 ms
                        
                     </div>
                  </div>
               </td>
            </tr>
            <tr></tr>
            <tr id="com.datadriven.zoho.project.testcases.LeadTest_aftertest_byClass_PASS18_row"
                class="testMethodStatusPASS testMethodStatusCONF">
               <td width="100%" class="firstMethodCell">
                  <a onclick="toggleDetailsVisibility('com.datadriven.zoho.project.testcases.LeadTest_aftertest_byClass_PASS18_details')">aftertest()</a>
               </td>
               <td nowrap="true">18:19:21</td>
               <td nowrap="true" align="right">58 ms
                  
               </td>
               <td nowrap="true">
                   
                  
               </td>
            </tr>
            <tr>
               <td colspan="4" class="detailsBox">
                  <div id="com.datadriven.zoho.project.testcases.LeadTest_aftertest_byClass_PASS18_details"
                       class="testMethodDetails">
                     <div>
                        <b>Name: </b>aftertest
                     </div>
                     <div>
                        <b>Signature: </b>aftertest()[pri:0, instance:com.datadriven.zoho.project.testcases.LeadTest@467aecef]
                     </div>
                     <div>
                        <b>Start time: </b>18:19:21
                     </div>
                     <div>
                        <b>End time: </b>18:19:21
                     </div>
                     <div>
                        <b>Duration: </b>58 ms
                        
                     </div>
                  </div>
               </td>
            </tr>
            <tr></tr>
            <tr id="com.datadriven.zoho.project.testcases.LeadTest_init_byClass_PASS19_row"
                class="testMethodStatusPASS testMethodStatusCONF">
               <td width="100%" class="firstMethodCell">
                  <a onclick="toggleDetailsVisibility('com.datadriven.zoho.project.testcases.LeadTest_init_byClass_PASS19_details')">init()</a>
               </td>
               <td nowrap="true">18:19:21</td>
               <td nowrap="true" align="right">0 ms
                  
               </td>
               <td nowrap="true">
                   
                  
               </td>
            </tr>
            <tr>
               <td colspan="4" class="detailsBox">
                  <div id="com.datadriven.zoho.project.testcases.LeadTest_init_byClass_PASS19_details"
                       class="testMethodDetails">
                     <div>
                        <b>Name: </b>init
                     </div>
                     <div>
                        <b>Signature: </b>init()[pri:0, instance:com.datadriven.zoho.project.testcases.LeadTest@467aecef]
                     </div>
                     <div>
                        <b>Start time: </b>18:19:21
                     </div>
                     <div>
                        <b>End time: </b>18:19:21
                     </div>
                     <div>
                        <b>Duration: </b>0 ms
                        
                     </div>
                  </div>
               </td>
            </tr>
            <tr></tr>
            <tr id="com.datadriven.zoho.project.testcases.LeadTest_convertLeadTest_byClass_SKIP20_row"
                class="testMethodStatusSKIP">
               <td width="100%" class="firstMethodCell">
                  <a onclick="toggleDetailsVisibility('com.datadriven.zoho.project.testcases.LeadTest_convertLeadTest_byClass_SKIP20_details')">convertLeadTest({LeadLastName=Watson, Runmode=N, LeadCompany=HP, Browser=Chrome})</a>
               </td>
               <td nowrap="true">18:19:21</td>
               <td nowrap="true" align="right">38 ms
                  
               </td>
               <td nowrap="true">
                  <a onclick="toggleDetailsVisibility('com.datadriven.zoho.project.testcases.LeadTest_convertLeadTest_byClass_SKIP20_exception')">org.testng.SkipException: 
                     Skipping the test case as run mode is N
                     
                  </a>
                   
                  
               </td>
            </tr>
            <tr>
               <td colspan="4" class="detailsBox">
                  <div id="com.datadriven.zoho.project.testcases.LeadTest_convertLeadTest_byClass_SKIP20_details"
                       class="testMethodDetails">
                     <div>
                        <b>Name: </b>convertLeadTest
                     </div>
                     <div>
                        <b>Signature: </b>convertLeadTest(java.util.Hashtable)[pri:2, instance:com.datadriven.zoho.project.testcases.LeadTest@467aecef]
                     </div>
                     <div>
                        <b>Parameters: </b>
                        
                        {LeadLastName=Watson, Runmode=N, LeadCompany=HP, Browser=Chrome}
                        
                        
                     </div>
                     <div>
                        <b>Start time: </b>18:19:21
                     </div>
                     <div>
                        <b>End time: </b>18:19:21
                     </div>
                     <div>
                        <b>Duration: </b>38 ms
                        
                     </div>
                  </div>
               </td>
            </tr>
            <tr>
               <td colspan="4" class="detailsBox">
                  <div id="com.datadriven.zoho.project.testcases.LeadTest_convertLeadTest_byClass_SKIP20_exception"
                       class="testMethodDetails">
                     <pre style="padding: 5px; margin: 0;">org.testng.SkipException: Skipping the test case as run mode is N
                        	at com.datadriven.zoho.project.testcases.LeadTest.convertLeadTest(LeadTest.java:79)
                        	at sun.reflect.NativeMethodAccessorImpl.invoke0(Native Method)
                        	at sun.reflect.NativeMethodAccessorImpl.invoke(NativeMethodAccessorImpl.java:62)
                        	at sun.reflect.DelegatingMethodAccessorImpl.invoke(DelegatingMethodAccessorImpl.java:43)
                        	at java.lang.reflect.Method.invoke(Method.java:498)
                        	at org.testng.internal.MethodInvocationHelper.invokeMethod(MethodInvocationHelper.java:85)
                        	at org.testng.internal.Invoker.invokeMethod(Invoker.java:639)
                        	at org.testng.internal.Invoker.invokeTestMethod(Invoker.java:816)
                        	at org.testng.internal.Invoker.invokeTestMethods(Invoker.java:1124)
                        	at org.testng.internal.TestMethodWorker.invokeTestMethods(TestMethodWorker.java:125)
                        	at org.testng.internal.TestMethodWorker.run(TestMethodWorker.java:108)
                        	at org.testng.TestRunner.privateRun(TestRunner.java:774)
                        	at org.testng.TestRunner.run(TestRunner.java:624)
                        	at org.testng.SuiteRunner.runTest(SuiteRunner.java:359)
                        	at org.testng.SuiteRunner.runSequentially(SuiteRunner.java:354)
                        	at org.testng.SuiteRunner.privateRun(SuiteRunner.java:312)
                        	at org.testng.SuiteRunner.run(SuiteRunner.java:261)
                        	at org.testng.SuiteRunnerWorker.runSuite(SuiteRunnerWorker.java:52)
                        	at org.testng.SuiteRunnerWorker.run(SuiteRunnerWorker.java:86)
                        	at org.testng.TestNG.runSuitesSequentially(TestNG.java:1215)
                        	at org.testng.TestNG.runSuitesLocally(TestNG.java:1140)
                        	at org.testng.TestNG.run(TestNG.java:1048)
                        	at org.testng.TestNG.privateMain(TestNG.java:1355)
                        	at org.testng.TestNG.main(TestNG.java:1324)
                     </pre>
                  </div>
               </td>
            </tr>
            <tr id="com.datadriven.zoho.project.testcases.LeadTest_aftertest_byClass_PASS21_row"
                class="testMethodStatusPASS testMethodStatusCONF">
               <td width="100%" class="firstMethodCell">
                  <a onclick="toggleDetailsVisibility('com.datadriven.zoho.project.testcases.LeadTest_aftertest_byClass_PASS21_details')">aftertest()</a>
               </td>
               <td nowrap="true">18:19:21</td>
               <td nowrap="true" align="right">43 ms
                  
               </td>
               <td nowrap="true">
                   
                  
               </td>
            </tr>
            <tr>
               <td colspan="4" class="detailsBox">
                  <div id="com.datadriven.zoho.project.testcases.LeadTest_aftertest_byClass_PASS21_details"
                       class="testMethodDetails">
                     <div>
                        <b>Name: </b>aftertest
                     </div>
                     <div>
                        <b>Signature: </b>aftertest()[pri:0, instance:com.datadriven.zoho.project.testcases.LeadTest@467aecef]
                     </div>
                     <div>
                        <b>Start time: </b>18:19:21
                     </div>
                     <div>
                        <b>End time: </b>18:19:21
                     </div>
                     <div>
                        <b>Duration: </b>43 ms
                        
                     </div>
                  </div>
               </td>
            </tr>
            <tr></tr>
            <tr id="com.datadriven.zoho.project.testcases.LeadTest_convertLeadTest_byClass_SKIP22_row"
                class="testMethodStatusSKIP">
               <td width="100%" class="firstMethodCell">
                  <a onclick="toggleDetailsVisibility('com.datadriven.zoho.project.testcases.LeadTest_convertLeadTest_byClass_SKIP22_details')">convertLeadTest({LeadLastName=Sharma, Runmode=N, LeadCompany=Lenovo, Browser=Chrome})</a>
               </td>
               <td nowrap="true">18:19:21</td>
               <td nowrap="true" align="right">38 ms
                  
               </td>
               <td nowrap="true">
                  <a onclick="toggleDetailsVisibility('com.datadriven.zoho.project.testcases.LeadTest_convertLeadTest_byClass_SKIP22_exception')">org.testng.SkipException: 
                     Skipping the test case as run mode is N
                     
                  </a>
                   
                  
               </td>
            </tr>
            <tr>
               <td colspan="4" class="detailsBox">
                  <div id="com.datadriven.zoho.project.testcases.LeadTest_convertLeadTest_byClass_SKIP22_details"
                       class="testMethodDetails">
                     <div>
                        <b>Name: </b>convertLeadTest
                     </div>
                     <div>
                        <b>Signature: </b>convertLeadTest(java.util.Hashtable)[pri:2, instance:com.datadriven.zoho.project.testcases.LeadTest@467aecef]
                     </div>
                     <div>
                        <b>Parameters: </b>
                        
                        {LeadLastName=Sharma, Runmode=N, LeadCompany=Lenovo, Browser=Chrome}
                        
                        
                     </div>
                     <div>
                        <b>Start time: </b>18:19:21
                     </div>
                     <div>
                        <b>End time: </b>18:19:21
                     </div>
                     <div>
                        <b>Duration: </b>38 ms
                        
                     </div>
                  </div>
               </td>
            </tr>
            <tr>
               <td colspan="4" class="detailsBox">
                  <div id="com.datadriven.zoho.project.testcases.LeadTest_convertLeadTest_byClass_SKIP22_exception"
                       class="testMethodDetails">
                     <pre style="padding: 5px; margin: 0;">org.testng.SkipException: Skipping the test case as run mode is N
                        	at com.datadriven.zoho.project.testcases.LeadTest.convertLeadTest(LeadTest.java:79)
                        	at sun.reflect.NativeMethodAccessorImpl.invoke0(Native Method)
                        	at sun.reflect.NativeMethodAccessorImpl.invoke(NativeMethodAccessorImpl.java:62)
                        	at sun.reflect.DelegatingMethodAccessorImpl.invoke(DelegatingMethodAccessorImpl.java:43)
                        	at java.lang.reflect.Method.invoke(Method.java:498)
                        	at org.testng.internal.MethodInvocationHelper.invokeMethod(MethodInvocationHelper.java:85)
                        	at org.testng.internal.Invoker.invokeMethod(Invoker.java:639)
                        	at org.testng.internal.Invoker.invokeTestMethod(Invoker.java:816)
                        	at org.testng.internal.Invoker.invokeTestMethods(Invoker.java:1124)
                        	at org.testng.internal.TestMethodWorker.invokeTestMethods(TestMethodWorker.java:125)
                        	at org.testng.internal.TestMethodWorker.run(TestMethodWorker.java:108)
                        	at org.testng.TestRunner.privateRun(TestRunner.java:774)
                        	at org.testng.TestRunner.run(TestRunner.java:624)
                        	at org.testng.SuiteRunner.runTest(SuiteRunner.java:359)
                        	at org.testng.SuiteRunner.runSequentially(SuiteRunner.java:354)
                        	at org.testng.SuiteRunner.privateRun(SuiteRunner.java:312)
                        	at org.testng.SuiteRunner.run(SuiteRunner.java:261)
                        	at org.testng.SuiteRunnerWorker.runSuite(SuiteRunnerWorker.java:52)
                        	at org.testng.SuiteRunnerWorker.run(SuiteRunnerWorker.java:86)
                        	at org.testng.TestNG.runSuitesSequentially(TestNG.java:1215)
                        	at org.testng.TestNG.runSuitesLocally(TestNG.java:1140)
                        	at org.testng.TestNG.run(TestNG.java:1048)
                        	at org.testng.TestNG.privateMain(TestNG.java:1355)
                        	at org.testng.TestNG.main(TestNG.java:1324)
                     </pre>
                  </div>
               </td>
            </tr>
            <tr id="com.datadriven.zoho.project.testcases.LeadTest_init_byClass_PASS23_row"
                class="testMethodStatusPASS testMethodStatusCONF">
               <td width="100%" class="firstMethodCell">
                  <a onclick="toggleDetailsVisibility('com.datadriven.zoho.project.testcases.LeadTest_init_byClass_PASS23_details')">init()</a>
               </td>
               <td nowrap="true">18:19:21</td>
               <td nowrap="true" align="right">0 ms
                  
               </td>
               <td nowrap="true">
                   
                  
               </td>
            </tr>
            <tr>
               <td colspan="4" class="detailsBox">
                  <div id="com.datadriven.zoho.project.testcases.LeadTest_init_byClass_PASS23_details"
                       class="testMethodDetails">
                     <div>
                        <b>Name: </b>init
                     </div>
                     <div>
                        <b>Signature: </b>init()[pri:0, instance:com.datadriven.zoho.project.testcases.LeadTest@467aecef]
                     </div>
                     <div>
                        <b>Start time: </b>18:19:21
                     </div>
                     <div>
                        <b>End time: </b>18:19:21
                     </div>
                     <div>
                        <b>Duration: </b>0 ms
                        
                     </div>
                  </div>
               </td>
            </tr>
            <tr></tr>
            <tr id="com.datadriven.zoho.project.testcases.LeadTest_aftertest_byClass_PASS24_row"
                class="testMethodStatusPASS testMethodStatusCONF">
               <td width="100%" class="firstMethodCell">
                  <a onclick="toggleDetailsVisibility('com.datadriven.zoho.project.testcases.LeadTest_aftertest_byClass_PASS24_details')">aftertest()</a>
               </td>
               <td nowrap="true">18:19:21</td>
               <td nowrap="true" align="right">47 ms
                  
               </td>
               <td nowrap="true">
                   
                  
               </td>
            </tr>
            <tr>
               <td colspan="4" class="detailsBox">
                  <div id="com.datadriven.zoho.project.testcases.LeadTest_aftertest_byClass_PASS24_details"
                       class="testMethodDetails">
                     <div>
                        <b>Name: </b>aftertest
                     </div>
                     <div>
                        <b>Signature: </b>aftertest()[pri:0, instance:com.datadriven.zoho.project.testcases.LeadTest@467aecef]
                     </div>
                     <div>
                        <b>Start time: </b>18:19:21
                     </div>
                     <div>
                        <b>End time: </b>18:19:21
                     </div>
                     <div>
                        <b>Duration: </b>47 ms
                        
                     </div>
                  </div>
               </td>
            </tr>
            <tr></tr>
            <tr id="com.datadriven.zoho.project.testcases.LeadTest_init_byClass_PASS25_row"
                class="testMethodStatusPASS testMethodStatusCONF">
               <td width="100%" class="firstMethodCell">
                  <a onclick="toggleDetailsVisibility('com.datadriven.zoho.project.testcases.LeadTest_init_byClass_PASS25_details')">init()</a>
               </td>
               <td nowrap="true">18:19:21</td>
               <td nowrap="true" align="right">0 ms
                  
               </td>
               <td nowrap="true">
                   
                  
               </td>
            </tr>
            <tr>
               <td colspan="4" class="detailsBox">
                  <div id="com.datadriven.zoho.project.testcases.LeadTest_init_byClass_PASS25_details"
                       class="testMethodDetails">
                     <div>
                        <b>Name: </b>init
                     </div>
                     <div>
                        <b>Signature: </b>init()[pri:0, instance:com.datadriven.zoho.project.testcases.LeadTest@467aecef]
                     </div>
                     <div>
                        <b>Start time: </b>18:19:21
                     </div>
                     <div>
                        <b>End time: </b>18:19:21
                     </div>
                     <div>
                        <b>Duration: </b>0 ms
                        
                     </div>
                  </div>
               </td>
            </tr>
            <tr></tr>
            <tr id="com.datadriven.zoho.project.testcases.LeadTest_DeleteLeadAccountTest_byClass_PASS26_row"
                class="testMethodStatusPASS">
               <td width="100%" class="firstMethodCell">
                  <a onclick="toggleDetailsVisibility('com.datadriven.zoho.project.testcases.LeadTest_DeleteLeadAccountTest_byClass_PASS26_details')">DeleteLeadAccountTest({LeadLastName=Chambers, Runmode=Y, LeadCompany=CISCO, Browser=Mozilla})</a>
               </td>
               <td nowrap="true">18:19:21</td>
               <td nowrap="true" align="right">43s
                  
               </td>
               <td nowrap="true">
                   
                  
               </td>
            </tr>
            <tr>
               <td colspan="4" class="detailsBox">
                  <div id="com.datadriven.zoho.project.testcases.LeadTest_DeleteLeadAccountTest_byClass_PASS26_details"
                       class="testMethodDetails">
                     <div>
                        <b>Name: </b>DeleteLeadAccountTest
                     </div>
                     <div>
                        <b>Signature: </b>DeleteLeadAccountTest(java.util.Hashtable)[pri:3, instance:com.datadriven.zoho.project.testcases.LeadTest@467aecef]
                     </div>
                     <div>
                        <b>Parameters: </b>
                        
                        {LeadLastName=Chambers, Runmode=Y, LeadCompany=CISCO, Browser=Mozilla}
                        
                        
                     </div>
                     <div>
                        <b>Start time: </b>18:19:21
                     </div>
                     <div>
                        <b>End time: </b>18:20:05
                     </div>
                     <div>
                        <b>Duration: </b>43s
                        
                     </div>
                  </div>
               </td>
            </tr>
            <tr></tr>
            <tr id="com.datadriven.zoho.project.testcases.LeadTest_aftertest_byClass_PASS27_row"
                class="testMethodStatusPASS testMethodStatusCONF">
               <td width="100%" class="firstMethodCell">
                  <a onclick="toggleDetailsVisibility('com.datadriven.zoho.project.testcases.LeadTest_aftertest_byClass_PASS27_details')">aftertest()</a>
               </td>
               <td nowrap="true">18:20:05</td>
               <td nowrap="true" align="right">549 ms
                  
               </td>
               <td nowrap="true">
                   
                  
               </td>
            </tr>
            <tr>
               <td colspan="4" class="detailsBox">
                  <div id="com.datadriven.zoho.project.testcases.LeadTest_aftertest_byClass_PASS27_details"
                       class="testMethodDetails">
                     <div>
                        <b>Name: </b>aftertest
                     </div>
                     <div>
                        <b>Signature: </b>aftertest()[pri:0, instance:com.datadriven.zoho.project.testcases.LeadTest@467aecef]
                     </div>
                     <div>
                        <b>Start time: </b>18:20:05
                     </div>
                     <div>
                        <b>End time: </b>18:20:05
                     </div>
                     <div>
                        <b>Duration: </b>549 ms
                        
                     </div>
                  </div>
               </td>
            </tr>
            <tr></tr>
         </table>
         <br></br>
         <table class="testMethodsTable" cellpadding="0" cellspacing="0">
            <tr>
               <td colspan="4">
                  <h3 style="display: inline;">com.datadriven.zoho.project.testcases.LoginTest</h3>
               </td>
            </tr>
            <tr class="methodsTableHeader">
               <td width="100%">Name</td>
               <td nowrap="true">Started</td>
               <td nowrap="true">Duration</td>
               <td>Exception</td>
            </tr>
            <tr id="com.datadriven.zoho.project.testcases.LoginTest_init_byClass_PASS1_row"
                class="testMethodStatusPASS testMethodStatusCONF">
               <td width="100%" class="firstMethodCell">
                  <a onclick="toggleDetailsVisibility('com.datadriven.zoho.project.testcases.LoginTest_init_byClass_PASS1_details')">init()</a>
               </td>
               <td nowrap="true">18:17:32</td>
               <td nowrap="true" align="right">7 ms
                  
               </td>
               <td nowrap="true">
                   
                  
               </td>
            </tr>
            <tr>
               <td colspan="4" class="detailsBox">
                  <div id="com.datadriven.zoho.project.testcases.LoginTest_init_byClass_PASS1_details"
                       class="testMethodDetails">
                     <div>
                        <b>Name: </b>init
                     </div>
                     <div>
                        <b>Signature: </b>init()[pri:0, instance:com.datadriven.zoho.project.testcases.LoginTest@528931cf]
                     </div>
                     <div>
                        <b>Start time: </b>18:17:32
                     </div>
                     <div>
                        <b>End time: </b>18:17:32
                     </div>
                     <div>
                        <b>Duration: </b>7 ms
                        
                     </div>
                  </div>
               </td>
            </tr>
            <tr></tr>
            <tr id="com.datadriven.zoho.project.testcases.LoginTest_doLoginTest_byClass_PASS2_row"
                class="testMethodStatusPASS">
               <td width="100%" class="firstMethodCell">
                  <a onclick="toggleDetailsVisibility('com.datadriven.zoho.project.testcases.LoginTest_doLoginTest_byClass_PASS2_details')">doLoginTest({Username=its.thakur@gmail.com, ExpectedResult=Y, Password=pass@1234, Runmode=Y, Browser=Mozilla})</a>
               </td>
               <td nowrap="true">18:17:32</td>
               <td nowrap="true" align="right">21s
                  
               </td>
               <td nowrap="true">
                   
                  
               </td>
            </tr>
            <tr>
               <td colspan="4" class="detailsBox">
                  <div id="com.datadriven.zoho.project.testcases.LoginTest_doLoginTest_byClass_PASS2_details"
                       class="testMethodDetails">
                     <div>
                        <b>Name: </b>doLoginTest
                     </div>
                     <div>
                        <b>Signature: </b>doLoginTest(java.util.Hashtable)[pri:0, instance:com.datadriven.zoho.project.testcases.LoginTest@528931cf]
                     </div>
                     <div>
                        <b>Parameters: </b>
                        
                        {Username=its.thakur@gmail.com, ExpectedResult=Y, Password=pass@1234, Runmode=Y, Browser=Mozilla}
                        
                        
                     </div>
                     <div>
                        <b>Start time: </b>18:17:32
                     </div>
                     <div>
                        <b>End time: </b>18:17:54
                     </div>
                     <div>
                        <b>Duration: </b>21s
                        
                     </div>
                  </div>
               </td>
            </tr>
            <tr></tr>
            <tr id="com.datadriven.zoho.project.testcases.LoginTest_aftertest_byClass_PASS3_row"
                class="testMethodStatusPASS testMethodStatusCONF">
               <td width="100%" class="firstMethodCell">
                  <a onclick="toggleDetailsVisibility('com.datadriven.zoho.project.testcases.LoginTest_aftertest_byClass_PASS3_details')">aftertest()</a>
               </td>
               <td nowrap="true">18:17:54</td>
               <td nowrap="true" align="right">1s
                  
               </td>
               <td nowrap="true">
                   
                  
               </td>
            </tr>
            <tr>
               <td colspan="4" class="detailsBox">
                  <div id="com.datadriven.zoho.project.testcases.LoginTest_aftertest_byClass_PASS3_details"
                       class="testMethodDetails">
                     <div>
                        <b>Name: </b>aftertest
                     </div>
                     <div>
                        <b>Signature: </b>aftertest()[pri:0, instance:com.datadriven.zoho.project.testcases.LoginTest@528931cf]
                     </div>
                     <div>
                        <b>Start time: </b>18:17:54
                     </div>
                     <div>
                        <b>End time: </b>18:17:55
                     </div>
                     <div>
                        <b>Duration: </b>1s
                        
                     </div>
                  </div>
               </td>
            </tr>
            <tr></tr>
            <tr id="com.datadriven.zoho.project.testcases.LoginTest_init_byClass_PASS4_row"
                class="testMethodStatusPASS testMethodStatusCONF">
               <td width="100%" class="firstMethodCell">
                  <a onclick="toggleDetailsVisibility('com.datadriven.zoho.project.testcases.LoginTest_init_byClass_PASS4_details')">init()</a>
               </td>
               <td nowrap="true">18:17:55</td>
               <td nowrap="true" align="right">1 ms
                  
               </td>
               <td nowrap="true">
                   
                  
               </td>
            </tr>
            <tr>
               <td colspan="4" class="detailsBox">
                  <div id="com.datadriven.zoho.project.testcases.LoginTest_init_byClass_PASS4_details"
                       class="testMethodDetails">
                     <div>
                        <b>Name: </b>init
                     </div>
                     <div>
                        <b>Signature: </b>init()[pri:0, instance:com.datadriven.zoho.project.testcases.LoginTest@528931cf]
                     </div>
                     <div>
                        <b>Start time: </b>18:17:55
                     </div>
                     <div>
                        <b>End time: </b>18:17:55
                     </div>
                     <div>
                        <b>Duration: </b>1 ms
                        
                     </div>
                  </div>
               </td>
            </tr>
            <tr></tr>
            <tr id="com.datadriven.zoho.project.testcases.LoginTest_doLoginTest_byClass_SKIP5_row"
                class="testMethodStatusSKIP">
               <td width="100%" class="firstMethodCell">
                  <a onclick="toggleDetailsVisibility('com.datadriven.zoho.project.testcases.LoginTest_doLoginTest_byClass_SKIP5_details')">doLoginTest({Username=its.thakur@gmail.com, ExpectedResult=Y, Password=xxxxx, Runmode=N, Browser=Chrome})</a>
               </td>
               <td nowrap="true">18:17:55</td>
               <td nowrap="true" align="right">100 ms
                  
               </td>
               <td nowrap="true">
                  <a onclick="toggleDetailsVisibility('com.datadriven.zoho.project.testcases.LoginTest_doLoginTest_byClass_SKIP5_exception')">org.testng.SkipException: 
                     Skipping the test case as run mode is N
                     
                  </a>
                   
                  
               </td>
            </tr>
            <tr>
               <td colspan="4" class="detailsBox">
                  <div id="com.datadriven.zoho.project.testcases.LoginTest_doLoginTest_byClass_SKIP5_details"
                       class="testMethodDetails">
                     <div>
                        <b>Name: </b>doLoginTest
                     </div>
                     <div>
                        <b>Signature: </b>doLoginTest(java.util.Hashtable)[pri:0, instance:com.datadriven.zoho.project.testcases.LoginTest@528931cf]
                     </div>
                     <div>
                        <b>Parameters: </b>
                        
                        {Username=its.thakur@gmail.com, ExpectedResult=Y, Password=xxxxx, Runmode=N, Browser=Chrome}
                        
                        
                     </div>
                     <div>
                        <b>Start time: </b>18:17:55
                     </div>
                     <div>
                        <b>End time: </b>18:17:55
                     </div>
                     <div>
                        <b>Duration: </b>100 ms
                        
                     </div>
                  </div>
               </td>
            </tr>
            <tr>
               <td colspan="4" class="detailsBox">
                  <div id="com.datadriven.zoho.project.testcases.LoginTest_doLoginTest_byClass_SKIP5_exception"
                       class="testMethodDetails">
                     <pre style="padding: 5px; margin: 0;">org.testng.SkipException: Skipping the test case as run mode is N
                        	at com.datadriven.zoho.project.testcases.LoginTest.doLoginTest(LoginTest.java:33)
                        	at sun.reflect.NativeMethodAccessorImpl.invoke0(Native Method)
                        	at sun.reflect.NativeMethodAccessorImpl.invoke(NativeMethodAccessorImpl.java:62)
                        	at sun.reflect.DelegatingMethodAccessorImpl.invoke(DelegatingMethodAccessorImpl.java:43)
                        	at java.lang.reflect.Method.invoke(Method.java:498)
                        	at org.testng.internal.MethodInvocationHelper.invokeMethod(MethodInvocationHelper.java:85)
                        	at org.testng.internal.Invoker.invokeMethod(Invoker.java:639)
                        	at org.testng.internal.Invoker.invokeTestMethod(Invoker.java:816)
                        	at org.testng.internal.Invoker.invokeTestMethods(Invoker.java:1124)
                        	at org.testng.internal.TestMethodWorker.invokeTestMethods(TestMethodWorker.java:125)
                        	at org.testng.internal.TestMethodWorker.run(TestMethodWorker.java:108)
                        	at org.testng.TestRunner.privateRun(TestRunner.java:774)
                        	at org.testng.TestRunner.run(TestRunner.java:624)
                        	at org.testng.SuiteRunner.runTest(SuiteRunner.java:359)
                        	at org.testng.SuiteRunner.runSequentially(SuiteRunner.java:354)
                        	at org.testng.SuiteRunner.privateRun(SuiteRunner.java:312)
                        	at org.testng.SuiteRunner.run(SuiteRunner.java:261)
                        	at org.testng.SuiteRunnerWorker.runSuite(SuiteRunnerWorker.java:52)
                        	at org.testng.SuiteRunnerWorker.run(SuiteRunnerWorker.java:86)
                        	at org.testng.TestNG.runSuitesSequentially(TestNG.java:1215)
                        	at org.testng.TestNG.runSuitesLocally(TestNG.java:1140)
                        	at org.testng.TestNG.run(TestNG.java:1048)
                        	at org.testng.TestNG.privateMain(TestNG.java:1355)
                        	at org.testng.TestNG.main(TestNG.java:1324)
                     </pre>
                  </div>
               </td>
            </tr>
            <tr id="com.datadriven.zoho.project.testcases.LoginTest_aftertest_byClass_PASS6_row"
                class="testMethodStatusPASS testMethodStatusCONF">
               <td width="100%" class="firstMethodCell">
                  <a onclick="toggleDetailsVisibility('com.datadriven.zoho.project.testcases.LoginTest_aftertest_byClass_PASS6_details')">aftertest()</a>
               </td>
               <td nowrap="true">18:17:55</td>
               <td nowrap="true" align="right">116 ms
                  
               </td>
               <td nowrap="true">
                   
                  
               </td>
            </tr>
            <tr>
               <td colspan="4" class="detailsBox">
                  <div id="com.datadriven.zoho.project.testcases.LoginTest_aftertest_byClass_PASS6_details"
                       class="testMethodDetails">
                     <div>
                        <b>Name: </b>aftertest
                     </div>
                     <div>
                        <b>Signature: </b>aftertest()[pri:0, instance:com.datadriven.zoho.project.testcases.LoginTest@528931cf]
                     </div>
                     <div>
                        <b>Start time: </b>18:17:55
                     </div>
                     <div>
                        <b>End time: </b>18:17:55
                     </div>
                     <div>
                        <b>Duration: </b>116 ms
                        
                     </div>
                  </div>
               </td>
            </tr>
            <tr></tr>
         </table>
         <br></br>
         <table class="testMethodsTable" cellpadding="0" cellspacing="0">
            <tr>
               <td colspan="4">
                  <h3 style="display: inline;">com.datadriven.zoho.project.testcases.PotentialTest</h3>
               </td>
            </tr>
            <tr class="methodsTableHeader">
               <td width="100%">Name</td>
               <td nowrap="true">Started</td>
               <td nowrap="true">Duration</td>
               <td>Exception</td>
            </tr>
            <tr id="com.datadriven.zoho.project.testcases.PotentialTest_init_byClass_PASS1_row"
                class="testMethodStatusPASS testMethodStatusCONF">
               <td width="100%" class="firstMethodCell">
                  <a onclick="toggleDetailsVisibility('com.datadriven.zoho.project.testcases.PotentialTest_init_byClass_PASS1_details')">init()</a>
               </td>
               <td nowrap="true">18:20:05</td>
               <td nowrap="true" align="right">1 ms
                  
               </td>
               <td nowrap="true">
                   
                  
               </td>
            </tr>
            <tr>
               <td colspan="4" class="detailsBox">
                  <div id="com.datadriven.zoho.project.testcases.PotentialTest_init_byClass_PASS1_details"
                       class="testMethodDetails">
                     <div>
                        <b>Name: </b>init
                     </div>
                     <div>
                        <b>Signature: </b>init()[pri:0, instance:com.datadriven.zoho.project.testcases.PotentialTest@51e2adc7]
                     </div>
                     <div>
                        <b>Start time: </b>18:20:05
                     </div>
                     <div>
                        <b>End time: </b>18:20:05
                     </div>
                     <div>
                        <b>Duration: </b>1 ms
                        
                     </div>
                  </div>
               </td>
            </tr>
            <tr></tr>
            <tr id="com.datadriven.zoho.project.testcases.PotentialTest_createPotentialTest_byClass_PASS2_row"
                class="testMethodStatusPASS">
               <td width="100%" class="firstMethodCell">
                  <a onclick="toggleDetailsVisibility('com.datadriven.zoho.project.testcases.PotentialTest_createPotentialTest_byClass_PASS2_details')">createPotentialTest({PotentialName=Henry, Runmode=Y, AccountName=Ford Motors, ClosingDate=5/8/2016, Stage=Qualification, Browser=Mozilla})</a>
               </td>
               <td nowrap="true">18:20:05</td>
               <td nowrap="true" align="right">42s
                  
               </td>
               <td nowrap="true">
                   
                  
               </td>
            </tr>
            <tr>
               <td colspan="4" class="detailsBox">
                  <div id="com.datadriven.zoho.project.testcases.PotentialTest_createPotentialTest_byClass_PASS2_details"
                       class="testMethodDetails">
                     <div>
                        <b>Name: </b>createPotentialTest
                     </div>
                     <div>
                        <b>Signature: </b>createPotentialTest(java.util.Hashtable)[pri:1, instance:com.datadriven.zoho.project.testcases.PotentialTest@51e2adc7]
                     </div>
                     <div>
                        <b>Parameters: </b>
                        
                        {PotentialName=Henry, Runmode=Y, AccountName=Ford Motors, ClosingDate=5/8/2016, Stage=Qualification, Browser=Mozilla}
                        
                        
                     </div>
                     <div>
                        <b>Start time: </b>18:20:05
                     </div>
                     <div>
                        <b>End time: </b>18:20:48
                     </div>
                     <div>
                        <b>Duration: </b>42s
                        
                     </div>
                  </div>
               </td>
            </tr>
            <tr></tr>
            <tr id="com.datadriven.zoho.project.testcases.PotentialTest_aftertest_byClass_PASS3_row"
                class="testMethodStatusPASS testMethodStatusCONF">
               <td width="100%" class="firstMethodCell">
                  <a onclick="toggleDetailsVisibility('com.datadriven.zoho.project.testcases.PotentialTest_aftertest_byClass_PASS3_details')">aftertest()</a>
               </td>
               <td nowrap="true">18:20:48</td>
               <td nowrap="true" align="right">41 ms
                  
               </td>
               <td nowrap="true">
                   
                  
               </td>
            </tr>
            <tr>
               <td colspan="4" class="detailsBox">
                  <div id="com.datadriven.zoho.project.testcases.PotentialTest_aftertest_byClass_PASS3_details"
                       class="testMethodDetails">
                     <div>
                        <b>Name: </b>aftertest
                     </div>
                     <div>
                        <b>Signature: </b>aftertest()[pri:0, instance:com.datadriven.zoho.project.testcases.PotentialTest@51e2adc7]
                     </div>
                     <div>
                        <b>Start time: </b>18:20:48
                     </div>
                     <div>
                        <b>End time: </b>18:20:48
                     </div>
                     <div>
                        <b>Duration: </b>41 ms
                        
                     </div>
                  </div>
               </td>
            </tr>
            <tr></tr>
            <tr id="com.datadriven.zoho.project.testcases.PotentialTest_deletePotentialAccountTest_byClass_PASS4_row"
                class="testMethodStatusPASS">
               <td width="100%" class="firstMethodCell">
                  <a onclick="toggleDetailsVisibility('com.datadriven.zoho.project.testcases.PotentialTest_deletePotentialAccountTest_byClass_PASS4_details')">deletePotentialAccountTest()</a>
               </td>
               <td nowrap="true">18:20:48</td>
               <td nowrap="true" align="right">1 ms
                  
               </td>
               <td nowrap="true">
                   
                  
               </td>
            </tr>
            <tr>
               <td colspan="4" class="detailsBox">
                  <div id="com.datadriven.zoho.project.testcases.PotentialTest_deletePotentialAccountTest_byClass_PASS4_details"
                       class="testMethodDetails">
                     <div>
                        <b>Name: </b>deletePotentialAccountTest
                     </div>
                     <div>
                        <b>Signature: </b>deletePotentialAccountTest()[pri:2, instance:com.datadriven.zoho.project.testcases.PotentialTest@51e2adc7]
                     </div>
                     <div>
                        <b>Start time: </b>18:20:48
                     </div>
                     <div>
                        <b>End time: </b>18:20:48
                     </div>
                     <div>
                        <b>Duration: </b>1 ms
                        
                     </div>
                     <div>
                        <b>Depends on methods:
                           
                        </b>
                        <div>
                               -
                           com.datadriven.zoho.project.testcases.PotentialTest.createPotentialTest
                        </div>
                     </div>
                  </div>
               </td>
            </tr>
            <tr></tr>
            <tr id="com.datadriven.zoho.project.testcases.PotentialTest_init_byClass_PASS5_row"
                class="testMethodStatusPASS testMethodStatusCONF">
               <td width="100%" class="firstMethodCell">
                  <a onclick="toggleDetailsVisibility('com.datadriven.zoho.project.testcases.PotentialTest_init_byClass_PASS5_details')">init()</a>
               </td>
               <td nowrap="true">18:20:48</td>
               <td nowrap="true" align="right">0 ms
                  
               </td>
               <td nowrap="true">
                   
                  
               </td>
            </tr>
            <tr>
               <td colspan="4" class="detailsBox">
                  <div id="com.datadriven.zoho.project.testcases.PotentialTest_init_byClass_PASS5_details"
                       class="testMethodDetails">
                     <div>
                        <b>Name: </b>init
                     </div>
                     <div>
                        <b>Signature: </b>init()[pri:0, instance:com.datadriven.zoho.project.testcases.PotentialTest@51e2adc7]
                     </div>
                     <div>
                        <b>Start time: </b>18:20:48
                     </div>
                     <div>
                        <b>End time: </b>18:20:48
                     </div>
                     <div>
                        <b>Duration: </b>0 ms
                        
                     </div>
                  </div>
               </td>
            </tr>
            <tr></tr>
            <tr id="com.datadriven.zoho.project.testcases.PotentialTest_aftertest_byClass_PASS6_row"
                class="testMethodStatusPASS testMethodStatusCONF">
               <td width="100%" class="firstMethodCell">
                  <a onclick="toggleDetailsVisibility('com.datadriven.zoho.project.testcases.PotentialTest_aftertest_byClass_PASS6_details')">aftertest()</a>
               </td>
               <td nowrap="true">18:20:48</td>
               <td nowrap="true" align="right">42 ms
                  
               </td>
               <td nowrap="true">
                   
                  
               </td>
            </tr>
            <tr>
               <td colspan="4" class="detailsBox">
                  <div id="com.datadriven.zoho.project.testcases.PotentialTest_aftertest_byClass_PASS6_details"
                       class="testMethodDetails">
                     <div>
                        <b>Name: </b>aftertest
                     </div>
                     <div>
                        <b>Signature: </b>aftertest()[pri:0, instance:com.datadriven.zoho.project.testcases.PotentialTest@51e2adc7]
                     </div>
                     <div>
                        <b>Start time: </b>18:20:48
                     </div>
                     <div>
                        <b>End time: </b>18:20:48
                     </div>
                     <div>
                        <b>Duration: </b>42 ms
                        
                     </div>
                  </div>
               </td>
            </tr>
            <tr></tr>
         </table>
         <br></br>
      </div>
      <div style="margin-top: 15px; color: gray; text-align: center; font-size: 9px;">
         Generated with
         
         <a href="http://code.google.com/p/testng-xslt/" style="color: #8888aa;"
            target="_blank">
            TestNG XSLT
            
         </a>
      </div>
   </body>
</html>