<!DOCTYPE html PUBLIC "-//W3C//DTD XHTML 1.1//EN" "http://www.w3.org/TR/xhtml11/DTD/xhtml11.dtd">
<html xmlns="http://www.w3.org/1999/xhtml"><head><title>TestNG Report</title><style type="text/css">table {margin-bottom:10px;border-collapse:collapse;empty-cells:show}th,td {border:1px solid #009;padding:.25em .5em}th {vertical-align:bottom}td {vertical-align:top}table a {font-weight:bold}.stripe td {background-color: #E6EBF9}.num {text-align:right}.passedodd td {background-color: #3F3}.passedeven td {background-color: #0A0}.skippedodd td {background-color: #DDD}.skippedeven td {background-color: #CCC}.failedodd td,.attn {background-color: #F33}.failedeven td,.stripe .attn {background-color: #D00}.stacktrace {white-space:pre;font-family:monospace}.totop {font-size:85%;text-align:center;border-bottom:2px solid #000}</style></head><body><table><tr><th>Test</th><th># Passed</th><th># Skipped</th><th># Failed</th><th>Time (ms)</th><th>Included Groups</th><th>Excluded Groups</th></tr><tr><th colspan="7">SuiteName</th></tr><tr><td><a href="#t0">LoginTest</a></td><td class="num">1</td><td class="num attn">1</td><td class="num">0</td><td class="num">22,300</td><td></td><td></td></tr><tr class="stripe"><td><a href="#t1">LeadTest</a></td><td class="num">2</td><td class="num attn">6</td><td class="num attn">1</td><td class="num">132,482</td><td></td><td></td></tr><tr><td><a href="#t2">PotentialTest</a></td><td class="num">2</td><td class="num">0</td><td class="num">0</td><td class="num">41,989</td><td></td><td></td></tr><tr><th>Total</th><th class="num">5</th><th class="num attn">7</th><th class="num attn">1</th><th class="num">196,771</th><th colspan="2"></th></tr></table><table><thead><tr><th>Class</th><th>Method</th><th>Start</th><th>Time (ms)</th></tr></thead><tbody><tr><th colspan="4">SuiteName</th></tr></tbody><tbody id="t0"><tr><th colspan="4">LoginTest &#8212; skipped</th></tr><tr class="skippedeven"><td rowspan="1">com.datadriven.zoho.project.testcases.LoginTest</td><td><a href="#m0">doLoginTest</a></td><td rowspan="1">1488806941727</td><td rowspan="1">78</td></tr><tr><th colspan="4">LoginTest &#8212; passed</th></tr><tr class="passedeven"><td rowspan="1">com.datadriven.zoho.project.testcases.LoginTest</td><td><a href="#m1">doLoginTest</a></td><td rowspan="1">1488806920196</td><td rowspan="1">20450</td></tr></tbody><tbody id="t1"><tr><th colspan="4">LeadTest &#8212; failed</th></tr><tr class="failedeven"><td rowspan="1">com.datadriven.zoho.project.testcases.LeadTest</td><td><a href="#m2">DeleteLeadAccountTest</a></td><td rowspan="1">1488807020383</td><td rowspan="1">53389</td></tr><tr><th colspan="4">LeadTest &#8212; skipped</th></tr><tr class="skippedeven"><td rowspan="6">com.datadriven.zoho.project.testcases.LeadTest</td><td><a href="#m3">convertLeadTest</a></td><td rowspan="3">1488807020051</td><td rowspan="3">50</td></tr><tr class="skippedeven"><td><a href="#m4">convertLeadTest</a></td></tr><tr class="skippedeven"><td><a href="#m5">convertLeadTest</a></td></tr><tr class="skippedeven"><td><a href="#m6">createLeadtest</a></td><td rowspan="3">1488806983007</td><td rowspan="3">41</td></tr><tr class="skippedeven"><td><a href="#m7">createLeadtest</a></td></tr><tr class="skippedeven"><td><a href="#m8">createLeadtest</a></td></tr><tr><th colspan="4">LeadTest &#8212; passed</th></tr><tr class="passedeven"><td rowspan="2">com.datadriven.zoho.project.testcases.LeadTest</td><td><a href="#m9">convertLeadTest</a></td><td rowspan="1">1488806983226</td><td rowspan="1">36253</td></tr><tr class="passedeven"><td><a href="#m10">createLeadtest</a></td><td rowspan="1">1488806941962</td><td rowspan="1">40286</td></tr></tbody><tbody id="t2"><tr><th colspan="4">PotentialTest &#8212; passed</th></tr><tr class="passedeven"><td rowspan="2">com.datadriven.zoho.project.testcases.PotentialTest</td><td><a href="#m11">createPotentialTest</a></td><td rowspan="1">1488807074491</td><td rowspan="1">41808</td></tr><tr class="passedeven"><td><a href="#m12">deletePotentialAccountTest</a></td><td rowspan="1">1488807116343</td><td rowspan="1">0</td></tr></tbody></table><h2>LoginTest</h2><h3 id="m0">com.datadriven.zoho.project.testcases.LoginTest#doLoginTest</h3><table class="result"><tr class="param"><th>Parameter #1</th></tr><tr class="param stripe"><td>{Username=its.thakur@gmail.com, ExpectedResult=Y, Password=xxxxx, Runmode=N, Browser=Chrome}</td></tr><tr><th>Exception</th></tr><tr><td><div class="stacktrace">org.testng.SkipException: Skipping the test case as run mode is N
	at com.datadriven.zoho.project.testcases.LoginTest.doLoginTest(LoginTest.java:33)
... Removed 23 stack frames</div></td></tr></table><p class="totop"><a href="#summary">back to summary</a></p><h3 id="m1">com.datadriven.zoho.project.testcases.LoginTest#doLoginTest</h3><table class="result"><tr class="param"><th>Parameter #1</th></tr><tr class="param stripe"><td>{Username=its.thakur@gmail.com, ExpectedResult=Y, Password=pass@1234, Runmode=Y, Browser=Mozilla}</td></tr></table><p class="totop"><a href="#summary">back to summary</a></p><h2>LeadTest</h2><h3 id="m2">com.datadriven.zoho.project.testcases.LeadTest#DeleteLeadAccountTest</h3><table class="result"><tr class="param"><th>Parameter #1</th></tr><tr class="param stripe"><td>{LeadLastName=Chambers, Runmode=Y, LeadCompany=CISCO, Browser=Mozilla}</td></tr><tr><th>Exception</th></tr><tr><td><div class="stacktrace">org.openqa.selenium.NoSuchElementException: Unable to locate element: {&quot;method&quot;:&quot;xpath&quot;,&quot;selector&quot;:&quot;//tbody[@id=&apos;lvTred&apos;]/tr[-1]/td[4]&quot;}
Command duration or timeout: 20.06 seconds
For documentation on this error, please visit: http://seleniumhq.org/exceptions/no_such_element.html
Build info: version: &apos;2.52.0&apos;, revision: &apos;4c2593c&apos;, time: &apos;2016-02-11 19:06:42&apos;
System info: host: &apos;USER&apos;, ip: &apos;183.83.15.147&apos;, os.name: &apos;Windows 8.1&apos;, os.arch: &apos;amd64&apos;, os.version: &apos;6.3&apos;, java.version: &apos;1.8.0_121&apos;
Driver info: org.openqa.selenium.firefox.FirefoxDriver
Capabilities [{applicationCacheEnabled=true, rotatable=false, handlesAlerts=true, databaseEnabled=true, version=37.0, platform=WINDOWS, nativeEvents=false, acceptSslCerts=true, webStorageEnabled=true, locationContextEnabled=true, browserName=firefox, takesScreenshot=true, javascriptEnabled=true, cssSelectorsEnabled=true}]
Session ID: c976dacd-f264-4ba7-add2-5cc6f68f077e
*** Element info: {Using=xpath, value=//tbody[@id=&apos;lvTred&apos;]/tr[-1]/td[4]}
	at org.openqa.selenium.remote.ErrorHandler.createThrowable(ErrorHandler.java:206)
	at org.openqa.selenium.remote.ErrorHandler.throwIfResponseFailed(ErrorHandler.java:158)
	at org.openqa.selenium.remote.RemoteWebDriver.execute(RemoteWebDriver.java:678)
	at org.openqa.selenium.remote.RemoteWebDriver.findElement(RemoteWebDriver.java:363)
	at org.openqa.selenium.remote.RemoteWebDriver.findElementByXPath(RemoteWebDriver.java:500)
	at org.openqa.selenium.By$ByXPath.findElement(By.java:361)
	at org.openqa.selenium.remote.RemoteWebDriver.findElement(RemoteWebDriver.java:355)
	at com.datadriven.zoho.project.base.BaseTest.clickLeadname(BaseTest.java:332)
	at com.datadriven.zoho.project.testcases.LeadTest.DeleteLeadAccountTest(LeadTest.java:116)
Caused by: org.openqa.selenium.NoSuchElementException: Unable to locate element: {&quot;method&quot;:&quot;xpath&quot;,&quot;selector&quot;:&quot;//tbody[@id=&apos;lvTred&apos;]/tr[-1]/td[4]&quot;}
For documentation on this error, please visit: http://seleniumhq.org/exceptions/no_such_element.html
Build info: version: &apos;2.52.0&apos;, revision: &apos;4c2593c&apos;, time: &apos;2016-02-11 19:06:42&apos;
System info: host: &apos;USER&apos;, ip: &apos;183.83.15.147&apos;, os.name: &apos;Windows 8.1&apos;, os.arch: &apos;amd64&apos;, os.version: &apos;6.3&apos;, java.version: &apos;1.8.0_121&apos;
Driver info: driver.version: unknown
	at &lt;anonymous class&gt;.FirefoxDriver.prototype.findElementInternal_(file:///C:/Users/HP/AppData/Local/Temp/anonymous4254250616602548395webdriver-profile/extensions/fxdriver@googlecode.com/components/driver-component.js:10723)
	at &lt;anonymous class&gt;.fxdriver.Timer.prototype.setTimeout/&lt;.notify(file:///C:/Users/HP/AppData/Local/Temp/anonymous4254250616602548395webdriver-profile/extensions/fxdriver@googlecode.com/components/driver-component.js:623)
... Removed 27 stack frames</div></td></tr></table><p class="totop"><a href="#summary">back to summary</a></p><h3 id="m3">com.datadriven.zoho.project.testcases.LeadTest#convertLeadTest</h3><table class="result"><tr class="param"><th>Parameter #1</th></tr><tr class="param stripe"><td>{LeadLastName=Sam, Runmode=N, LeadCompany=Sony, Browser=Mozilla}</td></tr><tr><th>Exception</th></tr><tr><td><div class="stacktrace">org.testng.SkipException: Skipping the test case as run mode is N
	at com.datadriven.zoho.project.testcases.LeadTest.convertLeadTest(LeadTest.java:79)
... Removed 23 stack frames</div></td></tr></table><p class="totop"><a href="#summary">back to summary</a></p><h3 id="m4">com.datadriven.zoho.project.testcases.LeadTest#convertLeadTest</h3><table class="result"><tr class="param"><th>Parameter #1</th></tr><tr class="param stripe"><td>{LeadLastName=Sharma, Runmode=N, LeadCompany=Lenovo, Browser=Chrome}</td></tr><tr><th>Exception</th></tr><tr><td><div class="stacktrace">org.testng.SkipException: Skipping the test case as run mode is N
	at com.datadriven.zoho.project.testcases.LeadTest.convertLeadTest(LeadTest.java:79)
... Removed 23 stack frames</div></td></tr></table><p class="totop"><a href="#summary">back to summary</a></p><h3 id="m5">com.datadriven.zoho.project.testcases.LeadTest#convertLeadTest</h3><table class="result"><tr class="param"><th>Parameter #1</th></tr><tr class="param stripe"><td>{LeadLastName=Watson, Runmode=N, LeadCompany=HP, Browser=Chrome}</td></tr><tr><th>Exception</th></tr><tr><td><div class="stacktrace">org.testng.SkipException: Skipping the test case as run mode is N
	at com.datadriven.zoho.project.testcases.LeadTest.convertLeadTest(LeadTest.java:79)
... Removed 23 stack frames</div></td></tr></table><p class="totop"><a href="#summary">back to summary</a></p><h3 id="m6">com.datadriven.zoho.project.testcases.LeadTest#createLeadtest</h3><table class="result"><tr class="param"><th>Parameter #1</th></tr><tr class="param stripe"><td>{LeadLastName=Watson, Runmode=N, LeadCompany=HP, Browser=Chrome}</td></tr><tr><th>Exception</th></tr><tr><td><div class="stacktrace">org.testng.SkipException: Skipping the test case as run mode is N
	at com.datadriven.zoho.project.testcases.LeadTest.createLeadtest(LeadTest.java:38)
... Removed 23 stack frames</div></td></tr></table><p class="totop"><a href="#summary">back to summary</a></p><h3 id="m7">com.datadriven.zoho.project.testcases.LeadTest#createLeadtest</h3><table class="result"><tr class="param"><th>Parameter #1</th></tr><tr class="param stripe"><td>{LeadLastName=Sharma, Runmode=N, LeadCompany=Lenovo, Browser=Chrome}</td></tr><tr><th>Exception</th></tr><tr><td><div class="stacktrace">org.testng.SkipException: Skipping the test case as run mode is N
	at com.datadriven.zoho.project.testcases.LeadTest.createLeadtest(LeadTest.java:38)
... Removed 23 stack frames</div></td></tr></table><p class="totop"><a href="#summary">back to summary</a></p><h3 id="m8">com.datadriven.zoho.project.testcases.LeadTest#createLeadtest</h3><table class="result"><tr class="param"><th>Parameter #1</th></tr><tr class="param stripe"><td>{LeadLastName=Sam, Runmode=N, LeadCompany=Sony, Browser=Mozilla}</td></tr><tr><th>Exception</th></tr><tr><td><div class="stacktrace">org.testng.SkipException: Skipping the test case as run mode is N
	at com.datadriven.zoho.project.testcases.LeadTest.createLeadtest(LeadTest.java:38)
... Removed 23 stack frames</div></td></tr></table><p class="totop"><a href="#summary">back to summary</a></p><h3 id="m9">com.datadriven.zoho.project.testcases.LeadTest#convertLeadTest</h3><table class="result"><tr class="param"><th>Parameter #1</th></tr><tr class="param stripe"><td>{LeadLastName=Wilson, Runmode=Y, LeadCompany=Samsung, Browser=Mozilla}</td></tr></table><p class="totop"><a href="#summary">back to summary</a></p><h3 id="m10">com.datadriven.zoho.project.testcases.LeadTest#createLeadtest</h3><table class="result"><tr class="param"><th>Parameter #1</th></tr><tr class="param stripe"><td>{LeadLastName=Wilson, Runmode=Y, LeadCompany=Samsung, Browser=Mozilla}</td></tr></table><p class="totop"><a href="#summary">back to summary</a></p><h2>PotentialTest</h2><h3 id="m11">com.datadriven.zoho.project.testcases.PotentialTest#createPotentialTest</h3><table class="result"><tr class="param"><th>Parameter #1</th></tr><tr class="param stripe"><td>{PotentialName=Henry, Runmode=Y, AccountName=Ford Motors, ClosingDate=5/8/2016, Stage=Qualification, Browser=Mozilla}</td></tr></table><p class="totop"><a href="#summary">back to summary</a></p><h3 id="m12">com.datadriven.zoho.project.testcases.PotentialTest#deletePotentialAccountTest</h3><table class="result"></table><p class="totop"><a href="#summary">back to summary</a></p></body></html>