<?xml version="1.0" encoding="UTF-8"?>
<testng-results skipped="7" failed="1" total="13" passed="5">
  <reporter-output>
  </reporter-output>
  <suite name="SuiteName" duration-ms="196822" started-at="2017-03-06T13:28:39Z" finished-at="2017-03-06T13:31:56Z">
    <groups>
    </groups>
    <test name="LoginTest" duration-ms="22300" started-at="2017-03-06T13:28:39Z" finished-at="2017-03-06T13:29:01Z">
      <class name="com.datadriven.zoho.project.testcases.LoginTest">
        <test-method status="PASS" signature="init()[pri:0, instance:com.datadriven.zoho.project.testcases.LoginTest@528931cf]" name="init" is-config="true" duration-ms="6" started-at="2017-03-06T18:58:40Z" finished-at="2017-03-06T18:58:40Z">
          <reporter-output>
          </reporter-output>
        </test-method> <!-- init -->
        <test-method status="PASS" signature="doLoginTest(java.util.Hashtable)[pri:0, instance:com.datadriven.zoho.project.testcases.LoginTest@528931cf]" name="doLoginTest" duration-ms="20450" started-at="2017-03-06T18:58:40Z" data-provider="getData" finished-at="2017-03-06T18:59:00Z">
          <params>
            <param index="0">
              <value>
                <![CDATA[{Username=its.thakur@gmail.com, ExpectedResult=Y, Password=pass@1234, Runmode=Y, Browser=Mozilla}]]>
              </value>
            </param>
          </params>
          <reporter-output>
          </reporter-output>
        </test-method> <!-- doLoginTest -->
        <test-method status="PASS" signature="aftertest()[pri:0, instance:com.datadriven.zoho.project.testcases.LoginTest@528931cf]" name="aftertest" is-config="true" duration-ms="1079" started-at="2017-03-06T18:59:00Z" finished-at="2017-03-06T18:59:01Z">
          <reporter-output>
          </reporter-output>
        </test-method> <!-- aftertest -->
        <test-method status="PASS" signature="init()[pri:0, instance:com.datadriven.zoho.project.testcases.LoginTest@528931cf]" name="init" is-config="true" duration-ms="1" started-at="2017-03-06T18:59:01Z" finished-at="2017-03-06T18:59:01Z">
          <reporter-output>
          </reporter-output>
        </test-method> <!-- init -->
        <test-method status="SKIP" signature="doLoginTest(java.util.Hashtable)[pri:0, instance:com.datadriven.zoho.project.testcases.LoginTest@528931cf]" name="doLoginTest" duration-ms="78" started-at="2017-03-06T18:59:01Z" data-provider="getData" finished-at="2017-03-06T18:59:01Z">
          <params>
            <param index="0">
              <value>
                <![CDATA[{Username=its.thakur@gmail.com, ExpectedResult=Y, Password=xxxxx, Runmode=N, Browser=Chrome}]]>
              </value>
            </param>
          </params>
          <exception class="org.testng.SkipException">
            <message>
              <![CDATA[Skipping the test case as run mode is N]]>
            </message>
            <full-stacktrace>
              <![CDATA[org.testng.SkipException: Skipping the test case as run mode is N
	at com.datadriven.zoho.project.testcases.LoginTest.doLoginTest(LoginTest.java:33)
	at sun.reflect.NativeMethodAccessorImpl.invoke0(Native Method)
	at sun.reflect.NativeMethodAccessorImpl.invoke(NativeMethodAccessorImpl.java:62)
	at sun.reflect.DelegatingMethodAccessorImpl.invoke(DelegatingMethodAccessorImpl.java:43)
	at java.lang.reflect.Method.invoke(Method.java:498)
	at org.testng.internal.MethodInvocationHelper.invokeMethod(MethodInvocationHelper.java:85)
	at org.testng.internal.Invoker.invokeMethod(Invoker.java:639)
	at org.testng.internal.Invoker.invokeTestMethod(Invoker.java:816)
	at org.testng.internal.Invoker.invokeTestMethods(Invoker.java:1124)
	at org.testng.internal.TestMethodWorker.invokeTestMethods(TestMethodWorker.java:125)
	at org.testng.internal.TestMethodWorker.run(TestMethodWorker.java:108)
	at org.testng.TestRunner.privateRun(TestRunner.java:774)
	at org.testng.TestRunner.run(TestRunner.java:624)
	at org.testng.SuiteRunner.runTest(SuiteRunner.java:359)
	at org.testng.SuiteRunner.runSequentially(SuiteRunner.java:354)
	at org.testng.SuiteRunner.privateRun(SuiteRunner.java:312)
	at org.testng.SuiteRunner.run(SuiteRunner.java:261)
	at org.testng.SuiteRunnerWorker.runSuite(SuiteRunnerWorker.java:52)
	at org.testng.SuiteRunnerWorker.run(SuiteRunnerWorker.java:86)
	at org.testng.TestNG.runSuitesSequentially(TestNG.java:1215)
	at org.testng.TestNG.runSuitesLocally(TestNG.java:1140)
	at org.testng.TestNG.run(TestNG.java:1048)
	at org.testng.TestNG.privateMain(TestNG.java:1355)
	at org.testng.TestNG.main(TestNG.java:1324)
]]>
            </full-stacktrace>
          </exception> <!-- org.testng.SkipException -->
          <reporter-output>
          </reporter-output>
        </test-method> <!-- doLoginTest -->
        <test-method status="PASS" signature="aftertest()[pri:0, instance:com.datadriven.zoho.project.testcases.LoginTest@528931cf]" name="aftertest" is-config="true" duration-ms="67" started-at="2017-03-06T18:59:01Z" finished-at="2017-03-06T18:59:01Z">
          <reporter-output>
          </reporter-output>
        </test-method> <!-- aftertest -->
      </class> <!-- com.datadriven.zoho.project.testcases.LoginTest -->
    </test> <!-- LoginTest -->
    <test name="LeadTest" duration-ms="132482" started-at="2017-03-06T13:29:01Z" finished-at="2017-03-06T13:31:14Z">
      <class name="com.datadriven.zoho.project.testcases.LeadTest">
        <test-method status="PASS" signature="init()[pri:0, instance:com.datadriven.zoho.project.testcases.LeadTest@467aecef]" name="init" is-config="true" duration-ms="0" started-at="2017-03-06T18:59:01Z" finished-at="2017-03-06T18:59:01Z">
          <reporter-output>
          </reporter-output>
        </test-method> <!-- init -->
        <test-method status="PASS" signature="createLeadtest(java.util.Hashtable)[pri:1, instance:com.datadriven.zoho.project.testcases.LeadTest@467aecef]" name="createLeadtest" duration-ms="40286" started-at="2017-03-06T18:59:01Z" data-provider="getData" finished-at="2017-03-06T18:59:42Z">
          <params>
            <param index="0">
              <value>
                <![CDATA[{LeadLastName=Wilson, Runmode=Y, LeadCompany=Samsung, Browser=Mozilla}]]>
              </value>
            </param>
          </params>
          <reporter-output>
          </reporter-output>
        </test-method> <!-- createLeadtest -->
        <test-method status="PASS" signature="aftertest()[pri:0, instance:com.datadriven.zoho.project.testcases.LeadTest@467aecef]" name="aftertest" is-config="true" duration-ms="622" started-at="2017-03-06T18:59:42Z" finished-at="2017-03-06T18:59:42Z">
          <reporter-output>
          </reporter-output>
        </test-method> <!-- aftertest -->
        <test-method status="SKIP" signature="createLeadtest(java.util.Hashtable)[pri:1, instance:com.datadriven.zoho.project.testcases.LeadTest@467aecef]" name="createLeadtest" duration-ms="80" started-at="2017-03-06T18:59:42Z" data-provider="getData" finished-at="2017-03-06T18:59:42Z">
          <params>
            <param index="0">
              <value>
                <![CDATA[{LeadLastName=Sam, Runmode=N, LeadCompany=Sony, Browser=Mozilla}]]>
              </value>
            </param>
          </params>
          <exception class="org.testng.SkipException">
            <message>
              <![CDATA[Skipping the test case as run mode is N]]>
            </message>
            <full-stacktrace>
              <![CDATA[org.testng.SkipException: Skipping the test case as run mode is N
	at com.datadriven.zoho.project.testcases.LeadTest.createLeadtest(LeadTest.java:38)
	at sun.reflect.NativeMethodAccessorImpl.invoke0(Native Method)
	at sun.reflect.NativeMethodAccessorImpl.invoke(NativeMethodAccessorImpl.java:62)
	at sun.reflect.DelegatingMethodAccessorImpl.invoke(DelegatingMethodAccessorImpl.java:43)
	at java.lang.reflect.Method.invoke(Method.java:498)
	at org.testng.internal.MethodInvocationHelper.invokeMethod(MethodInvocationHelper.java:85)
	at org.testng.internal.Invoker.invokeMethod(Invoker.java:639)
	at org.testng.internal.Invoker.invokeTestMethod(Invoker.java:816)
	at org.testng.internal.Invoker.invokeTestMethods(Invoker.java:1124)
	at org.testng.internal.TestMethodWorker.invokeTestMethods(TestMethodWorker.java:125)
	at org.testng.internal.TestMethodWorker.run(TestMethodWorker.java:108)
	at org.testng.TestRunner.privateRun(TestRunner.java:774)
	at org.testng.TestRunner.run(TestRunner.java:624)
	at org.testng.SuiteRunner.runTest(SuiteRunner.java:359)
	at org.testng.SuiteRunner.runSequentially(SuiteRunner.java:354)
	at org.testng.SuiteRunner.privateRun(SuiteRunner.java:312)
	at org.testng.SuiteRunner.run(SuiteRunner.java:261)
	at org.testng.SuiteRunnerWorker.runSuite(SuiteRunnerWorker.java:52)
	at org.testng.SuiteRunnerWorker.run(SuiteRunnerWorker.java:86)
	at org.testng.TestNG.runSuitesSequentially(TestNG.java:1215)
	at org.testng.TestNG.runSuitesLocally(TestNG.java:1140)
	at org.testng.TestNG.run(TestNG.java:1048)
	at org.testng.TestNG.privateMain(TestNG.java:1355)
	at org.testng.TestNG.main(TestNG.java:1324)
]]>
            </full-stacktrace>
          </exception> <!-- org.testng.SkipException -->
          <reporter-output>
          </reporter-output>
        </test-method> <!-- createLeadtest -->
        <test-method status="PASS" signature="init()[pri:0, instance:com.datadriven.zoho.project.testcases.LeadTest@467aecef]" name="init" is-config="true" duration-ms="0" started-at="2017-03-06T18:59:42Z" finished-at="2017-03-06T18:59:42Z">
          <reporter-output>
          </reporter-output>
        </test-method> <!-- init -->
        <test-method status="PASS" signature="aftertest()[pri:0, instance:com.datadriven.zoho.project.testcases.LeadTest@467aecef]" name="aftertest" is-config="true" duration-ms="56" started-at="2017-03-06T18:59:42Z" finished-at="2017-03-06T18:59:43Z">
          <reporter-output>
          </reporter-output>
        </test-method> <!-- aftertest -->
        <test-method status="SKIP" signature="createLeadtest(java.util.Hashtable)[pri:1, instance:com.datadriven.zoho.project.testcases.LeadTest@467aecef]" name="createLeadtest" duration-ms="41" started-at="2017-03-06T18:59:43Z" data-provider="getData" finished-at="2017-03-06T18:59:43Z">
          <params>
            <param index="0">
              <value>
                <![CDATA[{LeadLastName=Watson, Runmode=N, LeadCompany=HP, Browser=Chrome}]]>
              </value>
            </param>
          </params>
          <exception class="org.testng.SkipException">
            <message>
              <![CDATA[Skipping the test case as run mode is N]]>
            </message>
            <full-stacktrace>
              <![CDATA[org.testng.SkipException: Skipping the test case as run mode is N
	at com.datadriven.zoho.project.testcases.LeadTest.createLeadtest(LeadTest.java:38)
	at sun.reflect.NativeMethodAccessorImpl.invoke0(Native Method)
	at sun.reflect.NativeMethodAccessorImpl.invoke(NativeMethodAccessorImpl.java:62)
	at sun.reflect.DelegatingMethodAccessorImpl.invoke(DelegatingMethodAccessorImpl.java:43)
	at java.lang.reflect.Method.invoke(Method.java:498)
	at org.testng.internal.MethodInvocationHelper.invokeMethod(MethodInvocationHelper.java:85)
	at org.testng.internal.Invoker.invokeMethod(Invoker.java:639)
	at org.testng.internal.Invoker.invokeTestMethod(Invoker.java:816)
	at org.testng.internal.Invoker.invokeTestMethods(Invoker.java:1124)
	at org.testng.internal.TestMethodWorker.invokeTestMethods(TestMethodWorker.java:125)
	at org.testng.internal.TestMethodWorker.run(TestMethodWorker.java:108)
	at org.testng.TestRunner.privateRun(TestRunner.java:774)
	at org.testng.TestRunner.run(TestRunner.java:624)
	at org.testng.SuiteRunner.runTest(SuiteRunner.java:359)
	at org.testng.SuiteRunner.runSequentially(SuiteRunner.java:354)
	at org.testng.SuiteRunner.privateRun(SuiteRunner.java:312)
	at org.testng.SuiteRunner.run(SuiteRunner.java:261)
	at org.testng.SuiteRunnerWorker.runSuite(SuiteRunnerWorker.java:52)
	at org.testng.SuiteRunnerWorker.run(SuiteRunnerWorker.java:86)
	at org.testng.TestNG.runSuitesSequentially(TestNG.java:1215)
	at org.testng.TestNG.runSuitesLocally(TestNG.java:1140)
	at org.testng.TestNG.run(TestNG.java:1048)
	at org.testng.TestNG.privateMain(TestNG.java:1355)
	at org.testng.TestNG.main(TestNG.java:1324)
]]>
            </full-stacktrace>
          </exception> <!-- org.testng.SkipException -->
          <reporter-output>
          </reporter-output>
        </test-method> <!-- createLeadtest -->
        <test-method status="PASS" signature="init()[pri:0, instance:com.datadriven.zoho.project.testcases.LeadTest@467aecef]" name="init" is-config="true" duration-ms="0" started-at="2017-03-06T18:59:43Z" finished-at="2017-03-06T18:59:43Z">
          <reporter-output>
          </reporter-output>
        </test-method> <!-- init -->
        <test-method status="PASS" signature="aftertest()[pri:0, instance:com.datadriven.zoho.project.testcases.LeadTest@467aecef]" name="aftertest" is-config="true" duration-ms="43" started-at="2017-03-06T18:59:43Z" finished-at="2017-03-06T18:59:43Z">
          <reporter-output>
          </reporter-output>
        </test-method> <!-- aftertest -->
        <test-method status="SKIP" signature="createLeadtest(java.util.Hashtable)[pri:1, instance:com.datadriven.zoho.project.testcases.LeadTest@467aecef]" name="createLeadtest" duration-ms="38" started-at="2017-03-06T18:59:43Z" data-provider="getData" finished-at="2017-03-06T18:59:43Z">
          <params>
            <param index="0">
              <value>
                <![CDATA[{LeadLastName=Sharma, Runmode=N, LeadCompany=Lenovo, Browser=Chrome}]]>
              </value>
            </param>
          </params>
          <exception class="org.testng.SkipException">
            <message>
              <![CDATA[Skipping the test case as run mode is N]]>
            </message>
            <full-stacktrace>
              <![CDATA[org.testng.SkipException: Skipping the test case as run mode is N
	at com.datadriven.zoho.project.testcases.LeadTest.createLeadtest(LeadTest.java:38)
	at sun.reflect.NativeMethodAccessorImpl.invoke0(Native Method)
	at sun.reflect.NativeMethodAccessorImpl.invoke(NativeMethodAccessorImpl.java:62)
	at sun.reflect.DelegatingMethodAccessorImpl.invoke(DelegatingMethodAccessorImpl.java:43)
	at java.lang.reflect.Method.invoke(Method.java:498)
	at org.testng.internal.MethodInvocationHelper.invokeMethod(MethodInvocationHelper.java:85)
	at org.testng.internal.Invoker.invokeMethod(Invoker.java:639)
	at org.testng.internal.Invoker.invokeTestMethod(Invoker.java:816)
	at org.testng.internal.Invoker.invokeTestMethods(Invoker.java:1124)
	at org.testng.internal.TestMethodWorker.invokeTestMethods(TestMethodWorker.java:125)
	at org.testng.internal.TestMethodWorker.run(TestMethodWorker.java:108)
	at org.testng.TestRunner.privateRun(TestRunner.java:774)
	at org.testng.TestRunner.run(TestRunner.java:624)
	at org.testng.SuiteRunner.runTest(SuiteRunner.java:359)
	at org.testng.SuiteRunner.runSequentially(SuiteRunner.java:354)
	at org.testng.SuiteRunner.privateRun(SuiteRunner.java:312)
	at org.testng.SuiteRunner.run(SuiteRunner.java:261)
	at org.testng.SuiteRunnerWorker.runSuite(SuiteRunnerWorker.java:52)
	at org.testng.SuiteRunnerWorker.run(SuiteRunnerWorker.java:86)
	at org.testng.TestNG.runSuitesSequentially(TestNG.java:1215)
	at org.testng.TestNG.runSuitesLocally(TestNG.java:1140)
	at org.testng.TestNG.run(TestNG.java:1048)
	at org.testng.TestNG.privateMain(TestNG.java:1355)
	at org.testng.TestNG.main(TestNG.java:1324)
]]>
            </full-stacktrace>
          </exception> <!-- org.testng.SkipException -->
          <reporter-output>
          </reporter-output>
        </test-method> <!-- createLeadtest -->
        <test-method status="PASS" signature="init()[pri:0, instance:com.datadriven.zoho.project.testcases.LeadTest@467aecef]" name="init" is-config="true" duration-ms="0" started-at="2017-03-06T18:59:43Z" finished-at="2017-03-06T18:59:43Z">
          <reporter-output>
          </reporter-output>
        </test-method> <!-- init -->
        <test-method status="PASS" signature="aftertest()[pri:0, instance:com.datadriven.zoho.project.testcases.LeadTest@467aecef]" name="aftertest" is-config="true" duration-ms="42" started-at="2017-03-06T18:59:43Z" finished-at="2017-03-06T18:59:43Z">
          <reporter-output>
          </reporter-output>
        </test-method> <!-- aftertest -->
        <test-method status="PASS" signature="convertLeadTest(java.util.Hashtable)[pri:2, instance:com.datadriven.zoho.project.testcases.LeadTest@467aecef]" name="convertLeadTest" duration-ms="36253" started-at="2017-03-06T18:59:43Z" data-provider="getData" finished-at="2017-03-06T19:00:19Z">
          <params>
            <param index="0">
              <value>
                <![CDATA[{LeadLastName=Wilson, Runmode=Y, LeadCompany=Samsung, Browser=Mozilla}]]>
              </value>
            </param>
          </params>
          <reporter-output>
          </reporter-output>
        </test-method> <!-- convertLeadTest -->
        <test-method status="PASS" signature="init()[pri:0, instance:com.datadriven.zoho.project.testcases.LeadTest@467aecef]" name="init" is-config="true" duration-ms="0" started-at="2017-03-06T18:59:43Z" finished-at="2017-03-06T18:59:43Z">
          <reporter-output>
          </reporter-output>
        </test-method> <!-- init -->
        <test-method status="PASS" signature="aftertest()[pri:0, instance:com.datadriven.zoho.project.testcases.LeadTest@467aecef]" name="aftertest" is-config="true" duration-ms="572" started-at="2017-03-06T19:00:19Z" finished-at="2017-03-06T19:00:20Z">
          <reporter-output>
          </reporter-output>
        </test-method> <!-- aftertest -->
        <test-method status="SKIP" signature="convertLeadTest(java.util.Hashtable)[pri:2, instance:com.datadriven.zoho.project.testcases.LeadTest@467aecef]" name="convertLeadTest" duration-ms="50" started-at="2017-03-06T19:00:20Z" data-provider="getData" finished-at="2017-03-06T19:00:20Z">
          <params>
            <param index="0">
              <value>
                <![CDATA[{LeadLastName=Sam, Runmode=N, LeadCompany=Sony, Browser=Mozilla}]]>
              </value>
            </param>
          </params>
          <exception class="org.testng.SkipException">
            <message>
              <![CDATA[Skipping the test case as run mode is N]]>
            </message>
            <full-stacktrace>
              <![CDATA[org.testng.SkipException: Skipping the test case as run mode is N
	at com.datadriven.zoho.project.testcases.LeadTest.convertLeadTest(LeadTest.java:79)
	at sun.reflect.NativeMethodAccessorImpl.invoke0(Native Method)
	at sun.reflect.NativeMethodAccessorImpl.invoke(NativeMethodAccessorImpl.java:62)
	at sun.reflect.DelegatingMethodAccessorImpl.invoke(DelegatingMethodAccessorImpl.java:43)
	at java.lang.reflect.Method.invoke(Method.java:498)
	at org.testng.internal.MethodInvocationHelper.invokeMethod(MethodInvocationHelper.java:85)
	at org.testng.internal.Invoker.invokeMethod(Invoker.java:639)
	at org.testng.internal.Invoker.invokeTestMethod(Invoker.java:816)
	at org.testng.internal.Invoker.invokeTestMethods(Invoker.java:1124)
	at org.testng.internal.TestMethodWorker.invokeTestMethods(TestMethodWorker.java:125)
	at org.testng.internal.TestMethodWorker.run(TestMethodWorker.java:108)
	at org.testng.TestRunner.privateRun(TestRunner.java:774)
	at org.testng.TestRunner.run(TestRunner.java:624)
	at org.testng.SuiteRunner.runTest(SuiteRunner.java:359)
	at org.testng.SuiteRunner.runSequentially(SuiteRunner.java:354)
	at org.testng.SuiteRunner.privateRun(SuiteRunner.java:312)
	at org.testng.SuiteRunner.run(SuiteRunner.java:261)
	at org.testng.SuiteRunnerWorker.runSuite(SuiteRunnerWorker.java:52)
	at org.testng.SuiteRunnerWorker.run(SuiteRunnerWorker.java:86)
	at org.testng.TestNG.runSuitesSequentially(TestNG.java:1215)
	at org.testng.TestNG.runSuitesLocally(TestNG.java:1140)
	at org.testng.TestNG.run(TestNG.java:1048)
	at org.testng.TestNG.privateMain(TestNG.java:1355)
	at org.testng.TestNG.main(TestNG.java:1324)
]]>
            </full-stacktrace>
          </exception> <!-- org.testng.SkipException -->
          <reporter-output>
          </reporter-output>
        </test-method> <!-- convertLeadTest -->
        <test-method status="PASS" signature="init()[pri:0, instance:com.datadriven.zoho.project.testcases.LeadTest@467aecef]" name="init" is-config="true" duration-ms="0" started-at="2017-03-06T19:00:20Z" finished-at="2017-03-06T19:00:20Z">
          <reporter-output>
          </reporter-output>
        </test-method> <!-- init -->
        <test-method status="PASS" signature="aftertest()[pri:0, instance:com.datadriven.zoho.project.testcases.LeadTest@467aecef]" name="aftertest" is-config="true" duration-ms="62" started-at="2017-03-06T19:00:20Z" finished-at="2017-03-06T19:00:20Z">
          <reporter-output>
          </reporter-output>
        </test-method> <!-- aftertest -->
        <test-method status="PASS" signature="init()[pri:0, instance:com.datadriven.zoho.project.testcases.LeadTest@467aecef]" name="init" is-config="true" duration-ms="0" started-at="2017-03-06T19:00:20Z" finished-at="2017-03-06T19:00:20Z">
          <reporter-output>
          </reporter-output>
        </test-method> <!-- init -->
        <test-method status="SKIP" signature="convertLeadTest(java.util.Hashtable)[pri:2, instance:com.datadriven.zoho.project.testcases.LeadTest@467aecef]" name="convertLeadTest" duration-ms="45" started-at="2017-03-06T19:00:20Z" data-provider="getData" finished-at="2017-03-06T19:00:20Z">
          <params>
            <param index="0">
              <value>
                <![CDATA[{LeadLastName=Watson, Runmode=N, LeadCompany=HP, Browser=Chrome}]]>
              </value>
            </param>
          </params>
          <exception class="org.testng.SkipException">
            <message>
              <![CDATA[Skipping the test case as run mode is N]]>
            </message>
            <full-stacktrace>
              <![CDATA[org.testng.SkipException: Skipping the test case as run mode is N
	at com.datadriven.zoho.project.testcases.LeadTest.convertLeadTest(LeadTest.java:79)
	at sun.reflect.NativeMethodAccessorImpl.invoke0(Native Method)
	at sun.reflect.NativeMethodAccessorImpl.invoke(NativeMethodAccessorImpl.java:62)
	at sun.reflect.DelegatingMethodAccessorImpl.invoke(DelegatingMethodAccessorImpl.java:43)
	at java.lang.reflect.Method.invoke(Method.java:498)
	at org.testng.internal.MethodInvocationHelper.invokeMethod(MethodInvocationHelper.java:85)
	at org.testng.internal.Invoker.invokeMethod(Invoker.java:639)
	at org.testng.internal.Invoker.invokeTestMethod(Invoker.java:816)
	at org.testng.internal.Invoker.invokeTestMethods(Invoker.java:1124)
	at org.testng.internal.TestMethodWorker.invokeTestMethods(TestMethodWorker.java:125)
	at org.testng.internal.TestMethodWorker.run(TestMethodWorker.java:108)
	at org.testng.TestRunner.privateRun(TestRunner.java:774)
	at org.testng.TestRunner.run(TestRunner.java:624)
	at org.testng.SuiteRunner.runTest(SuiteRunner.java:359)
	at org.testng.SuiteRunner.runSequentially(SuiteRunner.java:354)
	at org.testng.SuiteRunner.privateRun(SuiteRunner.java:312)
	at org.testng.SuiteRunner.run(SuiteRunner.java:261)
	at org.testng.SuiteRunnerWorker.runSuite(SuiteRunnerWorker.java:52)
	at org.testng.SuiteRunnerWorker.run(SuiteRunnerWorker.java:86)
	at org.testng.TestNG.runSuitesSequentially(TestNG.java:1215)
	at org.testng.TestNG.runSuitesLocally(TestNG.java:1140)
	at org.testng.TestNG.run(TestNG.java:1048)
	at org.testng.TestNG.privateMain(TestNG.java:1355)
	at org.testng.TestNG.main(TestNG.java:1324)
]]>
            </full-stacktrace>
          </exception> <!-- org.testng.SkipException -->
          <reporter-output>
          </reporter-output>
        </test-method> <!-- convertLeadTest -->
        <test-method status="PASS" signature="aftertest()[pri:0, instance:com.datadriven.zoho.project.testcases.LeadTest@467aecef]" name="aftertest" is-config="true" duration-ms="48" started-at="2017-03-06T19:00:20Z" finished-at="2017-03-06T19:00:20Z">
          <reporter-output>
          </reporter-output>
        </test-method> <!-- aftertest -->
        <test-method status="PASS" signature="init()[pri:0, instance:com.datadriven.zoho.project.testcases.LeadTest@467aecef]" name="init" is-config="true" duration-ms="1" started-at="2017-03-06T19:00:20Z" finished-at="2017-03-06T19:00:20Z">
          <reporter-output>
          </reporter-output>
        </test-method> <!-- init -->
        <test-method status="SKIP" signature="convertLeadTest(java.util.Hashtable)[pri:2, instance:com.datadriven.zoho.project.testcases.LeadTest@467aecef]" name="convertLeadTest" duration-ms="46" started-at="2017-03-06T19:00:20Z" data-provider="getData" finished-at="2017-03-06T19:00:20Z">
          <params>
            <param index="0">
              <value>
                <![CDATA[{LeadLastName=Sharma, Runmode=N, LeadCompany=Lenovo, Browser=Chrome}]]>
              </value>
            </param>
          </params>
          <exception class="org.testng.SkipException">
            <message>
              <![CDATA[Skipping the test case as run mode is N]]>
            </message>
            <full-stacktrace>
              <![CDATA[org.testng.SkipException: Skipping the test case as run mode is N
	at com.datadriven.zoho.project.testcases.LeadTest.convertLeadTest(LeadTest.java:79)
	at sun.reflect.NativeMethodAccessorImpl.invoke0(Native Method)
	at sun.reflect.NativeMethodAccessorImpl.invoke(NativeMethodAccessorImpl.java:62)
	at sun.reflect.DelegatingMethodAccessorImpl.invoke(DelegatingMethodAccessorImpl.java:43)
	at java.lang.reflect.Method.invoke(Method.java:498)
	at org.testng.internal.MethodInvocationHelper.invokeMethod(MethodInvocationHelper.java:85)
	at org.testng.internal.Invoker.invokeMethod(Invoker.java:639)
	at org.testng.internal.Invoker.invokeTestMethod(Invoker.java:816)
	at org.testng.internal.Invoker.invokeTestMethods(Invoker.java:1124)
	at org.testng.internal.TestMethodWorker.invokeTestMethods(TestMethodWorker.java:125)
	at org.testng.internal.TestMethodWorker.run(TestMethodWorker.java:108)
	at org.testng.TestRunner.privateRun(TestRunner.java:774)
	at org.testng.TestRunner.run(TestRunner.java:624)
	at org.testng.SuiteRunner.runTest(SuiteRunner.java:359)
	at org.testng.SuiteRunner.runSequentially(SuiteRunner.java:354)
	at org.testng.SuiteRunner.privateRun(SuiteRunner.java:312)
	at org.testng.SuiteRunner.run(SuiteRunner.java:261)
	at org.testng.SuiteRunnerWorker.runSuite(SuiteRunnerWorker.java:52)
	at org.testng.SuiteRunnerWorker.run(SuiteRunnerWorker.java:86)
	at org.testng.TestNG.runSuitesSequentially(TestNG.java:1215)
	at org.testng.TestNG.runSuitesLocally(TestNG.java:1140)
	at org.testng.TestNG.run(TestNG.java:1048)
	at org.testng.TestNG.privateMain(TestNG.java:1355)
	at org.testng.TestNG.main(TestNG.java:1324)
]]>
            </full-stacktrace>
          </exception> <!-- org.testng.SkipException -->
          <reporter-output>
          </reporter-output>
        </test-method> <!-- convertLeadTest -->
        <test-method status="PASS" signature="aftertest()[pri:0, instance:com.datadriven.zoho.project.testcases.LeadTest@467aecef]" name="aftertest" is-config="true" duration-ms="45" started-at="2017-03-06T19:00:20Z" finished-at="2017-03-06T19:00:20Z">
          <reporter-output>
          </reporter-output>
        </test-method> <!-- aftertest -->
        <test-method status="PASS" signature="init()[pri:0, instance:com.datadriven.zoho.project.testcases.LeadTest@467aecef]" name="init" is-config="true" duration-ms="0" started-at="2017-03-06T19:00:20Z" finished-at="2017-03-06T19:00:20Z">
          <reporter-output>
          </reporter-output>
        </test-method> <!-- init -->
        <test-method status="FAIL" signature="DeleteLeadAccountTest(java.util.Hashtable)[pri:3, instance:com.datadriven.zoho.project.testcases.LeadTest@467aecef]" name="DeleteLeadAccountTest" duration-ms="53389" started-at="2017-03-06T19:00:20Z" data-provider="deleteLeadData" finished-at="2017-03-06T19:01:13Z">
          <params>
            <param index="0">
              <value>
                <![CDATA[{LeadLastName=Chambers, Runmode=Y, LeadCompany=CISCO, Browser=Mozilla}]]>
              </value>
            </param>
          </params>
          <exception class="org.openqa.selenium.NoSuchElementException">
            <message>
              <![CDATA[Unable to locate element: {"method":"xpath","selector":"//tbody[@id='lvTred']/tr[-1]/td[4]"}
Command duration or timeout: 20.06 seconds
For documentation on this error, please visit: http://seleniumhq.org/exceptions/no_such_element.html
Build info: version: '2.52.0', revision: '4c2593c', time: '2016-02-11 19:06:42'
System info: host: 'USER', ip: '183.83.15.147', os.name: 'Windows 8.1', os.arch: 'amd64', os.version: '6.3', java.version: '1.8.0_121'
Driver info: org.openqa.selenium.firefox.FirefoxDriver
Capabilities [{applicationCacheEnabled=true, rotatable=false, handlesAlerts=true, databaseEnabled=true, version=37.0, platform=WINDOWS, nativeEvents=false, acceptSslCerts=true, webStorageEnabled=true, locationContextEnabled=true, browserName=firefox, takesScreenshot=true, javascriptEnabled=true, cssSelectorsEnabled=true}]
Session ID: c976dacd-f264-4ba7-add2-5cc6f68f077e
*** Element info: {Using=xpath, value=//tbody[@id='lvTred']/tr[-1]/td[4]}]]>
            </message>
            <full-stacktrace>
              <![CDATA[org.openqa.selenium.NoSuchElementException: Unable to locate element: {"method":"xpath","selector":"//tbody[@id='lvTred']/tr[-1]/td[4]"}
Command duration or timeout: 20.06 seconds
For documentation on this error, please visit: http://seleniumhq.org/exceptions/no_such_element.html
Build info: version: '2.52.0', revision: '4c2593c', time: '2016-02-11 19:06:42'
System info: host: 'USER', ip: '183.83.15.147', os.name: 'Windows 8.1', os.arch: 'amd64', os.version: '6.3', java.version: '1.8.0_121'
Driver info: org.openqa.selenium.firefox.FirefoxDriver
Capabilities [{applicationCacheEnabled=true, rotatable=false, handlesAlerts=true, databaseEnabled=true, version=37.0, platform=WINDOWS, nativeEvents=false, acceptSslCerts=true, webStorageEnabled=true, locationContextEnabled=true, browserName=firefox, takesScreenshot=true, javascriptEnabled=true, cssSelectorsEnabled=true}]
Session ID: c976dacd-f264-4ba7-add2-5cc6f68f077e
*** Element info: {Using=xpath, value=//tbody[@id='lvTred']/tr[-1]/td[4]}
	at sun.reflect.NativeConstructorAccessorImpl.newInstance0(Native Method)
	at sun.reflect.NativeConstructorAccessorImpl.newInstance(NativeConstructorAccessorImpl.java:62)
	at sun.reflect.DelegatingConstructorAccessorImpl.newInstance(DelegatingConstructorAccessorImpl.java:45)
	at java.lang.reflect.Constructor.newInstance(Constructor.java:423)
	at org.openqa.selenium.remote.ErrorHandler.createThrowable(ErrorHandler.java:206)
	at org.openqa.selenium.remote.ErrorHandler.throwIfResponseFailed(ErrorHandler.java:158)
	at org.openqa.selenium.remote.RemoteWebDriver.execute(RemoteWebDriver.java:678)
	at org.openqa.selenium.remote.RemoteWebDriver.findElement(RemoteWebDriver.java:363)
	at org.openqa.selenium.remote.RemoteWebDriver.findElementByXPath(RemoteWebDriver.java:500)
	at org.openqa.selenium.By$ByXPath.findElement(By.java:361)
	at org.openqa.selenium.remote.RemoteWebDriver.findElement(RemoteWebDriver.java:355)
	at com.datadriven.zoho.project.base.BaseTest.clickLeadname(BaseTest.java:332)
	at com.datadriven.zoho.project.testcases.LeadTest.DeleteLeadAccountTest(LeadTest.java:116)
	at sun.reflect.NativeMethodAccessorImpl.invoke0(Native Method)
	at sun.reflect.NativeMethodAccessorImpl.invoke(NativeMethodAccessorImpl.java:62)
	at sun.reflect.DelegatingMethodAccessorImpl.invoke(DelegatingMethodAccessorImpl.java:43)
	at java.lang.reflect.Method.invoke(Method.java:498)
	at org.testng.internal.MethodInvocationHelper.invokeMethod(MethodInvocationHelper.java:85)
	at org.testng.internal.Invoker.invokeMethod(Invoker.java:639)
	at org.testng.internal.Invoker.invokeTestMethod(Invoker.java:816)
	at org.testng.internal.Invoker.invokeTestMethods(Invoker.java:1124)
	at org.testng.internal.TestMethodWorker.invokeTestMethods(TestMethodWorker.java:125)
	at org.testng.internal.TestMethodWorker.run(TestMethodWorker.java:108)
	at org.testng.TestRunner.privateRun(TestRunner.java:774)
	at org.testng.TestRunner.run(TestRunner.java:624)
	at org.testng.SuiteRunner.runTest(SuiteRunner.java:359)
	at org.testng.SuiteRunner.runSequentially(SuiteRunner.java:354)
	at org.testng.SuiteRunner.privateRun(SuiteRunner.java:312)
	at org.testng.SuiteRunner.run(SuiteRunner.java:261)
	at org.testng.SuiteRunnerWorker.runSuite(SuiteRunnerWorker.java:52)
	at org.testng.SuiteRunnerWorker.run(SuiteRunnerWorker.java:86)
	at org.testng.TestNG.runSuitesSequentially(TestNG.java:1215)
	at org.testng.TestNG.runSuitesLocally(TestNG.java:1140)
	at org.testng.TestNG.run(TestNG.java:1048)
	at org.testng.TestNG.privateMain(TestNG.java:1355)
	at org.testng.TestNG.main(TestNG.java:1324)
Caused by: org.openqa.selenium.NoSuchElementException: Unable to locate element: {"method":"xpath","selector":"//tbody[@id='lvTred']/tr[-1]/td[4]"}
For documentation on this error, please visit: http://seleniumhq.org/exceptions/no_such_element.html
Build info: version: '2.52.0', revision: '4c2593c', time: '2016-02-11 19:06:42'
System info: host: 'USER', ip: '183.83.15.147', os.name: 'Windows 8.1', os.arch: 'amd64', os.version: '6.3', java.version: '1.8.0_121'
Driver info: driver.version: unknown
	at <anonymous class>.FirefoxDriver.prototype.findElementInternal_(file:///C:/Users/HP/AppData/Local/Temp/anonymous4254250616602548395webdriver-profile/extensions/fxdriver@googlecode.com/components/driver-component.js:10723)
	at <anonymous class>.fxdriver.Timer.prototype.setTimeout/<.notify(file:///C:/Users/HP/AppData/Local/Temp/anonymous4254250616602548395webdriver-profile/extensions/fxdriver@googlecode.com/components/driver-component.js:623)
]]>
            </full-stacktrace>
          </exception> <!-- org.openqa.selenium.NoSuchElementException -->
          <reporter-output>
          </reporter-output>
        </test-method> <!-- DeleteLeadAccountTest -->
        <test-method status="PASS" signature="aftertest()[pri:0, instance:com.datadriven.zoho.project.testcases.LeadTest@467aecef]" name="aftertest" is-config="true" duration-ms="603" started-at="2017-03-06T19:01:13Z" finished-at="2017-03-06T19:01:14Z">
          <reporter-output>
          </reporter-output>
        </test-method> <!-- aftertest -->
      </class> <!-- com.datadriven.zoho.project.testcases.LeadTest -->
    </test> <!-- LeadTest -->
    <test name="PotentialTest" duration-ms="41989" started-at="2017-03-06T13:31:14Z" finished-at="2017-03-06T13:31:56Z">
      <class name="com.datadriven.zoho.project.testcases.PotentialTest">
        <test-method status="PASS" signature="createPotentialTest(java.util.Hashtable)[pri:1, instance:com.datadriven.zoho.project.testcases.PotentialTest@51e2adc7]" name="createPotentialTest" duration-ms="41808" started-at="2017-03-06T19:01:14Z" data-provider="getData" finished-at="2017-03-06T19:01:56Z">
          <params>
            <param index="0">
              <value>
                <![CDATA[{PotentialName=Henry, Runmode=Y, AccountName=Ford Motors, ClosingDate=5/8/2016, Stage=Qualification, Browser=Mozilla}]]>
              </value>
            </param>
          </params>
          <reporter-output>
          </reporter-output>
        </test-method> <!-- createPotentialTest -->
        <test-method status="PASS" signature="init()[pri:0, instance:com.datadriven.zoho.project.testcases.PotentialTest@51e2adc7]" name="init" is-config="true" duration-ms="0" started-at="2017-03-06T19:01:14Z" finished-at="2017-03-06T19:01:14Z">
          <reporter-output>
          </reporter-output>
        </test-method> <!-- init -->
        <test-method status="PASS" signature="aftertest()[pri:0, instance:com.datadriven.zoho.project.testcases.PotentialTest@51e2adc7]" name="aftertest" is-config="true" duration-ms="42" started-at="2017-03-06T19:01:56Z" finished-at="2017-03-06T19:01:56Z">
          <reporter-output>
          </reporter-output>
        </test-method> <!-- aftertest -->
        <test-method status="PASS" signature="init()[pri:0, instance:com.datadriven.zoho.project.testcases.PotentialTest@51e2adc7]" name="init" is-config="true" duration-ms="1" started-at="2017-03-06T19:01:56Z" finished-at="2017-03-06T19:01:56Z">
          <reporter-output>
          </reporter-output>
        </test-method> <!-- init -->
        <test-method status="PASS" signature="deletePotentialAccountTest()[pri:2, instance:com.datadriven.zoho.project.testcases.PotentialTest@51e2adc7]" name="deletePotentialAccountTest" duration-ms="0" started-at="2017-03-06T19:01:56Z" depends-on-methods="com.datadriven.zoho.project.testcases.PotentialTest.createPotentialTest" finished-at="2017-03-06T19:01:56Z">
          <reporter-output>
          </reporter-output>
        </test-method> <!-- deletePotentialAccountTest -->
        <test-method status="PASS" signature="aftertest()[pri:0, instance:com.datadriven.zoho.project.testcases.PotentialTest@51e2adc7]" name="aftertest" is-config="true" duration-ms="53" started-at="2017-03-06T19:01:56Z" finished-at="2017-03-06T19:01:56Z">
          <reporter-output>
          </reporter-output>
        </test-method> <!-- aftertest -->
      </class> <!-- com.datadriven.zoho.project.testcases.PotentialTest -->
    </test> <!-- PotentialTest -->
  </suite> <!-- SuiteName -->
</testng-results>
