<?xml version="1.0" encoding="UTF-8"?>
<!-- Generated by org.testng.reporters.JUnitXMLReporter -->
<testsuite hostname="USER" name="LeadTest" tests="9" failures="1" timestamp="6 Mar 2017 13:31:14 GMT" time="132.482" errors="0">
  <testcase name="createLeadtest" time="40.286" classname="com.datadriven.zoho.project.testcases.LeadTest"/>
  <testcase name="createLeadtest" time="0.08" classname="com.datadriven.zoho.project.testcases.LeadTest">
    <skipped/>
  </testcase> <!-- createLeadtest -->
  <testcase name="createLeadtest" time="0.041" classname="com.datadriven.zoho.project.testcases.LeadTest">
    <skipped/>
  </testcase> <!-- createLeadtest -->
  <testcase name="createLeadtest" time="0.038" classname="com.datadriven.zoho.project.testcases.LeadTest">
    <skipped/>
  </testcase> <!-- createLeadtest -->
  <testcase name="convertLeadTest" time="36.253" classname="com.datadriven.zoho.project.testcases.LeadTest"/>
  <testcase name="convertLeadTest" time="0.05" classname="com.datadriven.zoho.project.testcases.LeadTest">
    <skipped/>
  </testcase> <!-- convertLeadTest -->
  <testcase name="convertLeadTest" time="0.045" classname="com.datadriven.zoho.project.testcases.LeadTest">
    <skipped/>
  </testcase> <!-- convertLeadTest -->
  <testcase name="convertLeadTest" time="0.046" classname="com.datadriven.zoho.project.testcases.LeadTest">
    <skipped/>
  </testcase> <!-- convertLeadTest -->
  <testcase name="DeleteLeadAccountTest" time="53.389" classname="com.datadriven.zoho.project.testcases.LeadTest">
    <failure type="org.openqa.selenium.NoSuchElementException" message="Unable to locate element: {&amp;quot;method&amp;quot;:&amp;quot;xpath&amp;quot;,&amp;quot;selector&amp;quot;:&amp;quot;//tbody[@id=&amp;apos;lvTred&amp;apos;]/tr[-1]/td[4]&amp;quot;}
Command duration or timeout: 20.06 seconds
For documentation on this error, please visit: http://seleniumhq.org/exceptions/no_such_element.html
Build info: version: &amp;apos;2.52.0&amp;apos;, revision: &amp;apos;4c2593c&amp;apos;, time: &amp;apos;2016-02-11 19:06:42&amp;apos;
System info: host: &amp;apos;USER&amp;apos;, ip: &amp;apos;183.83.15.147&amp;apos;, os.name: &amp;apos;Windows 8.1&amp;apos;, os.arch: &amp;apos;amd64&amp;apos;, os.version: &amp;apos;6.3&amp;apos;, java.version: &amp;apos;1.8.0_121&amp;apos;
Driver info: org.openqa.selenium.firefox.FirefoxDriver
Capabilities [{applicationCacheEnabled=true, rotatable=false, handlesAlerts=true, databaseEnabled=true, version=37.0, platform=WINDOWS, nativeEvents=false, acceptSslCerts=true, webStorageEnabled=true, locationContextEnabled=true, browserName=firefox, takesScreenshot=true, javascriptEnabled=true, cssSelectorsEnabled=true}]
Session ID: c976dacd-f264-4ba7-add2-5cc6f68f077e
*** Element info: {Using=xpath, value=//tbody[@id=&amp;apos;lvTred&amp;apos;]/tr[-1]/td[4]}">
      <![CDATA[org.openqa.selenium.NoSuchElementException: Unable to locate element: {"method":"xpath","selector":"//tbody[@id='lvTred']/tr[-1]/td[4]"}
Command duration or timeout: 20.06 seconds
For documentation on this error, please visit: http://seleniumhq.org/exceptions/no_such_element.html
Build info: version: '2.52.0', revision: '4c2593c', time: '2016-02-11 19:06:42'
System info: host: 'USER', ip: '183.83.15.147', os.name: 'Windows 8.1', os.arch: 'amd64', os.version: '6.3', java.version: '1.8.0_121'
Driver info: org.openqa.selenium.firefox.FirefoxDriver
Capabilities [{applicationCacheEnabled=true, rotatable=false, handlesAlerts=true, databaseEnabled=true, version=37.0, platform=WINDOWS, nativeEvents=false, acceptSslCerts=true, webStorageEnabled=true, locationContextEnabled=true, browserName=firefox, takesScreenshot=true, javascriptEnabled=true, cssSelectorsEnabled=true}]
Session ID: c976dacd-f264-4ba7-add2-5cc6f68f077e
*** Element info: {Using=xpath, value=//tbody[@id='lvTred']/tr[-1]/td[4]}
	at org.openqa.selenium.remote.ErrorHandler.createThrowable(ErrorHandler.java:206)
	at org.openqa.selenium.remote.ErrorHandler.throwIfResponseFailed(ErrorHandler.java:158)
	at org.openqa.selenium.remote.RemoteWebDriver.execute(RemoteWebDriver.java:678)
	at org.openqa.selenium.remote.RemoteWebDriver.findElement(RemoteWebDriver.java:363)
	at org.openqa.selenium.remote.RemoteWebDriver.findElementByXPath(RemoteWebDriver.java:500)
	at org.openqa.selenium.By$ByXPath.findElement(By.java:361)
	at org.openqa.selenium.remote.RemoteWebDriver.findElement(RemoteWebDriver.java:355)
	at com.datadriven.zoho.project.base.BaseTest.clickLeadname(BaseTest.java:332)
	at com.datadriven.zoho.project.testcases.LeadTest.DeleteLeadAccountTest(LeadTest.java:116)
Caused by: org.openqa.selenium.NoSuchElementException: Unable to locate element: {"method":"xpath","selector":"//tbody[@id='lvTred']/tr[-1]/td[4]"}
For documentation on this error, please visit: http://seleniumhq.org/exceptions/no_such_element.html
Build info: version: '2.52.0', revision: '4c2593c', time: '2016-02-11 19:06:42'
System info: host: 'USER', ip: '183.83.15.147', os.name: 'Windows 8.1', os.arch: 'amd64', os.version: '6.3', java.version: '1.8.0_121'
Driver info: driver.version: unknown
	at <anonymous class>.FirefoxDriver.prototype.findElementInternal_(file:///C:/Users/HP/AppData/Local/Temp/anonymous4254250616602548395webdriver-profile/extensions/fxdriver@googlecode.com/components/driver-component.js:10723)
	at <anonymous class>.fxdriver.Timer.prototype.setTimeout/<.notify(file:///C:/Users/HP/AppData/Local/Temp/anonymous4254250616602548395webdriver-profile/extensions/fxdriver@googlecode.com/components/driver-component.js:623)
... Removed 27 stack frames]]>
    </failure>
  </testcase> <!-- DeleteLeadAccountTest -->
</testsuite> <!-- LeadTest -->
